Log file open, 12/10/19 22:32:39
LogWindows: Failed to load 'aqProf.dll' (GetLastError=126)
LogWindows: File 'aqProf.dll' does not exist
LogWindows: Failed to load 'VtuneApi.dll' (GetLastError=126)
LogWindows: File 'VtuneApi.dll' does not exist
LogWindows: Failed to load 'VtuneApi32e.dll' (GetLastError=126)
LogWindows: File 'VtuneApi32e.dll' does not exist
LogConsoleResponse: Display: Failed to find resolution value strings in scalability ini. Falling back to default.
LogInit: Display: Running engine for game: CKUE4
LogPakFile: Registered encryption key '00000000000000000000000000000000': 0 pak files mounted, 0 remain pending
LogPlatformFile: Not using cached read wrapper
LogTaskGraph: Started task graph with 5 named threads and 23 total threads with 3 sets of task threads.
LogStats: Stats thread started at 0.305061
LogD3D11RHI: Loaded GFSDK_Aftermath_Lib.x64.dll
LogICUInternationalization: ICU TimeZone Detection - Raw Offset: +9:00, Platform Override: ''
LogPluginManager: Mounting plugin Paper2D
LogPluginManager: Mounting plugin AISupport
LogPluginManager: Mounting plugin LightPropagationVolume
LogPluginManager: Mounting plugin ActorLayerUtilities
LogPluginManager: Mounting plugin AnimationSharing
LogPluginManager: Mounting plugin CLionSourceCodeAccess
LogPluginManager: Mounting plugin CodeLiteSourceCodeAccess
LogPluginManager: Mounting plugin GitSourceControl
LogPluginManager: Mounting plugin KDevelopSourceCodeAccess
LogPluginManager: Mounting plugin NullSourceCodeAccess
LogPluginManager: Mounting plugin PerforceSourceControl
LogPluginManager: Mounting plugin SubversionSourceControl
LogPluginManager: Mounting plugin UObjectPlugin
LogPluginManager: Mounting plugin VisualStudioCodeSourceCodeAccess
LogPluginManager: Mounting plugin VisualStudioSourceCodeAccess
LogPluginManager: Mounting plugin XCodeSourceCodeAccess
LogPluginManager: Mounting plugin AssetManagerEditor
LogPluginManager: Mounting plugin CryptoKeys
LogPluginManager: Mounting plugin DataValidation
LogPluginManager: Mounting plugin FacialAnimation
LogPluginManager: Mounting plugin GameplayTagsEditor
LogPluginManager: Mounting plugin MacGraphicsSwitching
LogPluginManager: Mounting plugin MaterialAnalyzer
LogPluginManager: Mounting plugin MobileLauncherProfileWizard
LogPluginManager: Mounting plugin PluginBrowser
LogPluginManager: Mounting plugin SpeedTreeImporter
LogPluginManager: Mounting plugin DatasmithContent
LogPluginManager: Mounting plugin VariantManagerContent
LogPluginManager: Mounting plugin AlembicImporter
LogPluginManager: Mounting plugin AppleImageUtils
LogPluginManager: Mounting plugin AppleVision
LogPluginManager: Mounting plugin BackChannel
LogPluginManager: Mounting plugin CharacterAI
LogPluginManager: Mounting plugin GeometryCache
LogPluginManager: Mounting plugin HTML5Networking
LogPluginManager: Mounting plugin ProxyLODPlugin
LogPluginManager: Mounting plugin SkeletalReduction
LogPluginManager: Mounting plugin MagicLeap
LogPluginManager: Mounting plugin MagicLeapMedia
LogPluginManager: Mounting plugin AndroidMedia
LogPluginManager: Mounting plugin AvfMedia
LogPluginManager: Mounting plugin ImgMedia
LogPluginManager: Mounting plugin LinearTimecode
LogPluginManager: Mounting plugin MediaCompositing
LogPluginManager: Mounting plugin MediaPlayerEditor
LogPluginManager: Mounting plugin WebMMedia
LogPluginManager: Mounting plugin WmfMedia
LogPluginManager: Mounting plugin TcpMessaging
LogPluginManager: Mounting plugin UdpMessaging
LogPluginManager: Mounting plugin ActorSequence
LogPluginManager: Mounting plugin LevelSequenceEditor
LogPluginManager: Mounting plugin MatineeToLevelSequence
LogPluginManager: Mounting plugin NetcodeUnitTest
LogPluginManager: Mounting plugin NUTUnrealEngine4
LogPluginManager: Mounting plugin OnlineSubsystemGooglePlay
LogPluginManager: Mounting plugin OnlineSubsystemIOS
LogPluginManager: Mounting plugin OnlineSubsystem
LogPluginManager: Mounting plugin OnlineSubsystemNull
LogPluginManager: Mounting plugin OnlineSubsystemUtils
LogPluginManager: Mounting plugin LauncherChunkInstaller
LogPluginManager: Mounting plugin AndroidDeviceProfileSelector
LogPluginManager: Mounting plugin AndroidMoviePlayer
LogPluginManager: Mounting plugin AndroidPermission
LogPluginManager: Mounting plugin AppleMoviePlayer
LogPluginManager: Mounting plugin ArchVisCharacter
LogPluginManager: Mounting plugin AudioCapture
LogPluginManager: Mounting plugin CableComponent
LogPluginManager: Mounting plugin CustomMeshComponent
LogPluginManager: Mounting plugin EditableMesh
LogPluginManager: Mounting plugin ExampleDeviceProfileSelector
LogPluginManager: Mounting plugin Firebase
LogPluginManager: Mounting plugin GoogleCloudMessaging
LogPluginManager: Mounting plugin IOSDeviceProfileSelector
LogPluginManager: Mounting plugin LinuxDeviceProfileSelector
LogPluginManager: Mounting plugin LocationServicesBPLibrary
LogPluginManager: Mounting plugin MobilePatchingUtils
LogPluginManager: Mounting plugin OculusVR
LogPluginManager: Mounting plugin PhysXVehicles
LogPluginManager: Mounting plugin ProceduralMeshComponent
LogPluginManager: Mounting plugin RuntimePhysXCooking
LogPluginManager: Mounting plugin SignificanceManager
LogPluginManager: Mounting plugin SteamVR
LogPluginManager: Mounting plugin WebMMoviePlayer
LogPluginManager: Mounting plugin WindowsMoviePlayer
LogInit: Using libcurl 7.55.1-DEV
LogInit:  - built for x86_64-pc-win32
LogInit:  - supports SSL with OpenSSL/1.1.1
LogInit:  - supports HTTP deflate (compression) using libz 1.2.8
LogInit:  - other features:
LogInit:      CURL_VERSION_SSL
LogInit:      CURL_VERSION_LIBZ
LogInit:      CURL_VERSION_IPV6
LogInit:      CURL_VERSION_ASYNCHDNS
LogInit:      CURL_VERSION_LARGEFILE
LogInit:      CURL_VERSION_IDN
LogInit:  CurlRequestOptions (configurable via config and command line):
LogInit:  - bVerifyPeer = true  - Libcurl will verify peer certificate
LogInit:  - bUseHttpProxy = false  - Libcurl will NOT use HTTP proxy
LogInit:  - bDontReuseConnections = false  - Libcurl will reuse connections
LogInit:  - MaxHostConnections = 16  - Libcurl will limit the number of connections to a host
LogInit:  - LocalHostAddr = Default
LogInit:  - BufferSize = 65536
LogInit: WinSock: version 1.1 (2.2), MaxSocks=32767, MaxUdp=65467
LogInit: Build: ++UE4+Release-4.22-CL-7053642
LogInit: Engine Version: 4.22.3-7053642+++UE4+Release-4.22
LogInit: Compatible Engine Version: 4.22.0-5660361+++UE4+Release-4.22
LogInit: Net CL: 5660361
LogInit: OS: Windows 10 (Release 1903) (), CPU: Intel(R) Core(TM) i7-6700 CPU @ 3.40GHz, GPU: NVIDIA GeForce GTX 960
LogInit: Compiled (64-bit): Jun 18 2019 03:09:11
LogInit: Compiled with Visual C++: 19.16.27025.01
LogInit: Build Configuration: Development
LogInit: Branch Name: ++UE4+Release-4.22
LogInit: Command Line: 
LogInit: Base Directory: D:/Epic Games/UE_4.22/Engine/Binaries/Win64/
LogInit: Installed Engine Build: 1
LogDevObjectVersion: Number of dev versions registered: 23
LogDevObjectVersion:   Dev-Blueprints (B0D832E4-1F89-4F0D-ACCF-7EB736FD4AA2): 10
LogDevObjectVersion:   Dev-Build (E1C64328-A22C-4D53-A36C-8E866417BD8C): 0
LogDevObjectVersion:   Dev-Core (375EC13C-06E4-48FB-B500-84F0262A717E): 3
LogDevObjectVersion:   Dev-Editor (E4B068ED-F494-42E9-A231-DA0B2E46BB41): 30
LogDevObjectVersion:   Dev-Framework (CFFC743F-43B0-4480-9391-14DF171D2073): 35
LogDevObjectVersion:   Dev-Mobile (B02B49B5-BB20-44E9-A304-32B752E40360): 2
LogDevObjectVersion:   Dev-Networking (A4E4105C-59A1-49B5-A7C5-40C4547EDFEE): 0
LogDevObjectVersion:   Dev-Online (39C831C9-5AE6-47DC-9A44-9C173E1C8E7C): 0
LogDevObjectVersion:   Dev-Physics (78F01B33-EBEA-4F98-B9B4-84EACCB95AA2): 0
LogDevObjectVersion:   Dev-Platform (6631380F-2D4D-43E0-8009-CF276956A95A): 0
LogDevObjectVersion:   Dev-Rendering (12F88B9F-8875-4AFC-A67C-D90C383ABD29): 28
LogDevObjectVersion:   Dev-Sequencer (7B5AE74C-D270-4C10-A958-57980B212A5A): 11
LogDevObjectVersion:   Dev-VR (D7296918-1DD6-4BDD-9DE2-64A83CC13884): 2
LogDevObjectVersion:   Dev-LoadTimes (C2A15278-BFE7-4AFE-6C17-90FF531DF755): 1
LogDevObjectVersion:   Private-Geometry (6EACA3D4-40EC-4CC1-B786-8BED09428FC5): 3
LogDevObjectVersion:   Dev-AnimPhys (29E575DD-E0A3-4627-9D10-D276232CDCEA): 17
LogDevObjectVersion:   Dev-Anim (AF43A65D-7FD3-4947-9873-3E8ED9C1BB05): 2
LogDevObjectVersion:   Dev-ReflectionCapture (6B266CEC-1EC7-4B8F-A30B-E4D90942FC07): 1
LogDevObjectVersion:   Dev-Automation (0DF73D61-A23F-47EA-B727-89E90C41499A): 1
LogDevObjectVersion:   FortniteMain (601D1886-AC64-4F84-AA16-D3DE0DEAC7D6): 25
LogDevObjectVersion:   Dev-Enterprise (9DFFBCD6-494F-0158-E221-12823C92A888): 6
LogDevObjectVersion:   Dev-Niagara (F2AED0AC-9AFE-416F-8664-AA7FFA26D6FC): 1
LogDevObjectVersion:   Dev-Destruction (174F1F0B-B4C6-45A5-B13F-2EE8D0FB917D): 2
LogInit: Presizing for max 16777216 objects, including 0 objects not considered by GC, pre-allocating 0 bytes for permanent pool.
LogInit: Object subsystem initialized
LogConfig: Setting CVar [[con.DebugEarlyDefault:1]]
LogConfig: Setting CVar [[r.setres:1280x720]]
[2019.12.10-13.32.39:589][  0]LogConfig: Setting CVar [[r.VSync:0]]
[2019.12.10-13.32.39:589][  0]LogConfig: Setting CVar [[r.RHICmdBypass:0]]
[2019.12.10-13.32.39:589][  0]LogConfig: Applying CVar settings from Section [/Script/Engine.RendererSettings] File [D:/UnrealEngine/CKUnrealProject/CKUE4/Saved/Config/Windows/Engine.ini]
[2019.12.10-13.32.39:589][  0]LogConfig: Setting CVar [[r.GPUCrashDebugging:0]]
[2019.12.10-13.32.39:589][  0]LogConfig: Setting CVar [[r.DefaultFeature.AutoExposure.ExtendDefaultLuminanceRange:1]]
[2019.12.10-13.32.39:589][  0]LogConfig: Applying CVar settings from Section [/Script/Engine.RendererOverrideSettings] File [D:/UnrealEngine/CKUnrealProject/CKUE4/Saved/Config/Windows/Engine.ini]
[2019.12.10-13.32.39:589][  0]LogConfig: Applying CVar settings from Section [/Script/Engine.StreamingSettings] File [D:/UnrealEngine/CKUnrealProject/CKUE4/Saved/Config/Windows/Engine.ini]
[2019.12.10-13.32.39:589][  0]LogConfig: Setting CVar [[s.MinBulkDataSizeForAsyncLoading:131072]]
[2019.12.10-13.32.39:589][  0]LogConfig: Setting CVar [[s.AsyncLoadingThreadEnabled:0]]
[2019.12.10-13.32.39:589][  0]LogConfig: Setting CVar [[s.EventDrivenLoaderEnabled:1]]
[2019.12.10-13.32.39:589][  0]LogConfig: Setting CVar [[s.WarnIfTimeLimitExceeded:0]]
[2019.12.10-13.32.39:589][  0]LogConfig: Setting CVar [[s.TimeLimitExceededMultiplier:1.5]]
[2019.12.10-13.32.39:589][  0]LogConfig: Setting CVar [[s.TimeLimitExceededMinTime:0.005]]
[2019.12.10-13.32.39:589][  0]LogConfig: Setting CVar [[s.UseBackgroundLevelStreaming:1]]
[2019.12.10-13.32.39:589][  0]LogConfig: Setting CVar [[s.PriorityAsyncLoadingExtraTime:15.0]]
[2019.12.10-13.32.39:589][  0]LogConfig: Setting CVar [[s.LevelStreamingActorsUpdateTimeLimit:5.0]]
[2019.12.10-13.32.39:589][  0]LogConfig: Setting CVar [[s.PriorityLevelStreamingActorsUpdateExtraTime:5.0]]
[2019.12.10-13.32.39:589][  0]LogConfig: Setting CVar [[s.LevelStreamingComponentsRegistrationGranularity:10]]
[2019.12.10-13.32.39:589][  0]LogConfig: Setting CVar [[s.UnregisterComponentsTimeLimit:1.0]]
[2019.12.10-13.32.39:589][  0]LogConfig: Setting CVar [[s.LevelStreamingComponentsUnregistrationGranularity:5]]
[2019.12.10-13.32.39:589][  0]LogConfig: Applying CVar settings from Section [/Script/Engine.GarbageCollectionSettings] File [D:/UnrealEngine/CKUnrealProject/CKUE4/Saved/Config/Windows/Engine.ini]
[2019.12.10-13.32.39:589][  0]LogConfig: Setting CVar [[gc.MaxObjectsNotConsideredByGC:1]]
[2019.12.10-13.32.39:589][  0]LogConfig: Setting CVar [[gc.SizeOfPermanentObjectPool:0]]
[2019.12.10-13.32.39:589][  0]LogConfig: Setting CVar [[gc.FlushStreamingOnGC:0]]
[2019.12.10-13.32.39:589][  0]LogConfig: Setting CVar [[gc.NumRetriesBeforeForcingGC:10]]
[2019.12.10-13.32.39:589][  0]LogConfig: Setting CVar [[gc.AllowParallelGC:1]]
[2019.12.10-13.32.39:589][  0]LogConfig: Setting CVar [[gc.TimeBetweenPurgingPendingKillObjects:61.1]]
[2019.12.10-13.32.39:589][  0]LogConfig: Setting CVar [[gc.MaxObjectsInEditor:16777216]]
[2019.12.10-13.32.39:589][  0]LogConfig: Setting CVar [[gc.IncrementalBeginDestroyEnabled:1]]
[2019.12.10-13.32.39:589][  0]LogConfig: Setting CVar [[gc.CreateGCClusters:1]]
[2019.12.10-13.32.39:589][  0]LogConfig: Setting CVar [[gc.MinGCClusterSize:5]]
[2019.12.10-13.32.39:589][  0]LogConfig: Setting CVar [[gc.ActorClusteringEnabled:0]]
[2019.12.10-13.32.39:589][  0]LogConfig: Setting CVar [[gc.BlueprintClusteringEnabled:0]]
[2019.12.10-13.32.39:589][  0]LogConfig: Setting CVar [[gc.UseDisregardForGCOnDedicatedServers:0]]
[2019.12.10-13.32.39:589][  0]LogConfig: Applying CVar settings from Section [/Script/Engine.NetworkSettings] File [D:/UnrealEngine/CKUnrealProject/CKUE4/Saved/Config/Windows/Engine.ini]
[2019.12.10-13.32.39:589][  0]LogConfig: Applying CVar settings from Section [/Script/UnrealEd.CookerSettings] File [D:/UnrealEngine/CKUnrealProject/CKUE4/Saved/Config/Windows/Engine.ini]
[2019.12.10-13.32.39:606][  0]LogConfig: Applying CVar settings from Section [ViewDistanceQuality@3] File [D:/UnrealEngine/CKUnrealProject/CKUE4/Saved/Config/Windows/Scalability.ini]
[2019.12.10-13.32.39:606][  0]LogConfig: Setting CVar [[r.SkeletalMeshLODBias:0]]
[2019.12.10-13.32.39:606][  0]LogConfig: Setting CVar [[r.ViewDistanceScale:1.0]]
[2019.12.10-13.32.39:606][  0]LogConfig: Applying CVar settings from Section [AntiAliasingQuality@3] File [D:/UnrealEngine/CKUnrealProject/CKUE4/Saved/Config/Windows/Scalability.ini]
[2019.12.10-13.32.39:606][  0]LogConfig: Setting CVar [[r.PostProcessAAQuality:4]]
[2019.12.10-13.32.39:606][  0]LogConfig: Applying CVar settings from Section [ShadowQuality@3] File [D:/UnrealEngine/CKUnrealProject/CKUE4/Saved/Config/Windows/Scalability.ini]
[2019.12.10-13.32.39:606][  0]LogConfig: Setting CVar [[r.LightFunctionQuality:1]]
[2019.12.10-13.32.39:606][  0]LogConfig: Setting CVar [[r.ShadowQuality:5]]
[2019.12.10-13.32.39:606][  0]LogConfig: Setting CVar [[r.Shadow.CSM.MaxCascades:10]]
[2019.12.10-13.32.39:606][  0]LogConfig: Setting CVar [[r.Shadow.MaxResolution:2048]]
[2019.12.10-13.32.39:607][  0]LogConfig: Setting CVar [[r.Shadow.MaxCSMResolution:2048]]
[2019.12.10-13.32.39:607][  0]LogConfig: Setting CVar [[r.Shadow.RadiusThreshold:0.01]]
[2019.12.10-13.32.39:607][  0]LogConfig: Setting CVar [[r.Shadow.DistanceScale:1.0]]
[2019.12.10-13.32.39:607][  0]LogConfig: Setting CVar [[r.Shadow.CSM.TransitionScale:1.0]]
[2019.12.10-13.32.39:607][  0]LogConfig: Setting CVar [[r.Shadow.PreShadowResolutionFactor:1.0]]
[2019.12.10-13.32.39:607][  0]LogConfig: Setting CVar [[r.DistanceFieldShadowing:1]]
[2019.12.10-13.32.39:607][  0]LogConfig: Setting CVar [[r.DistanceFieldAO:1]]
[2019.12.10-13.32.39:607][  0]LogConfig: Setting CVar [[r.AOQuality:2]]
[2019.12.10-13.32.39:607][  0]LogConfig: Setting CVar [[r.VolumetricFog:1]]
[2019.12.10-13.32.39:607][  0]LogConfig: Setting CVar [[r.VolumetricFog.GridPixelSize:8]]
[2019.12.10-13.32.39:607][  0]LogConfig: Setting CVar [[r.VolumetricFog.GridSizeZ:128]]
[2019.12.10-13.32.39:607][  0]LogConfig: Setting CVar [[r.VolumetricFog.HistoryMissSupersampleCount:4]]
[2019.12.10-13.32.39:607][  0]LogConfig: Setting CVar [[r.LightMaxDrawDistanceScale:1]]
[2019.12.10-13.32.39:607][  0]LogConfig: Setting CVar [[r.CapsuleShadows:1]]
[2019.12.10-13.32.39:607][  0]LogConfig: Applying CVar settings from Section [PostProcessQuality@3] File [D:/UnrealEngine/CKUnrealProject/CKUE4/Saved/Config/Windows/Scalability.ini]
[2019.12.10-13.32.39:607][  0]LogConfig: Setting CVar [[r.MotionBlurQuality:4]]
[2019.12.10-13.32.39:607][  0]LogConfig: Setting CVar [[r.AmbientOcclusionMipLevelFactor:0.4]]
[2019.12.10-13.32.39:607][  0]LogConfig: Setting CVar [[r.AmbientOcclusionMaxQuality:100]]
[2019.12.10-13.32.39:607][  0]LogConfig: Setting CVar [[r.AmbientOcclusionLevels:-1]]
[2019.12.10-13.32.39:607][  0]LogConfig: Setting CVar [[r.AmbientOcclusionRadiusScale:1.0]]
[2019.12.10-13.32.39:607][  0]LogConfig: Setting CVar [[r.DepthOfFieldQuality:2]]
[2019.12.10-13.32.39:607][  0]LogConfig: Setting CVar [[r.RenderTargetPoolMin:400]]
[2019.12.10-13.32.39:607][  0]LogConfig: Setting CVar [[r.LensFlareQuality:2]]
[2019.12.10-13.32.39:607][  0]LogConfig: Setting CVar [[r.SceneColorFringeQuality:1]]
[2019.12.10-13.32.39:607][  0]LogConfig: Setting CVar [[r.EyeAdaptationQuality:2]]
[2019.12.10-13.32.39:607][  0]LogConfig: Setting CVar [[r.BloomQuality:5]]
[2019.12.10-13.32.39:607][  0]LogConfig: Setting CVar [[r.FastBlurThreshold:100]]
[2019.12.10-13.32.39:607][  0]LogConfig: Setting CVar [[r.Upscale.Quality:3]]
[2019.12.10-13.32.39:607][  0]LogConfig: Setting CVar [[r.Tonemapper.GrainQuantization:1]]
[2019.12.10-13.32.39:607][  0]LogConfig: Setting CVar [[r.LightShaftQuality:1]]
[2019.12.10-13.32.39:607][  0]LogConfig: Setting CVar [[r.Filter.SizeScale:1]]
[2019.12.10-13.32.39:607][  0]LogConfig: Setting CVar [[r.Tonemapper.Quality:5]]
[2019.12.10-13.32.39:607][  0]LogConfig: Setting CVar [[r.DOF.Gather.AccumulatorQuality:1        ; higher gathering accumulator quality]]
[2019.12.10-13.32.39:607][  0]LogConfig: Setting CVar [[r.DOF.Gather.PostfilterMethod:1          ; Median3x3 postfilering method]]
[2019.12.10-13.32.39:607][  0]LogConfig: Setting CVar [[r.DOF.Gather.EnableBokehSettings:0       ; no bokeh simulation when gathering]]
[2019.12.10-13.32.39:607][  0]LogConfig: Setting CVar [[r.DOF.Gather.RingCount:4                 ; medium number of samples when gathering]]
[2019.12.10-13.32.39:607][  0]LogConfig: Setting CVar [[r.DOF.Scatter.ForegroundCompositing:1    ; additive foreground scattering]]
[2019.12.10-13.32.39:607][  0]LogConfig: Setting CVar [[r.DOF.Scatter.BackgroundCompositing:2    ; additive background scattering]]
[2019.12.10-13.32.39:607][  0]LogConfig: Setting CVar [[r.DOF.Scatter.EnableBokehSettings:1      ; bokeh simulation when scattering]]
[2019.12.10-13.32.39:607][  0]LogConfig: Setting CVar [[r.DOF.Scatter.MaxSpriteRatio:0.1         ; only a maximum of 10% of scattered bokeh]]
[2019.12.10-13.32.39:607][  0]LogConfig: Setting CVar [[r.DOF.Recombine.Quality:1                ; cheap slight out of focus]]
[2019.12.10-13.32.39:607][  0]LogConfig: Setting CVar [[r.DOF.Recombine.EnableBokehSettings:0    ; no bokeh simulation on slight out of focus]]
[2019.12.10-13.32.39:607][  0]LogConfig: Setting CVar [[r.DOF.TemporalAAQuality:1                ; more stable temporal accumulation]]
[2019.12.10-13.32.39:607][  0]LogConfig: Setting CVar [[r.DOF.Kernel.MaxForegroundRadius:0.025]]
[2019.12.10-13.32.39:607][  0]LogConfig: Setting CVar [[r.DOF.Kernel.MaxBackgroundRadius:0.025]]
[2019.12.10-13.32.39:607][  0]LogConfig: Applying CVar settings from Section [TextureQuality@3] File [D:/UnrealEngine/CKUnrealProject/CKUE4/Saved/Config/Windows/Scalability.ini]
[2019.12.10-13.32.39:607][  0]LogConfig: Setting CVar [[r.Streaming.MipBias:0]]
[2019.12.10-13.32.39:607][  0]LogConfig: Setting CVar [[r.Streaming.AmortizeCPUToGPUCopy:0]]
[2019.12.10-13.32.39:607][  0]LogConfig: Setting CVar [[r.Streaming.MaxNumTexturesToStreamPerFrame:0]]
[2019.12.10-13.32.39:607][  0]LogConfig: Setting CVar [[r.Streaming.Boost:1]]
[2019.12.10-13.32.39:607][  0]LogConfig: Setting CVar [[r.MaxAnisotropy:8]]
[2019.12.10-13.32.39:607][  0]LogConfig: Setting CVar [[r.Streaming.LimitPoolSizeToVRAM:0]]
[2019.12.10-13.32.39:607][  0]LogConfig: Setting CVar [[r.Streaming.PoolSize:1000]]
[2019.12.10-13.32.39:607][  0]LogConfig: Setting CVar [[r.Streaming.MaxEffectiveScreenSize:0]]
[2019.12.10-13.32.39:607][  0]LogConfig: Applying CVar settings from Section [EffectsQuality@3] File [D:/UnrealEngine/CKUnrealProject/CKUE4/Saved/Config/Windows/Scalability.ini]
[2019.12.10-13.32.39:607][  0]LogConfig: Setting CVar [[r.TranslucencyLightingVolumeDim:64]]
[2019.12.10-13.32.39:607][  0]LogConfig: Setting CVar [[r.RefractionQuality:2]]
[2019.12.10-13.32.39:607][  0]LogConfig: Setting CVar [[r.SSR.Quality:3]]
[2019.12.10-13.32.39:607][  0]LogConfig: Setting CVar [[r.SceneColorFormat:4]]
[2019.12.10-13.32.39:607][  0]LogConfig: Setting CVar [[r.DetailMode:2]]
[2019.12.10-13.32.39:607][  0]LogConfig: Setting CVar [[r.TranslucencyVolumeBlur:1]]
[2019.12.10-13.32.39:607][  0]LogConfig: Setting CVar [[r.MaterialQualityLevel:1 ; High quality]]
[2019.12.10-13.32.39:607][  0]LogConfig: Setting CVar [[r.SSS.Scale:1]]
[2019.12.10-13.32.39:607][  0]LogConfig: Setting CVar [[r.SSS.SampleSet:2]]
[2019.12.10-13.32.39:607][  0]LogConfig: Setting CVar [[r.SSS.Quality:1]]
[2019.12.10-13.32.39:607][  0]LogConfig: Setting CVar [[r.SSS.HalfRes:1]]
[2019.12.10-13.32.39:607][  0]LogConfig: Setting CVar [[r.EmitterSpawnRateScale:1.0]]
[2019.12.10-13.32.39:607][  0]LogConfig: Setting CVar [[r.ParticleLightQuality:2]]
[2019.12.10-13.32.39:607][  0]LogConfig: Applying CVar settings from Section [FoliageQuality@3] File [D:/UnrealEngine/CKUnrealProject/CKUE4/Saved/Config/Windows/Scalability.ini]
[2019.12.10-13.32.39:607][  0]LogConfig: Setting CVar [[foliage.DensityScale:1.0]]
[2019.12.10-13.32.39:607][  0]LogConfig: Setting CVar [[grass.DensityScale:1.0]]
[2019.12.10-13.32.39:607][  0]LogInit: Selected Device Profile: [Windows]
[2019.12.10-13.32.39:608][  0]LogInit: Applying CVar settings loaded from the selected device profile: [Windows]
[2019.12.10-13.32.39:620][  0]LogHAL: Display: Platform has ~ 16 GB [17112133632 / 17179869184 / 16], which maps to Larger [LargestMinGB=32, LargerMinGB=12, DefaultMinGB=8, SmallerMinGB=6, SmallestMinGB=0)
[2019.12.10-13.32.39:620][  0]LogConfig: Setting CVar [[r.Vulkan.UseRealUBs:0		; Required until we fix HLR fall-out]]
[2019.12.10-13.32.39:620][  0]LogInit: Going up to parent DeviceProfile []
[2019.12.10-13.32.39:620][  0]LogConfig: Applying CVar settings from Section [ViewDistanceQuality@3] File [D:/UnrealEngine/CKUnrealProject/CKUE4/Saved/Config/Windows/Scalability.ini]
[2019.12.10-13.32.39:620][  0]LogConfig: Setting CVar [[r.SkeletalMeshLODBias:0]]
[2019.12.10-13.32.39:621][  0]LogConfig: Setting CVar [[r.ViewDistanceScale:1.0]]
[2019.12.10-13.32.39:621][  0]LogConfig: Applying CVar settings from Section [AntiAliasingQuality@3] File [D:/UnrealEngine/CKUnrealProject/CKUE4/Saved/Config/Windows/Scalability.ini]
[2019.12.10-13.32.39:621][  0]LogConfig: Setting CVar [[r.PostProcessAAQuality:4]]
[2019.12.10-13.32.39:621][  0]LogConfig: Applying CVar settings from Section [ShadowQuality@3] File [D:/UnrealEngine/CKUnrealProject/CKUE4/Saved/Config/Windows/Scalability.ini]
[2019.12.10-13.32.39:621][  0]LogConfig: Setting CVar [[r.LightFunctionQuality:1]]
[2019.12.10-13.32.39:621][  0]LogConfig: Setting CVar [[r.ShadowQuality:5]]
[2019.12.10-13.32.39:621][  0]LogConfig: Setting CVar [[r.Shadow.CSM.MaxCascades:10]]
[2019.12.10-13.32.39:621][  0]LogConfig: Setting CVar [[r.Shadow.MaxResolution:2048]]
[2019.12.10-13.32.39:621][  0]LogConfig: Setting CVar [[r.Shadow.MaxCSMResolution:2048]]
[2019.12.10-13.32.39:621][  0]LogConfig: Setting CVar [[r.Shadow.RadiusThreshold:0.01]]
[2019.12.10-13.32.39:621][  0]LogConfig: Setting CVar [[r.Shadow.DistanceScale:1.0]]
[2019.12.10-13.32.39:621][  0]LogConfig: Setting CVar [[r.Shadow.CSM.TransitionScale:1.0]]
[2019.12.10-13.32.39:621][  0]LogConfig: Setting CVar [[r.Shadow.PreShadowResolutionFactor:1.0]]
[2019.12.10-13.32.39:621][  0]LogConfig: Setting CVar [[r.DistanceFieldShadowing:1]]
[2019.12.10-13.32.39:621][  0]LogConfig: Setting CVar [[r.DistanceFieldAO:1]]
[2019.12.10-13.32.39:621][  0]LogConfig: Setting CVar [[r.AOQuality:2]]
[2019.12.10-13.32.39:621][  0]LogConfig: Setting CVar [[r.VolumetricFog:1]]
[2019.12.10-13.32.39:621][  0]LogConfig: Setting CVar [[r.VolumetricFog.GridPixelSize:8]]
[2019.12.10-13.32.39:621][  0]LogConfig: Setting CVar [[r.VolumetricFog.GridSizeZ:128]]
[2019.12.10-13.32.39:621][  0]LogConfig: Setting CVar [[r.VolumetricFog.HistoryMissSupersampleCount:4]]
[2019.12.10-13.32.39:621][  0]LogConfig: Setting CVar [[r.LightMaxDrawDistanceScale:1]]
[2019.12.10-13.32.39:621][  0]LogConfig: Setting CVar [[r.CapsuleShadows:1]]
[2019.12.10-13.32.39:621][  0]LogConfig: Applying CVar settings from Section [PostProcessQuality@3] File [D:/UnrealEngine/CKUnrealProject/CKUE4/Saved/Config/Windows/Scalability.ini]
[2019.12.10-13.32.39:621][  0]LogConfig: Setting CVar [[r.MotionBlurQuality:4]]
[2019.12.10-13.32.39:621][  0]LogConfig: Setting CVar [[r.AmbientOcclusionMipLevelFactor:0.4]]
[2019.12.10-13.32.39:621][  0]LogConfig: Setting CVar [[r.AmbientOcclusionMaxQuality:100]]
[2019.12.10-13.32.39:621][  0]LogConfig: Setting CVar [[r.AmbientOcclusionLevels:-1]]
[2019.12.10-13.32.39:621][  0]LogConfig: Setting CVar [[r.AmbientOcclusionRadiusScale:1.0]]
[2019.12.10-13.32.39:621][  0]LogConfig: Setting CVar [[r.DepthOfFieldQuality:2]]
[2019.12.10-13.32.39:621][  0]LogConfig: Setting CVar [[r.RenderTargetPoolMin:400]]
[2019.12.10-13.32.39:621][  0]LogConfig: Setting CVar [[r.LensFlareQuality:2]]
[2019.12.10-13.32.39:621][  0]LogConfig: Setting CVar [[r.SceneColorFringeQuality:1]]
[2019.12.10-13.32.39:621][  0]LogConfig: Setting CVar [[r.EyeAdaptationQuality:2]]
[2019.12.10-13.32.39:621][  0]LogConfig: Setting CVar [[r.BloomQuality:5]]
[2019.12.10-13.32.39:621][  0]LogConfig: Setting CVar [[r.FastBlurThreshold:100]]
[2019.12.10-13.32.39:621][  0]LogConfig: Setting CVar [[r.Upscale.Quality:3]]
[2019.12.10-13.32.39:621][  0]LogConfig: Setting CVar [[r.Tonemapper.GrainQuantization:1]]
[2019.12.10-13.32.39:621][  0]LogConfig: Setting CVar [[r.LightShaftQuality:1]]
[2019.12.10-13.32.39:621][  0]LogConfig: Setting CVar [[r.Filter.SizeScale:1]]
[2019.12.10-13.32.39:621][  0]LogConfig: Setting CVar [[r.Tonemapper.Quality:5]]
[2019.12.10-13.32.39:621][  0]LogConfig: Setting CVar [[r.DOF.Gather.AccumulatorQuality:1        ; higher gathering accumulator quality]]
[2019.12.10-13.32.39:621][  0]LogConfig: Setting CVar [[r.DOF.Gather.PostfilterMethod:1          ; Median3x3 postfilering method]]
[2019.12.10-13.32.39:621][  0]LogConfig: Setting CVar [[r.DOF.Gather.EnableBokehSettings:0       ; no bokeh simulation when gathering]]
[2019.12.10-13.32.39:621][  0]LogConfig: Setting CVar [[r.DOF.Gather.RingCount:4                 ; medium number of samples when gathering]]
[2019.12.10-13.32.39:622][  0]LogConfig: Setting CVar [[r.DOF.Scatter.ForegroundCompositing:1    ; additive foreground scattering]]
[2019.12.10-13.32.39:622][  0]LogConfig: Setting CVar [[r.DOF.Scatter.BackgroundCompositing:2    ; additive background scattering]]
[2019.12.10-13.32.39:622][  0]LogConfig: Setting CVar [[r.DOF.Scatter.EnableBokehSettings:1      ; bokeh simulation when scattering]]
[2019.12.10-13.32.39:622][  0]LogConfig: Setting CVar [[r.DOF.Scatter.MaxSpriteRatio:0.1         ; only a maximum of 10% of scattered bokeh]]
[2019.12.10-13.32.39:622][  0]LogConfig: Setting CVar [[r.DOF.Recombine.Quality:1                ; cheap slight out of focus]]
[2019.12.10-13.32.39:622][  0]LogConfig: Setting CVar [[r.DOF.Recombine.EnableBokehSettings:0    ; no bokeh simulation on slight out of focus]]
[2019.12.10-13.32.39:622][  0]LogConfig: Setting CVar [[r.DOF.TemporalAAQuality:1                ; more stable temporal accumulation]]
[2019.12.10-13.32.39:622][  0]LogConfig: Setting CVar [[r.DOF.Kernel.MaxForegroundRadius:0.025]]
[2019.12.10-13.32.39:622][  0]LogConfig: Setting CVar [[r.DOF.Kernel.MaxBackgroundRadius:0.025]]
[2019.12.10-13.32.39:622][  0]LogConfig: Applying CVar settings from Section [TextureQuality@3] File [D:/UnrealEngine/CKUnrealProject/CKUE4/Saved/Config/Windows/Scalability.ini]
[2019.12.10-13.32.39:622][  0]LogConfig: Setting CVar [[r.Streaming.MipBias:0]]
[2019.12.10-13.32.39:622][  0]LogConfig: Setting CVar [[r.Streaming.AmortizeCPUToGPUCopy:0]]
[2019.12.10-13.32.39:622][  0]LogConfig: Setting CVar [[r.Streaming.MaxNumTexturesToStreamPerFrame:0]]
[2019.12.10-13.32.39:622][  0]LogConfig: Setting CVar [[r.Streaming.Boost:1]]
[2019.12.10-13.32.39:622][  0]LogConfig: Setting CVar [[r.MaxAnisotropy:8]]
[2019.12.10-13.32.39:622][  0]LogConfig: Setting CVar [[r.Streaming.LimitPoolSizeToVRAM:0]]
[2019.12.10-13.32.39:622][  0]LogConfig: Setting CVar [[r.Streaming.PoolSize:1000]]
[2019.12.10-13.32.39:622][  0]LogConfig: Setting CVar [[r.Streaming.MaxEffectiveScreenSize:0]]
[2019.12.10-13.32.39:622][  0]LogConfig: Applying CVar settings from Section [EffectsQuality@3] File [D:/UnrealEngine/CKUnrealProject/CKUE4/Saved/Config/Windows/Scalability.ini]
[2019.12.10-13.32.39:622][  0]LogConfig: Setting CVar [[r.TranslucencyLightingVolumeDim:64]]
[2019.12.10-13.32.39:622][  0]LogConfig: Setting CVar [[r.RefractionQuality:2]]
[2019.12.10-13.32.39:622][  0]LogConfig: Setting CVar [[r.SSR.Quality:3]]
[2019.12.10-13.32.39:622][  0]LogConfig: Setting CVar [[r.SceneColorFormat:4]]
[2019.12.10-13.32.39:622][  0]LogConfig: Setting CVar [[r.DetailMode:2]]
[2019.12.10-13.32.39:622][  0]LogConfig: Setting CVar [[r.TranslucencyVolumeBlur:1]]
[2019.12.10-13.32.39:622][  0]LogConfig: Setting CVar [[r.MaterialQualityLevel:1 ; High quality]]
[2019.12.10-13.32.39:622][  0]LogConfig: Setting CVar [[r.SSS.Scale:1]]
[2019.12.10-13.32.39:622][  0]LogConfig: Setting CVar [[r.SSS.SampleSet:2]]
[2019.12.10-13.32.39:622][  0]LogConfig: Setting CVar [[r.SSS.Quality:1]]
[2019.12.10-13.32.39:622][  0]LogConfig: Setting CVar [[r.SSS.HalfRes:1]]
[2019.12.10-13.32.39:622][  0]LogConfig: Setting CVar [[r.EmitterSpawnRateScale:1.0]]
[2019.12.10-13.32.39:622][  0]LogConfig: Setting CVar [[r.ParticleLightQuality:2]]
[2019.12.10-13.32.39:622][  0]LogConfig: Applying CVar settings from Section [FoliageQuality@3] File [D:/UnrealEngine/CKUnrealProject/CKUE4/Saved/Config/Windows/Scalability.ini]
[2019.12.10-13.32.39:622][  0]LogConfig: Setting CVar [[foliage.DensityScale:1.0]]
[2019.12.10-13.32.39:622][  0]LogConfig: Setting CVar [[grass.DensityScale:1.0]]
[2019.12.10-13.32.39:622][  0]LogConfig: Applying CVar settings from Section [Startup] File [../../../Engine/Config/ConsoleVariables.ini]
[2019.12.10-13.32.39:622][  0]LogConfig: Setting CVar [[net.UseAdaptiveNetUpdateFrequency:0]]
[2019.12.10-13.32.39:622][  0]LogConfig: Setting CVar [[p.chaos.AllowCreatePhysxBodies:1]]
[2019.12.10-13.32.39:622][  0]LogConfig: Applying CVar settings from Section [ConsoleVariables] File [D:/UnrealEngine/CKUnrealProject/CKUE4/Saved/Config/Windows/Engine.ini]
[2019.12.10-13.32.39:623][  0]LogInit: Computer: DESKTOP-0CRG6TP
[2019.12.10-13.32.39:623][  0]LogInit: User: JE
[2019.12.10-13.32.39:623][  0]LogInit: CPU Page size=4096, Cores=4
[2019.12.10-13.32.39:623][  0]LogInit: High frequency timer resolution =10.000000 MHz
[2019.12.10-13.32.39:623][  0]LogMemory: Memory total: Physical=15.9GB (16GB approx)
[2019.12.10-13.32.39:623][  0]LogMemory: Platform Memory Stats for Windows
[2019.12.10-13.32.39:623][  0]LogMemory: Process Physical Memory: 98.38 MB used, 98.38 MB peak
[2019.12.10-13.32.39:623][  0]LogMemory: Process Virtual Memory: 89.12 MB used, 89.12 MB peak
[2019.12.10-13.32.39:623][  0]LogMemory: Physical Memory: 7970.21 MB used,  8349.19 MB free, 16319.40 MB total
[2019.12.10-13.32.39:623][  0]LogMemory: Virtual Memory: 4642.34 MB used,  134213088.00 MB free, 134217728.00 MB total
[2019.12.10-13.32.39:664][  0]LogInit: Using OS detected language (ko-KR).
[2019.12.10-13.32.39:664][  0]LogInit: Using OS detected locale (ko-KR).
[2019.12.10-13.32.39:666][  0]LogTextLocalizationManager: No specific localization for 'ko-KR' exists, so the 'ko' localization will be used.
[2019.12.10-13.32.39:759][  0]LogInit: Setting process to per monitor DPI aware
[2019.12.10-13.32.39:841][  0]LogSlate: New Slate User Created.  User Index 0, Is Virtual User: 0
[2019.12.10-13.32.39:841][  0]LogSlate: Slate User Registered.  User Index 0, Is Virtual User: 0
[2019.12.10-13.32.40:156][  0]LogHMD: Failed to initialize OpenVR with code 110
[2019.12.10-13.32.40:156][  0]LogD3D11RHI: D3D11 adapters:
[2019.12.10-13.32.40:224][  0]LogD3D11RHI:    0. 'NVIDIA GeForce GTX 960' (Feature Level 11_0)
[2019.12.10-13.32.40:224][  0]LogD3D11RHI:       4053/0/8159 MB DedicatedVideo/DedicatedSystem/SharedSystem, Outputs:3, VendorId:0x10de
[2019.12.10-13.32.40:227][  0]LogD3D11RHI:    1. 'Microsoft Basic Render Driver' (Feature Level 11_0)
[2019.12.10-13.32.40:227][  0]LogD3D11RHI:       0/0/8159 MB DedicatedVideo/DedicatedSystem/SharedSystem, Outputs:0, VendorId:0x1414
[2019.12.10-13.32.40:227][  0]LogD3D11RHI: Chosen D3D11 Adapter: 0
[2019.12.10-13.32.40:236][  0]LogD3D11RHI: Creating new Direct3DDevice
[2019.12.10-13.32.40:237][  0]LogD3D11RHI:     GPU DeviceId: 0x1401 (for the marketing name, search the web for "GPU Device Id")
[2019.12.10-13.32.40:237][  0]LogWindows: EnumDisplayDevices:
[2019.12.10-13.32.40:237][  0]LogWindows:    0. 'NVIDIA GeForce GTX 960' (P:0 D:1)
[2019.12.10-13.32.40:238][  0]LogWindows:    1. 'NVIDIA GeForce GTX 960' (P:0 D:1)
[2019.12.10-13.32.40:240][  0]LogWindows:    2. 'NVIDIA GeForce GTX 960' (P:1 D:1)
[2019.12.10-13.32.40:241][  0]LogWindows:    3. 'NVIDIA GeForce GTX 960' (P:0 D:0)
[2019.12.10-13.32.40:241][  0]LogWindows: DebugString: FoundDriverCount:4 
[2019.12.10-13.32.40:241][  0]LogD3D11RHI:     Adapter Name: NVIDIA GeForce GTX 960
[2019.12.10-13.32.40:241][  0]LogD3D11RHI:   Driver Version: 441.12 (internal:26.21.14.4112, unified:441.12)
[2019.12.10-13.32.40:241][  0]LogD3D11RHI:      Driver Date: 10-24-2019
[2019.12.10-13.32.40:241][  0]LogRHI: Texture pool is 2837 MB (70% of 4053 MB)
[2019.12.10-13.32.40:310][  0]LogD3D11RHI: Async texture creation enabled
[2019.12.10-13.32.40:323][  0]LogRendererCore: FGlobalReadBuffer::InitRHI
[2019.12.10-13.32.40:323][  0]LogRendererCore: FGlobalReadBuffer::InitRHI
[2019.12.10-13.32.40:323][  0]LogRendererCore: FGlobalReadBuffer::InitRHI
[2019.12.10-13.32.40:331][  0]LogD3D11RHI: GPU Timing Frequency: 1000.000000 (Debug: 2 1)
[2019.12.10-13.32.40:869][  0]LogTemp: Display: Module 'AllDesktopTargetPlatform' loaded TargetPlatform 'AllDesktop'
[2019.12.10-13.32.40:884][  0]LogTemp: Display: Module 'MacClientTargetPlatform' loaded TargetPlatform 'MacClient'
[2019.12.10-13.32.40:899][  0]LogTemp: Display: Module 'MacNoEditorTargetPlatform' loaded TargetPlatform 'MacNoEditor'
[2019.12.10-13.32.40:917][  0]LogTemp: Display: Module 'MacServerTargetPlatform' loaded TargetPlatform 'MacServer'
[2019.12.10-13.32.40:933][  0]LogTemp: Display: Module 'MacTargetPlatform' loaded TargetPlatform 'Mac'
[2019.12.10-13.32.40:948][  0]LogTemp: Display: Module 'WindowsClientTargetPlatform' loaded TargetPlatform 'WindowsClient'
[2019.12.10-13.32.40:964][  0]LogTemp: Display: Module 'WindowsNoEditorTargetPlatform' loaded TargetPlatform 'WindowsNoEditor'
[2019.12.10-13.32.40:986][  0]LogTemp: Display: Module 'WindowsServerTargetPlatform' loaded TargetPlatform 'WindowsServer'
[2019.12.10-13.32.40:994][  0]LogTemp: Display: Module 'WindowsTargetPlatform' loaded TargetPlatform 'Windows'
[2019.12.10-13.32.41:102][  0]LogTemp: Display: Module 'AndroidTargetPlatform' loaded TargetPlatform 'Android'
[2019.12.10-13.32.41:102][  0]LogTemp: Display: Module 'AndroidTargetPlatform' loaded TargetPlatform 'Android_ASTC'
[2019.12.10-13.32.41:102][  0]LogTemp: Display: Module 'AndroidTargetPlatform' loaded TargetPlatform 'Android_ATC'
[2019.12.10-13.32.41:102][  0]LogTemp: Display: Module 'AndroidTargetPlatform' loaded TargetPlatform 'Android_DXT'
[2019.12.10-13.32.41:102][  0]LogTemp: Display: Module 'AndroidTargetPlatform' loaded TargetPlatform 'Android_ETC1'
[2019.12.10-13.32.41:102][  0]LogTemp: Display: Module 'AndroidTargetPlatform' loaded TargetPlatform 'Android_ETC1a'
[2019.12.10-13.32.41:102][  0]LogTemp: Display: Module 'AndroidTargetPlatform' loaded TargetPlatform 'Android_ETC2'
[2019.12.10-13.32.41:102][  0]LogTemp: Display: Module 'AndroidTargetPlatform' loaded TargetPlatform 'Android_PVRTC'
[2019.12.10-13.32.41:102][  0]LogTemp: Display: Module 'AndroidTargetPlatform' loaded TargetPlatform 'AndroidClient'
[2019.12.10-13.32.41:102][  0]LogTemp: Display: Module 'AndroidTargetPlatform' loaded TargetPlatform 'Android_ASTCClient'
[2019.12.10-13.32.41:102][  0]LogTemp: Display: Module 'AndroidTargetPlatform' loaded TargetPlatform 'Android_ATCClient'
[2019.12.10-13.32.41:102][  0]LogTemp: Display: Module 'AndroidTargetPlatform' loaded TargetPlatform 'Android_DXTClient'
[2019.12.10-13.32.41:102][  0]LogTemp: Display: Module 'AndroidTargetPlatform' loaded TargetPlatform 'Android_ETC1Client'
[2019.12.10-13.32.41:102][  0]LogTemp: Display: Module 'AndroidTargetPlatform' loaded TargetPlatform 'Android_ETC1aClient'
[2019.12.10-13.32.41:102][  0]LogTemp: Display: Module 'AndroidTargetPlatform' loaded TargetPlatform 'Android_ETC2Client'
[2019.12.10-13.32.41:102][  0]LogTemp: Display: Module 'AndroidTargetPlatform' loaded TargetPlatform 'Android_PVRTCClient'
[2019.12.10-13.32.41:102][  0]LogTemp: Display: Module 'AndroidTargetPlatform' loaded TargetPlatform 'Android_Multi'
[2019.12.10-13.32.41:102][  0]LogTemp: Display: Module 'AndroidTargetPlatform' loaded TargetPlatform 'Android_MultiClient'
[2019.12.10-13.32.41:107][  0]LogTemp: Display: Module 'HTML5TargetPlatform' loaded TargetPlatform 'HTML5'
[2019.12.10-13.32.41:157][  0]LogTemp: Display: Module 'IOSTargetPlatform' loaded TargetPlatform 'IOSClient'
[2019.12.10-13.32.41:157][  0]LogTemp: Display: Module 'IOSTargetPlatform' loaded TargetPlatform 'IOS'
[2019.12.10-13.32.41:185][  0]LogTemp: Display: Module 'TVOSTargetPlatform' loaded TargetPlatform 'TVOSClient'
[2019.12.10-13.32.41:185][  0]LogTemp: Display: Module 'TVOSTargetPlatform' loaded TargetPlatform 'TVOS'
[2019.12.10-13.32.41:199][  0]LogTemp: Display: Module 'LinuxClientTargetPlatform' loaded TargetPlatform 'LinuxClient'
[2019.12.10-13.32.41:215][  0]LogTemp: Display: Module 'LinuxNoEditorTargetPlatform' loaded TargetPlatform 'LinuxNoEditor'
[2019.12.10-13.32.41:231][  0]LogTemp: Display: Module 'LinuxServerTargetPlatform' loaded TargetPlatform 'LinuxServer'
[2019.12.10-13.32.41:247][  0]LogTemp: Display: Module 'LinuxTargetPlatform' loaded TargetPlatform 'Linux'
[2019.12.10-13.32.41:301][  0]LogTemp: Display: Module 'LuminTargetPlatform' loaded TargetPlatform 'Lumin'
[2019.12.10-13.32.41:301][  0]LogTemp: Display: Module 'LuminTargetPlatform' loaded TargetPlatform 'LuminClient'
[2019.12.10-13.32.41:302][  0]LogTargetPlatformManager: Display: Building Assets For Windows
[2019.12.10-13.32.41:313][  0]LogAudioDebug: Display: Lib vorbis DLL was dynamically loaded.
[2019.12.10-13.32.41:388][  0]LogShaderCompilers: Guid format shader working directory is -7 characters bigger than the processId version (../../../../../UnrealEngine/CKUnrealProject/CKUE4/Intermediate/Shaders/WorkingDirectory/17864/).
[2019.12.10-13.32.41:388][  0]LogShaderCompilers: Cleaned the shader compiler working directory 'C:/Users/JE/AppData/Local/Temp/UnrealShaderWorkingDir/7DB8DE76401ECC8D02DD31889CA94874/'.
[2019.12.10-13.32.41:391][  0]LogXGEController: Cannot use XGE Controller as Incredibuild is not installed on this machine.
[2019.12.10-13.32.41:391][  0]LogShaderCompilers: Cannot use XGE Shader Compiler as Incredibuild is not installed on this machine.
[2019.12.10-13.32.41:391][  0]LogShaderCompilers: Display: Using Local Shader Compiler.
[2019.12.10-13.32.41:990][  0]LogDerivedDataCache: Display: Max Cache Size: 512 MB
[2019.12.10-13.32.42:046][  0]LogDerivedDataCache: Loaded boot cache 0.06s 73MB C:/Users/JE/AppData/Local/UnrealEngine/4.22/DerivedDataCache/Boot.ddc.
[2019.12.10-13.32.42:046][  0]LogDerivedDataCache: Display: Loaded Boot cache: C:/Users/JE/AppData/Local/UnrealEngine/4.22/DerivedDataCache/Boot.ddc
[2019.12.10-13.32.42:046][  0]LogDerivedDataCache: FDerivedDataBackendGraph:  Pak pak cache file ../../../../../UnrealEngine/CKUnrealProject/CKUE4/DerivedDataCache/DDC.ddp not found, will not use a pak cache.
[2019.12.10-13.32.42:046][  0]LogDerivedDataCache: Unable to find inner node Pak for hierarchical cache Hierarchy.
[2019.12.10-13.32.42:046][  0]LogDerivedDataCache: FDerivedDataBackendGraph:  CompressedPak pak cache file ../../../../../UnrealEngine/CKUnrealProject/CKUE4/DerivedDataCache/Compressed.ddp not found, will not use a pak cache.
[2019.12.10-13.32.42:046][  0]LogDerivedDataCache: Unable to find inner node CompressedPak for hierarchical cache Hierarchy.
[2019.12.10-13.32.42:063][  0]LogDerivedDataCache: Display: Pak cache opened for reading ../../../Engine/DerivedDataCache/Compressed.ddp.
[2019.12.10-13.32.42:063][  0]LogDerivedDataCache: FDerivedDataBackendGraph:  EnterprisePak pak cache file ../../../Enterprise/DerivedDataCache/Compressed.ddp not found, will not use a pak cache.
[2019.12.10-13.32.42:063][  0]LogDerivedDataCache: Unable to find inner node EnterprisePak for hierarchical cache Hierarchy.
[2019.12.10-13.32.42:075][  0]LogDerivedDataCache: Using Local data cache path C:/Users/JE/AppData/Local/UnrealEngine/Common/DerivedDataCache: Writable
[2019.12.10-13.32.42:075][  0]LogDerivedDataCache: Shared data cache path not found in *engine.ini, will not use an Shared cache.
[2019.12.10-13.32.42:075][  0]LogDerivedDataCache: Unable to find inner node Shared for hierarchical cache Hierarchy.
[2019.12.10-13.32.42:098][  0]LogMaterial: Verifying Global Shaders for PCD3D_SM5
[2019.12.10-13.32.42:099][  0]LogSlate: Using FreeType 2.6.0
[2019.12.10-13.32.42:100][  0]LogSlate: SlateFontServices - WITH_FREETYPE: 1, WITH_HARFBUZZ: 1
[2019.12.10-13.32.42:196][  0]LogAssetRegistry: FAssetRegistry took 0.0362 seconds to start up
[2019.12.10-13.32.42:693][  0]LogInit: Selected Device Profile: [Windows]
[2019.12.10-13.32.42:858][  0]LogMeshReduction: Using QuadricMeshReduction for automatic static mesh reduction
[2019.12.10-13.32.42:858][  0]LogMeshReduction: Using SimplygonMeshReduction for automatic skeletal mesh reduction
[2019.12.10-13.32.42:858][  0]LogMeshReduction: Using ProxyLODMeshReduction for automatic mesh merging
[2019.12.10-13.32.42:858][  0]LogMeshReduction: No distributed automatic mesh merging module available
[2019.12.10-13.32.42:858][  0]LogMeshMerging: No distributed automatic mesh merging module available
[2019.12.10-13.32.42:869][  0]LogNetVersion: CKUE4 1.0.0, NetCL: 5660361, EngineNetVer: 10, GameNetVer: 0 (Checksum: 1582171004)
[2019.12.10-13.32.43:338][  0]LogPackageLocalizationCache: Processed 10 localized package path(s) for 1 prioritized culture(s) in 0.034078 seconds
[2019.12.10-13.32.43:347][  0]LogUObjectArray: 42205 objects as part of root set at end of initial load.
[2019.12.10-13.32.43:347][  0]LogUObjectAllocator: 7325032 out of 0 bytes used by permanent object pool.
[2019.12.10-13.32.43:347][  0]LogUObjectArray: CloseDisregardForGC: 0/0 objects in disregard for GC pool
[2019.12.10-13.32.57:768][  0]LogTemp: IOS device listing is disabled (to many failed attempts)!
[2019.12.10-13.32.57:768][  0]LogConfig: Warning: Failed to saved backup for config[../../../../../UnrealEngine/CKUnrealProject/CKUE4/Intermediate/Config/CoalescedSourceConfigs/InternationalizationExport.ini]
[2019.12.10-13.32.59:045][  0]LogTcpMessaging: Initializing TcpMessaging bridge
[2019.12.10-13.32.59:078][  0]LogUdpMessaging: Initializing bridge on interface 0.0.0.0:0 to multicast group 230.0.0.1:6666.
[2019.12.10-13.32.59:745][  0]SourceControl: 소스 컨트롤이 꺼져 있습니다.
[2019.12.10-13.32.59:752][  0]SourceControl: 소스 컨트롤이 꺼져 있습니다.
[2019.12.10-13.32.59:961][  0]SourceControl: 소스 컨트롤이 꺼져 있습니다.
[2019.12.10-13.32.59:986][  0]SourceControl: 소스 컨트롤이 꺼져 있습니다.
[2019.12.10-13.33.01:122][  0]LogAndroidPermission: UAndroidPermissionCallbackProxy::GetInstance
[2019.12.10-13.33.01:764][  0]LogOcInput: OculusInput pre-init called
[2019.12.10-13.33.03:331][  0]LogEngine: Initializing Engine...
[2019.12.10-13.33.03:338][  0]LogHMD: Failed to initialize OpenVR with code 110
[2019.12.10-13.33.03:340][  0]LogStats: UGameplayTagsManager::InitializeManager -  0.001 s
[2019.12.10-13.33.04:195][  0]LogInit: Initializing FReadOnlyCVARCache
[2019.12.10-13.33.04:586][  0]LogAIModule: Creating AISystem for world Untitled
[2019.12.10-13.33.04:829][  0]LogInit: XAudio2 using '스피커(USB Audio Device)' : 2 channels at 48 kHz using 16 bits per sample (channel mask 0x3)
[2019.12.10-13.33.04:954][  0]LogInit: FAudioDevice initialized.
[2019.12.10-13.33.04:954][  0]LogNetVersion: Set ProjectVersion to 1.0.0.0. Version Checksum will be recalculated on next use.
[2019.12.10-13.33.05:033][  0]LogDerivedDataCache: Saved boot cache 0.08s 73MB C:/Users/JE/AppData/Local/UnrealEngine/4.22/DerivedDataCache/Boot.ddc.
[2019.12.10-13.33.05:034][  0]LogInit: Texture streaming: Enabled
[2019.12.10-13.33.05:090][  0]LogEngineSessionManager: EngineSessionManager initialized
[2019.12.10-13.33.05:090][  0]LogEngineSessionManager: EngineSessionManager sent abnormal shutdown report. Type=Debugger, SessionId={0FB3633C-40E9-67B3-C23D-F7A88528DB01}
[2019.12.10-13.33.05:304][  0]LogInit: Transaction tracking system initialized
[2019.12.10-13.33.05:634][  0]BlueprintLog: New page: 에디터 로드
[2019.12.10-13.33.06:599][  0]LocalizationService: 현지화 서비스가 비활성화되었습니다.
[2019.12.10-13.33.08:402][  0]LogFileCache: Scanning file cache for directory 'D:/UnrealEngine/CKUnrealProject/CKUE4/Content/' took 0.02s
[2019.12.10-13.33.08:402][  0]LogCook: Display: Max memory allowance for cook 16384mb min free memory 0mb
[2019.12.10-13.33.08:402][  0]LogCook: Display: Mobile HDR setting 1
[2019.12.10-13.33.11:247][  0]SourceControl: 소스 컨트롤이 꺼져 있습니다.
[2019.12.10-13.33.11:247][  0]Cmd: MAP LOAD FILE="../../../../../UnrealEngine/CKUnrealProject/CKUE4/Content/MainMap.umap" TEMPLATE=0 SHOWPROGRESS=1 FEATURELEVEL=3
[2019.12.10-13.33.11:256][  0]LightingResults: New page: 라이팅 빌드
[2019.12.10-13.33.11:356][  0]MapCheck: New page: 맵 체크
[2019.12.10-13.33.11:356][  0]LightingResults: New page: 라이팅 빌드
[2019.12.10-13.33.11:578][  0]LogUObjectHash: Compacting FUObjectHashTables data took   1.43ms
[2019.12.10-13.33.11:954][  0]LogLinker: Warning: '/Game/MainMap_BuiltData' 파일을 찾을 수 없습니다.
[2019.12.10-13.33.11:955][  0]LogLinker: Warning: NULL 로드중 '/Game/MainMap_BuiltData' 애셋에 대한 파일을 찾을 수 없습니다.
[2019.12.10-13.33.11:958][  0]LogLinker: Warning: '/Game/MainMap_BuiltData' 파일을 찾을 수 없습니다.
[2019.12.10-13.33.11:958][  0]LogLinker: Warning: NULL 로드중 '/Game/MainMap_BuiltData' 애셋에 대한 파일을 찾을 수 없습니다.
[2019.12.10-13.33.11:988][  0]LogLinker: Warning: '/Game/MainMap_BuiltData' 파일을 찾을 수 없습니다.
[2019.12.10-13.33.11:989][  0]LogLinker: Warning: NULL 로드중 '/Game/MainMap_BuiltData' 애셋에 대한 파일을 찾을 수 없습니다.
[2019.12.10-13.33.11:990][  0]LogLinker: Warning: '/Game/MainMap_BuiltData' 파일을 찾을 수 없습니다.
[2019.12.10-13.33.11:990][  0]LogLinker: Warning: NULL 로드중 '/Game/MainMap_BuiltData' 애셋에 대한 파일을 찾을 수 없습니다.
[2019.12.10-13.33.12:026][  0]LogLinker: Warning: '/Game/MainMap_BuiltData' 파일을 찾을 수 없습니다.
[2019.12.10-13.33.12:027][  0]LoadErrors: 로드에 실패했습니다. /Game/MainMap_BuiltData.MainMap_BuiltData 참조한 것: PersistentLevel
[2019.12.10-13.33.12:027][  0]LogLinker: Warning: NULL 로드중 '/Game/MainMap_BuiltData' 애셋에 대한 파일을 찾을 수 없습니다.
[2019.12.10-13.33.12:229][  0]LogAIModule: Creating AISystem for world MainMap
[2019.12.10-13.33.12:607][  0]LogEditorServer: Finished looking for orphan Actors (0.000 secs)
[2019.12.10-13.33.12:649][  0]LogUObjectHash: Compacting FUObjectHashTables data took   1.91ms
[2019.12.10-13.33.12:649][  0]Cmd: MAP CHECKDEP NOCLEARLOG
[2019.12.10-13.33.12:649][  0]MapCheck: 맵 체크 완료: 오류 0 회, 경고 0 회, 소요 시간 0.175ms.
[2019.12.10-13.33.12:649][  0]LogFileHelpers: Loading map 'MainMap' took 1.402
[2019.12.10-13.33.13:713][  0]LogSlate: Updating window title bar state: overlay mode, drag disabled, window buttons hidden, title bar hidden
[2019.12.10-13.33.13:722][  0]LogSlate: Updating window title bar state: overlay mode, drag disabled, window buttons hidden, title bar hidden
[2019.12.10-13.33.13:729][  0]LogSlate: Updating window title bar state: overlay mode, drag disabled, window buttons hidden, title bar hidden
[2019.12.10-13.33.13:735][  0]LogSlate: Updating window title bar state: overlay mode, drag disabled, window buttons hidden, title bar hidden
[2019.12.10-13.33.13:928][  0]LogCollectionManager: Loaded 0 collections in 0.002104 seconds
[2019.12.10-13.33.14:043][  0]LogFileCache: Scanning file cache for directory 'D:/UnrealEngine/CKUnrealProject/CKUE4/Saved/Collections/' took 0.01s
[2019.12.10-13.33.14:043][  0]LogFileCache: Scanning file cache for directory 'D:/UnrealEngine/CKUnrealProject/CKUE4/Content/Developers/JE/Collections/' took 0.01s
[2019.12.10-13.33.14:043][  0]LogFileCache: Scanning file cache for directory 'D:/UnrealEngine/CKUnrealProject/CKUE4/Content/Collections/' took 0.00s
[2019.12.10-13.33.14:043][  0]LogCollectionManager: Rebuilt the GUID cache for 0 collections in 0.000000 seconds
[2019.12.10-13.33.14:086][  0]LogContentBrowser: Native class hierarchy populated in 0.0396 seconds. Added 2742 classes and 661 folders.
[2019.12.10-13.33.14:224][  0]LogContentBrowser: Native class hierarchy updated for 'WidgetCarousel' in 0.0005 seconds. Added 0 classes and 0 folders.
[2019.12.10-13.33.14:347][  0]LogPakFile: Registered encryption key '00000000000000000000000000000000': 0 pak files mounted, 0 remain pending
[2019.12.10-13.33.14:362][  0]LogPakFile: Registered encryption key '00000000000000000000000000000000': 0 pak files mounted, 0 remain pending
[2019.12.10-13.33.14:374][  0]LogPakFile: Registered encryption key '00000000000000000000000000000000': 0 pak files mounted, 0 remain pending
[2019.12.10-13.33.14:428][  0]LogPakFile: Registered encryption key '00000000000000000000000000000000': 0 pak files mounted, 0 remain pending
[2019.12.10-13.33.14:435][  0]LogPakFile: Registered encryption key '00000000000000000000000000000000': 0 pak files mounted, 0 remain pending
[2019.12.10-13.33.14:440][  0]LogPakFile: Registered encryption key '00000000000000000000000000000000': 0 pak files mounted, 0 remain pending
[2019.12.10-13.33.14:447][  0]LogPakFile: Registered encryption key '00000000000000000000000000000000': 0 pak files mounted, 0 remain pending
[2019.12.10-13.33.14:454][  0]LogPakFile: Registered encryption key '00000000000000000000000000000000': 0 pak files mounted, 0 remain pending
[2019.12.10-13.33.14:460][  0]LogPakFile: Registered encryption key '00000000000000000000000000000000': 0 pak files mounted, 0 remain pending
[2019.12.10-13.33.14:465][  0]LogPakFile: Registered encryption key '00000000000000000000000000000000': 0 pak files mounted, 0 remain pending
[2019.12.10-13.33.14:470][  0]LogPakFile: Registered encryption key '00000000000000000000000000000000': 0 pak files mounted, 0 remain pending
[2019.12.10-13.33.14:476][  0]LogPakFile: Registered encryption key '00000000000000000000000000000000': 0 pak files mounted, 0 remain pending
[2019.12.10-13.33.14:481][  0]LogPakFile: Registered encryption key '00000000000000000000000000000000': 0 pak files mounted, 0 remain pending
[2019.12.10-13.33.14:486][  0]LogPakFile: Registered encryption key '00000000000000000000000000000000': 0 pak files mounted, 0 remain pending
[2019.12.10-13.33.14:491][  0]LogPakFile: Registered encryption key '00000000000000000000000000000000': 0 pak files mounted, 0 remain pending
[2019.12.10-13.33.14:496][  0]LogPakFile: Registered encryption key '00000000000000000000000000000000': 0 pak files mounted, 0 remain pending
[2019.12.10-13.33.14:501][  0]LogPakFile: Registered encryption key '00000000000000000000000000000000': 0 pak files mounted, 0 remain pending
[2019.12.10-13.33.14:506][  0]LogPakFile: Registered encryption key '00000000000000000000000000000000': 0 pak files mounted, 0 remain pending
[2019.12.10-13.33.14:511][  0]LogPakFile: Registered encryption key '00000000000000000000000000000000': 0 pak files mounted, 0 remain pending
[2019.12.10-13.33.14:516][  0]LogPakFile: Registered encryption key '00000000000000000000000000000000': 0 pak files mounted, 0 remain pending
[2019.12.10-13.33.14:521][  0]LogPakFile: Registered encryption key '00000000000000000000000000000000': 0 pak files mounted, 0 remain pending
[2019.12.10-13.33.14:526][  0]LogPakFile: Registered encryption key '00000000000000000000000000000000': 0 pak files mounted, 0 remain pending
[2019.12.10-13.33.14:532][  0]LogPakFile: Registered encryption key '00000000000000000000000000000000': 0 pak files mounted, 0 remain pending
[2019.12.10-13.33.14:537][  0]LogPakFile: Registered encryption key '00000000000000000000000000000000': 0 pak files mounted, 0 remain pending
[2019.12.10-13.33.14:565][  0]LogPakFile: Registered encryption key '00000000000000000000000000000000': 0 pak files mounted, 0 remain pending
[2019.12.10-13.33.14:572][  0]LogPakFile: Registered encryption key '00000000000000000000000000000000': 0 pak files mounted, 0 remain pending
[2019.12.10-13.33.16:653][  0]LogContentBrowser: Native class hierarchy updated for 'AddContentDialog' in 0.0008 seconds. Added 0 classes and 0 folders.
[2019.12.10-13.33.16:821][  0]LogContentBrowser: Native class hierarchy updated for 'SceneOutliner' in 0.0006 seconds. Added 1 classes and 2 folders.
[2019.12.10-13.33.17:043][  0]LogSlate: Took 0.046323 seconds to synchronously load lazily loaded font '../../../Engine/Content/Slate/Fonts/Roboto-Regular.ttf' (155K)
[2019.12.10-13.33.17:101][  0]LogSlate: Took 0.057393 seconds to synchronously load lazily loaded font '../../../Engine/Content/Editor/Slate/Fonts/NanumGothic.ttf' (4243K)
[2019.12.10-13.33.17:156][  0]LogSlate: Took 0.055003 seconds to synchronously load lazily loaded font '../../../Engine/Content/Editor/Slate/Fonts/NanumGothicBold.ttf' (4188K)
[2019.12.10-13.33.17:221][  0]LogSlate: Took 0.064229 seconds to synchronously load lazily loaded font '../../../Engine/Content/Slate/Fonts/Roboto-Bold.ttf' (160K)
[2019.12.10-13.33.17:241][  0]LogSlate: Took 0.014603 seconds to synchronously load lazily loaded font '../../../Engine/Content/Editor/Slate/Fonts/FontAwesome.ttf' (139K)
[2019.12.10-13.33.17:778][  0]LogRenderer: Reallocating scene render targets to support 1208x572 Format 10 NumSamples 1 (Frame:1).
[2019.12.10-13.33.17:950][  0]LogSlate: Warning: Legacy localized fallback font '../../../Engine/Content/Slate/Fonts/../../Editor/Slate/Fonts/NanumGothic.ttf' was requested. Font: '/Engine/EngineFonts/Faces/RobotoRegular.RobotoRegular', Character: '라 (U+b77c)'
Legacy localized fallback fonts were deprecated in 4.22 and will be removed in a future version!
Please update your composite fonts to use localized sub-font families: https://docs.unrealengine.com/en-US/Engine/UMG/UserGuide/Fonts/Overview
[2019.12.10-13.33.17:953][  0]LogSlate: Took 0.002181 seconds to synchronously load lazily loaded font '../../../Engine/Content/Slate/Fonts/../../Editor/Slate/Fonts/NanumGothic.ttf' (4243K)
[2019.12.10-13.33.18:140][  0]LogSlate: Took 0.007714 seconds to synchronously load lazily loaded font '../../../Engine/Content/Slate/Fonts/Roboto-Light.ttf' (167K)
[2019.12.10-13.33.18:393][  0]LogSlate: FSceneViewport::OnFocusLost() reason 2
[2019.12.10-13.33.18:664][  0]LogSlate: Window '튜토리얼' being destroyed
[2019.12.10-13.33.18:775][  0]LogContentBrowser: Native class hierarchy updated for 'HierarchicalLODOutliner' in 0.0005 seconds. Added 0 classes and 0 folders.
[2019.12.10-13.33.18:775][  0]LogLoad: (Engine Initialization) Total time: 42.66 seconds
[2019.12.10-13.33.18:775][  0]LogLoad: (Engine Initialization) Total Blueprint compile time: 0.00 seconds
[2019.12.10-13.33.18:942][  0]LogAssetRegistry: Asset discovery search completed in 36.7682 seconds
[2019.12.10-13.33.18:945][  0]LogCollectionManager: Rebuilt the object cache for 0 collections in 0.000001 seconds (found 0 objects)
[2019.12.10-13.33.18:945][  0]LogCollectionManager: Fixed up redirectors for 0 collections in 0.000055 seconds (updated 0 objects)
[2019.12.10-13.33.19:036][  0]LogContentStreaming: Texture pool size now 1000 MB
[2019.12.10-13.33.19:082][  0]LogSlate: FSceneViewport::OnFocusLost() reason 2
[2019.12.10-13.33.20:776][ 11]LogTemp: Repeating last play command: 선택된 뷰포트
[2019.12.10-13.33.20:781][ 11]LogBlueprintUserMessages: Early PlayInEditor Detection: Level '/Game/MainMap.MainMap:PersistentLevel' has LevelScriptBlueprint '/Game/MainMap.MainMap:PersistentLevel.MainMap' with GeneratedClass '/Game/MainMap.MainMap_C' with ClassGeneratedBy '/Game/MainMap.MainMap:PersistentLevel.MainMap'
[2019.12.10-13.33.20:901][ 11]LogPlayLevel: PlayLevel: No blueprints needed recompiling
[2019.12.10-13.33.20:924][ 11]PIE: New page: PIE 세션: MainMap (2019. 12. 11. 오전 7:33:20)
[2019.12.10-13.33.20:997][ 11]LogPlayLevel: Creating play world package: /Game/UEDPIE_0_MainMap
[2019.12.10-13.33.21:018][ 11]LogPlayLevel: PIE: StaticDuplicateObject took: (0.019527s)
[2019.12.10-13.33.21:027][ 11]LogAIModule: Creating AISystem for world MainMap
[2019.12.10-13.33.21:035][ 11]LogPlayLevel: PIE: World Init took: (0.017005s)
[2019.12.10-13.33.21:035][ 11]LogPlayLevel: PIE: Created PIE world by copying editor world from /Game/MainMap.MainMap to /Game/UEDPIE_0_MainMap.MainMap (0.037940s)
[2019.12.10-13.33.21:077][ 11]LogUObjectHash: Compacting FUObjectHashTables data took   1.58ms
[2019.12.10-13.33.21:171][ 11]LogInit: XAudio2 using '스피커(USB Audio Device)' : 2 channels at 48 kHz using 16 bits per sample (channel mask 0x3)
[2019.12.10-13.33.21:232][ 11]LogInit: FAudioDevice initialized.
[2019.12.10-13.33.21:286][ 11]LogLoad: Game class is 'TankGameMode'
[2019.12.10-13.33.21:397][ 11]LogWorld: Bringing World /Game/UEDPIE_0_MainMap.MainMap up for play (max tick rate 0) at 2019.12.10-22.33.21
[2019.12.10-13.33.21:472][ 11]LogWorld: Bringing up level for play took: 0.078885
[2019.12.10-13.33.21:549][ 11]LogContentBrowser: Native class hierarchy updated for 'MovieSceneCapture' in 0.0110 seconds. Added 20 classes and 0 folders.
[2019.12.10-13.33.21:613][ 11]PIE: /Game/UEDPIE_0_MainMap 에 대한 에디터에서 플레이 시작 시간: 0.495
[2019.12.10-13.33.21:614][ 11]LogBlueprintUserMessages: Late PlayInEditor Detection: Level '/Game/MainMap.MainMap:PersistentLevel' has LevelScriptBlueprint '/Game/MainMap.MainMap:PersistentLevel.MainMap' with GeneratedClass '/Game/MainMap.MainMap_C' with ClassGeneratedBy '/Game/MainMap.MainMap:PersistentLevel.MainMap'
[2019.12.10-13.33.38:696][ 34]LogBlueprintUserMessages: Early EndPlayMap Detection: Level '/Game/MainMap.MainMap:PersistentLevel' has LevelScriptBlueprint '/Game/MainMap.MainMap:PersistentLevel.MainMap' with GeneratedClass '/Game/MainMap.MainMap_C' with ClassGeneratedBy '/Game/MainMap.MainMap:PersistentLevel.MainMap'
[2019.12.10-13.33.38:708][ 34]LogSlate: Updating window title bar state: overlay mode, drag disabled, window buttons hidden, title bar hidden
[2019.12.10-13.33.38:785][ 34]LogPlayLevel: Display: Shutting down PIE online subsystems
[2019.12.10-13.33.38:785][ 34]LogBlueprintUserMessages: Late EndPlayMap Detection: Level '/Game/MainMap.MainMap:PersistentLevel' has LevelScriptBlueprint '/Game/MainMap.MainMap:PersistentLevel.MainMap' with GeneratedClass '/Game/MainMap.MainMap_C' with ClassGeneratedBy '/Game/MainMap.MainMap:PersistentLevel.MainMap'
[2019.12.10-13.33.38:819][ 34]LogSlate: Updating window title bar state: overlay mode, drag disabled, window buttons hidden, title bar hidden
[2019.12.10-13.33.38:836][ 34]LogUObjectHash: Compacting FUObjectHashTables data took   2.25ms
[2019.12.10-13.33.38:867][ 35]LogPlayLevel: Display: Destroying online subsystem :Context_1
[2019.12.10-13.33.40:305][187]LogSlate: FSceneViewport::OnFocusLost() reason 0
[2019.12.10-13.33.42:940][502]LogTemp: Repeating last play command: 선택된 뷰포트
[2019.12.10-13.33.42:943][502]LogBlueprintUserMessages: Early PlayInEditor Detection: Level '/Game/MainMap.MainMap:PersistentLevel' has LevelScriptBlueprint '/Game/MainMap.MainMap:PersistentLevel.MainMap' with GeneratedClass '/Game/MainMap.MainMap_C' with ClassGeneratedBy '/Game/MainMap.MainMap:PersistentLevel.MainMap'
[2019.12.10-13.33.42:943][502]LogPlayLevel: PlayLevel: No blueprints needed recompiling
[2019.12.10-13.33.42:944][502]PIE: New page: PIE 세션: MainMap (2019. 12. 11. 오전 7:33:42)
[2019.12.10-13.33.42:944][502]LogPlayLevel: Creating play world package: /Game/UEDPIE_0_MainMap
[2019.12.10-13.33.42:948][502]LogPlayLevel: PIE: StaticDuplicateObject took: (0.004317s)
[2019.12.10-13.33.42:949][502]LogAIModule: Creating AISystem for world MainMap
[2019.12.10-13.33.42:949][502]LogPlayLevel: PIE: World Init took: (0.001003s)
[2019.12.10-13.33.42:949][502]LogPlayLevel: PIE: Created PIE world by copying editor world from /Game/MainMap.MainMap to /Game/UEDPIE_0_MainMap.MainMap (0.005560s)
[2019.12.10-13.33.42:971][502]LogUObjectHash: Compacting FUObjectHashTables data took   1.61ms
[2019.12.10-13.33.43:067][502]LogInit: XAudio2 using '스피커(USB Audio Device)' : 2 channels at 48 kHz using 16 bits per sample (channel mask 0x3)
[2019.12.10-13.33.43:131][502]LogInit: FAudioDevice initialized.
[2019.12.10-13.33.43:182][502]LogLoad: Game class is 'TankGameMode'
[2019.12.10-13.33.43:184][502]LogWorld: Bringing World /Game/UEDPIE_0_MainMap.MainMap up for play (max tick rate 0) at 2019.12.10-22.33.43
[2019.12.10-13.33.43:185][502]LogWorld: Bringing up level for play took: 0.001831
[2019.12.10-13.33.43:198][502]PIE: /Game/UEDPIE_0_MainMap 에 대한 에디터에서 플레이 시작 시간: 0.08
[2019.12.10-13.33.43:199][502]LogBlueprintUserMessages: Late PlayInEditor Detection: Level '/Game/MainMap.MainMap:PersistentLevel' has LevelScriptBlueprint '/Game/MainMap.MainMap:PersistentLevel.MainMap' with GeneratedClass '/Game/MainMap.MainMap_C' with ClassGeneratedBy '/Game/MainMap.MainMap:PersistentLevel.MainMap'
[2019.12.10-13.33.50:978][429]LogBlueprintUserMessages: Early EndPlayMap Detection: Level '/Game/MainMap.MainMap:PersistentLevel' has LevelScriptBlueprint '/Game/MainMap.MainMap:PersistentLevel.MainMap' with GeneratedClass '/Game/MainMap.MainMap_C' with ClassGeneratedBy '/Game/MainMap.MainMap:PersistentLevel.MainMap'
[2019.12.10-13.33.50:978][429]LogSlate: Updating window title bar state: overlay mode, drag disabled, window buttons hidden, title bar hidden
[2019.12.10-13.33.51:007][429]LogPlayLevel: Display: Shutting down PIE online subsystems
[2019.12.10-13.33.51:007][429]LogBlueprintUserMessages: Late EndPlayMap Detection: Level '/Game/MainMap.MainMap:PersistentLevel' has LevelScriptBlueprint '/Game/MainMap.MainMap:PersistentLevel.MainMap' with GeneratedClass '/Game/MainMap.MainMap_C' with ClassGeneratedBy '/Game/MainMap.MainMap:PersistentLevel.MainMap'
[2019.12.10-13.33.51:033][429]LogSlate: Updating window title bar state: overlay mode, drag disabled, window buttons hidden, title bar hidden
[2019.12.10-13.33.51:036][429]LogUObjectHash: Compacting FUObjectHashTables data took   1.23ms
[2019.12.10-13.33.51:079][432]LogPlayLevel: Display: Destroying online subsystem :Context_2
[2019.12.10-13.33.54:537][845]LogSlate: FSceneViewport::OnFocusLost() reason 0
[2019.12.10-13.33.54:677][862]LogTemp: Repeating last play command: 선택된 뷰포트
[2019.12.10-13.33.54:681][862]LogBlueprintUserMessages: Early PlayInEditor Detection: Level '/Game/MainMap.MainMap:PersistentLevel' has LevelScriptBlueprint '/Game/MainMap.MainMap:PersistentLevel.MainMap' with GeneratedClass '/Game/MainMap.MainMap_C' with ClassGeneratedBy '/Game/MainMap.MainMap:PersistentLevel.MainMap'
[2019.12.10-13.33.54:681][862]LogPlayLevel: PlayLevel: No blueprints needed recompiling
[2019.12.10-13.33.54:681][862]PIE: New page: PIE 세션: MainMap (2019. 12. 11. 오전 7:33:54)
[2019.12.10-13.33.54:681][862]LogPlayLevel: Creating play world package: /Game/UEDPIE_0_MainMap
[2019.12.10-13.33.54:687][862]LogPlayLevel: PIE: StaticDuplicateObject took: (0.005361s)
[2019.12.10-13.33.54:687][862]LogAIModule: Creating AISystem for world MainMap
[2019.12.10-13.33.54:687][862]LogPlayLevel: PIE: World Init took: (0.000584s)
[2019.12.10-13.33.54:687][862]LogPlayLevel: PIE: Created PIE world by copying editor world from /Game/MainMap.MainMap to /Game/UEDPIE_0_MainMap.MainMap (0.006101s)
[2019.12.10-13.33.54:709][862]LogUObjectHash: Compacting FUObjectHashTables data took   1.08ms
[2019.12.10-13.33.54:803][862]LogInit: XAudio2 using '스피커(USB Audio Device)' : 2 channels at 48 kHz using 16 bits per sample (channel mask 0x3)
[2019.12.10-13.33.54:871][862]LogInit: FAudioDevice initialized.
[2019.12.10-13.33.54:898][862]LogLoad: Game class is 'TankGameMode'
[2019.12.10-13.33.54:900][862]LogWorld: Bringing World /Game/UEDPIE_0_MainMap.MainMap up for play (max tick rate 0) at 2019.12.10-22.33.54
[2019.12.10-13.33.54:900][862]LogWorld: Bringing up level for play took: 0.001624
[2019.12.10-13.33.54:913][862]PIE: /Game/UEDPIE_0_MainMap 에 대한 에디터에서 플레이 시작 시간: -0.204
[2019.12.10-13.33.54:914][862]LogBlueprintUserMessages: Late PlayInEditor Detection: Level '/Game/MainMap.MainMap:PersistentLevel' has LevelScriptBlueprint '/Game/MainMap.MainMap:PersistentLevel.MainMap' with GeneratedClass '/Game/MainMap.MainMap_C' with ClassGeneratedBy '/Game/MainMap.MainMap:PersistentLevel.MainMap'
[2019.12.10-13.34.16:273][393]LogSlate: FSceneViewport::OnFocusLost() reason 0
[2019.12.10-13.34.26:142][567]LogBlueprintUserMessages: Early EndPlayMap Detection: Level '/Game/MainMap.MainMap:PersistentLevel' has LevelScriptBlueprint '/Game/MainMap.MainMap:PersistentLevel.MainMap' with GeneratedClass '/Game/MainMap.MainMap_C' with ClassGeneratedBy '/Game/MainMap.MainMap:PersistentLevel.MainMap'
[2019.12.10-13.34.26:142][567]LogSlate: Updating window title bar state: overlay mode, drag disabled, window buttons hidden, title bar hidden
[2019.12.10-13.34.26:184][567]LogPlayLevel: Display: Shutting down PIE online subsystems
[2019.12.10-13.34.26:184][567]LogBlueprintUserMessages: Late EndPlayMap Detection: Level '/Game/MainMap.MainMap:PersistentLevel' has LevelScriptBlueprint '/Game/MainMap.MainMap:PersistentLevel.MainMap' with GeneratedClass '/Game/MainMap.MainMap_C' with ClassGeneratedBy '/Game/MainMap.MainMap:PersistentLevel.MainMap'
[2019.12.10-13.34.26:209][567]LogSlate: Updating window title bar state: overlay mode, drag disabled, window buttons hidden, title bar hidden
[2019.12.10-13.34.26:212][567]LogUObjectHash: Compacting FUObjectHashTables data took   1.53ms
[2019.12.10-13.34.26:248][571]LogPlayLevel: Display: Destroying online subsystem :Context_3
[2019.12.10-13.35.13:930][ 64]LogTemp: Repeating last play command: 선택된 뷰포트
[2019.12.10-13.35.13:933][ 64]LogBlueprintUserMessages: Early PlayInEditor Detection: Level '/Game/MainMap.MainMap:PersistentLevel' has LevelScriptBlueprint '/Game/MainMap.MainMap:PersistentLevel.MainMap' with GeneratedClass '/Game/MainMap.MainMap_C' with ClassGeneratedBy '/Game/MainMap.MainMap:PersistentLevel.MainMap'
[2019.12.10-13.35.13:933][ 64]LogPlayLevel: PlayLevel: No blueprints needed recompiling
[2019.12.10-13.35.13:933][ 64]PIE: New page: PIE 세션: MainMap (2019. 12. 11. 오전 7:35:13)
[2019.12.10-13.35.13:933][ 64]LogPlayLevel: Creating play world package: /Game/UEDPIE_0_MainMap
[2019.12.10-13.35.13:941][ 64]LogPlayLevel: PIE: StaticDuplicateObject took: (0.007956s)
[2019.12.10-13.35.13:942][ 64]LogAIModule: Creating AISystem for world MainMap
[2019.12.10-13.35.13:942][ 64]LogPlayLevel: PIE: World Init took: (0.000929s)
[2019.12.10-13.35.13:943][ 64]LogPlayLevel: PIE: Created PIE world by copying editor world from /Game/MainMap.MainMap to /Game/UEDPIE_0_MainMap.MainMap (0.009058s)
[2019.12.10-13.35.13:964][ 64]LogUObjectHash: Compacting FUObjectHashTables data took   0.95ms
[2019.12.10-13.35.14:066][ 64]LogInit: XAudio2 using '스피커(USB Audio Device)' : 2 channels at 48 kHz using 16 bits per sample (channel mask 0x3)
[2019.12.10-13.35.14:139][ 64]LogInit: FAudioDevice initialized.
[2019.12.10-13.35.14:172][ 64]LogLoad: Game class is 'TankGameMode'
[2019.12.10-13.35.14:174][ 64]LogWorld: Bringing World /Game/UEDPIE_0_MainMap.MainMap up for play (max tick rate 0) at 2019.12.10-22.35.14
[2019.12.10-13.35.14:174][ 64]LogWorld: Bringing up level for play took: 0.002191
[2019.12.10-13.35.14:187][ 64]PIE: /Game/UEDPIE_0_MainMap 에 대한 에디터에서 플레이 시작 시간: 1.069
[2019.12.10-13.35.14:188][ 64]LogBlueprintUserMessages: Late PlayInEditor Detection: Level '/Game/MainMap.MainMap:PersistentLevel' has LevelScriptBlueprint '/Game/MainMap.MainMap:PersistentLevel.MainMap' with GeneratedClass '/Game/MainMap.MainMap_C' with ClassGeneratedBy '/Game/MainMap.MainMap:PersistentLevel.MainMap'
[2019.12.10-13.35.44:485][679]LogBlueprintUserMessages: Early EndPlayMap Detection: Level '/Game/MainMap.MainMap:PersistentLevel' has LevelScriptBlueprint '/Game/MainMap.MainMap:PersistentLevel.MainMap' with GeneratedClass '/Game/MainMap.MainMap_C' with ClassGeneratedBy '/Game/MainMap.MainMap:PersistentLevel.MainMap'
[2019.12.10-13.35.44:486][679]LogSlate: Updating window title bar state: overlay mode, drag disabled, window buttons hidden, title bar hidden
[2019.12.10-13.35.44:533][679]LogPlayLevel: Display: Shutting down PIE online subsystems
[2019.12.10-13.35.44:533][679]LogBlueprintUserMessages: Late EndPlayMap Detection: Level '/Game/MainMap.MainMap:PersistentLevel' has LevelScriptBlueprint '/Game/MainMap.MainMap:PersistentLevel.MainMap' with GeneratedClass '/Game/MainMap.MainMap_C' with ClassGeneratedBy '/Game/MainMap.MainMap:PersistentLevel.MainMap'
[2019.12.10-13.35.44:559][679]LogSlate: Updating window title bar state: overlay mode, drag disabled, window buttons hidden, title bar hidden
[2019.12.10-13.35.44:561][679]LogUObjectHash: Compacting FUObjectHashTables data took   0.93ms
[2019.12.10-13.35.44:589][682]LogPlayLevel: Display: Destroying online subsystem :Context_6
[2019.12.10-13.36.06:951][988]LogSlate: FSceneViewport::OnFocusLost() reason 2
[2019.12.10-13.36.08:633][993]LogSlate: Window '메시지 로그' being destroyed
[2019.12.10-13.36.08:638][993]LogSlate: Window '메시지 로그' being destroyed
[2019.12.10-13.36.30:326][325]LogHotReload: New module detected: UE4Editor-CKUE4-0001.dll
[2019.12.10-13.36.32:361][332]LogHotReload: Starting Hot-Reload from IDE
[2019.12.10-13.36.32:392][332]LogSlate: Took 0.000158 seconds to synchronously load lazily loaded font '../../../Engine/Content/Slate/Fonts/Roboto-Light.ttf' (167K)
[2019.12.10-13.36.32:448][332]LogUObjectHash: Compacting FUObjectHashTables data took   0.56ms
[2019.12.10-13.36.32:480][332]LogHotReload: Re-instancing TankCharacter after hot-reload.
[2019.12.10-13.36.32:909][332]LogContentBrowser: Native class hierarchy updated for 'CKUE4' in 0.0007 seconds. Added 10 classes and 2 folders.
[2019.12.10-13.36.32:912][332]Display: HotReload successful (0 functions remapped  0 scriptstructs remapped)
[2019.12.10-13.36.33:030][332]LogUObjectHash: Compacting FUObjectHashTables data took   1.63ms
[2019.12.10-13.36.33:044][332]LogContentBrowser: Native class hierarchy populated in 0.0097 seconds. Added 2743 classes and 663 folders.
[2019.12.10-13.36.33:160][332]Display: HotReload took  0.8s.
[2019.12.10-13.37.10:337][570]LogTemp: Repeating last play command: 선택된 뷰포트
[2019.12.10-13.37.10:345][570]LogBlueprintUserMessages: Early PlayInEditor Detection: Level '/Game/MainMap.MainMap:PersistentLevel' has LevelScriptBlueprint '/Game/MainMap.MainMap:PersistentLevel.MainMap' with GeneratedClass '/Game/MainMap.MainMap_C' with ClassGeneratedBy '/Game/MainMap.MainMap:PersistentLevel.MainMap'
[2019.12.10-13.37.10:345][570]LogPlayLevel: PlayLevel: No blueprints needed recompiling
[2019.12.10-13.37.10:345][570]PIE: New page: PIE 세션: MainMap (2019. 12. 11. 오전 7:37:10)
[2019.12.10-13.37.10:345][570]LogPlayLevel: Creating play world package: /Game/UEDPIE_0_MainMap
[2019.12.10-13.37.10:352][570]LogPlayLevel: PIE: StaticDuplicateObject took: (0.006951s)
[2019.12.10-13.37.10:353][570]LogAIModule: Creating AISystem for world MainMap
[2019.12.10-13.37.10:353][570]LogPlayLevel: PIE: World Init took: (0.000751s)
[2019.12.10-13.37.10:353][570]LogPlayLevel: PIE: Created PIE world by copying editor world from /Game/MainMap.MainMap to /Game/UEDPIE_0_MainMap.MainMap (0.007865s)
[2019.12.10-13.37.10:373][570]LogUObjectHash: Compacting FUObjectHashTables data took   1.45ms
[2019.12.10-13.37.10:523][570]LogInit: XAudio2 using '스피커(USB Audio Device)' : 2 channels at 48 kHz using 16 bits per sample (channel mask 0x3)
[2019.12.10-13.37.10:606][570]LogInit: FAudioDevice initialized.
[2019.12.10-13.37.10:634][570]LogLoad: Game class is 'TankGameMode'
[2019.12.10-13.37.10:636][570]LogWorld: Bringing World /Game/UEDPIE_0_MainMap.MainMap up for play (max tick rate 0) at 2019.12.10-22.37.10
[2019.12.10-13.37.10:636][570]LogWorld: Bringing up level for play took: 0.001669
[2019.12.10-13.37.10:649][570]PIE: /Game/UEDPIE_0_MainMap 에 대한 에디터에서 플레이 시작 시간: -0.469
[2019.12.10-13.37.10:649][570]LogBlueprintUserMessages: Late PlayInEditor Detection: Level '/Game/MainMap.MainMap:PersistentLevel' has LevelScriptBlueprint '/Game/MainMap.MainMap:PersistentLevel.MainMap' with GeneratedClass '/Game/MainMap.MainMap_C' with ClassGeneratedBy '/Game/MainMap.MainMap:PersistentLevel.MainMap'
[2019.12.10-13.37.27:487][521]LogSlate: FSceneViewport::OnFocusLost() reason 0
[2019.12.10-13.37.27:605][535]LogBlueprintUserMessages: Early EndPlayMap Detection: Level '/Game/MainMap.MainMap:PersistentLevel' has LevelScriptBlueprint '/Game/MainMap.MainMap:PersistentLevel.MainMap' with GeneratedClass '/Game/MainMap.MainMap_C' with ClassGeneratedBy '/Game/MainMap.MainMap:PersistentLevel.MainMap'
[2019.12.10-13.37.27:605][535]LogSlate: Updating window title bar state: overlay mode, drag disabled, window buttons hidden, title bar hidden
[2019.12.10-13.37.27:638][535]LogPlayLevel: Display: Shutting down PIE online subsystems
[2019.12.10-13.37.27:638][535]LogBlueprintUserMessages: Late EndPlayMap Detection: Level '/Game/MainMap.MainMap:PersistentLevel' has LevelScriptBlueprint '/Game/MainMap.MainMap:PersistentLevel.MainMap' with GeneratedClass '/Game/MainMap.MainMap_C' with ClassGeneratedBy '/Game/MainMap.MainMap:PersistentLevel.MainMap'
[2019.12.10-13.37.27:660][535]LogSlate: Updating window title bar state: overlay mode, drag disabled, window buttons hidden, title bar hidden
[2019.12.10-13.37.27:662][535]LogUObjectHash: Compacting FUObjectHashTables data took   0.91ms
[2019.12.10-13.37.27:711][541]LogPlayLevel: Display: Destroying online subsystem :Context_7
[2019.12.10-13.37.36:248][442]LogEditor: Attempting to add actor of class 'TankAP' to level at -1170.00,-150.00,0.00
[2019.12.10-13.37.36:679][482]LogEditor: Attempting to add actor of class 'TankAP' to level at -490.00,-60.00,0.00
[2019.12.10-13.37.41:058][992]LogSlate: FSceneViewport::OnFocusLost() reason 0
[2019.12.10-13.37.49:806][ 32]LogSlate: FSceneViewport::OnFocusLost() reason 0
[2019.12.10-13.37.59:727][182]Cmd: DELETE
[2019.12.10-13.37.59:728][182]Cmd: ACTOR DELETE
[2019.12.10-13.37.59:900][182]LogEditorActor: Deleted Actor: TankAP
[2019.12.10-13.37.59:922][182]LogUObjectHash: Compacting FUObjectHashTables data took   1.23ms
[2019.12.10-13.37.59:922][182]LogEditorActor: Deleted 1 Actors (0.065 secs)
[2019.12.10-13.39.25:433][290]Cmd: TRANSACTION UNDO
[2019.12.10-13.39.25:433][290]LogEditorTransaction: Undo 액터 생성
[2019.12.10-13.39.27:885][449]LogSlate: FSceneViewport::OnFocusLost() reason 0
[2019.12.10-13.39.29:945][691]Cmd: TRANSACTION UNDO
[2019.12.10-13.39.29:945][691]LogEditorTransaction: Undo 액터 생성
[2019.12.10-13.39.41:588][490]LogSlate: FSceneViewport::OnFocusLost() reason 0
[2019.12.10-13.39.41:906][527]LogActorFactory: Actor Factory created Sphere
[2019.12.10-13.39.44:616][845]LogSlate: FSceneViewport::OnFocusLost() reason 2
[2019.12.10-13.39.50:013][461]LogUObjectHash: Compacting FUObjectHashTables data took   1.06ms
[2019.12.10-13.39.50:052][461]LogSlate: FSceneViewport::OnFocusLost() reason 2
[2019.12.10-13.39.52:173][461]LogSlate: Window '콘텐츠 저장' being destroyed
[2019.12.10-13.39.52:197][461]LogSlate: FSceneViewport::OnFocusLost() reason 2
[2019.12.10-13.39.52:206][461]Cmd: OBJ SAVEPACKAGE PACKAGE="/Game/MainMap" FILE="../../../../../UnrealEngine/CKUnrealProject/CKUE4/Content/MainMap.umap" SILENT=true AUTOSAVING=false KEEPDIRTY=false
[2019.12.10-13.39.52:276][461]LogUObjectHash: Compacting FUObjectHashTables data took   0.69ms
[2019.12.10-13.39.52:641][461]LogSavePackage: Moving '../../../../../UnrealEngine/CKUnrealProject/CKUE4/Saved/MainMap9B4BEEBC44BB49C32F8680BB620845EE.tmp' to '../../../../../UnrealEngine/CKUnrealProject/CKUE4/Content/MainMap.umap'
[2019.12.10-13.39.52:909][461]LogFileHelpers: Saving map 'MainMap' took 0.703
[2019.12.10-13.39.52:938][461]LogSlate: FSceneViewport::OnFocusLost() reason 2
[2019.12.10-13.39.55:397][706]LogSlate: Window '애셋 고급 복사 리포트' being destroyed
[2019.12.10-13.39.55:407][706]LogSlate: FSceneViewport::OnFocusLost() reason 2
[2019.12.10-13.39.55:411][706]AssetTools: New page: 콘텐츠 고급 복사가 성공적으로 끝났습니다!
[2019.12.10-13.40.05:481][388]LogSlate: FSceneViewport::OnFocusLost() reason 0
[2019.12.10-13.40.05:897][437]LogActorFactory: Actor Factory created Sphere
[2019.12.10-13.40.08:105][701]LogSlate: FSceneViewport::OnFocusLost() reason 2
[2019.12.10-13.40.09:242][822]LogStaticMesh: Sphere 스태틱 메시 빌드중...
[2019.12.10-13.40.09:249][822]LogSlate: FSceneViewport::OnFocusLost() reason 2
[2019.12.10-13.40.09:326][822]LogStaticMesh: Built static mesh [0.08s] /Game/Models/Sphere.Sphere
[2019.12.10-13.40.09:389][822]LogSlate: FSceneViewport::OnFocusLost() reason 2
[2019.12.10-13.40.12:016][ 39]LogActorFactory: Actor Factory created Sphere
[2019.12.10-13.40.13:496][213]LogSlate: FSceneViewport::OnFocusLost() reason 2
[2019.12.10-13.41.35:173][799]LogSlate: FSceneViewport::OnFocusLost() reason 0
[2019.12.10-13.41.38:809][ 96]LogStaticMesh: Shell 스태틱 메시 빌드중...
[2019.12.10-13.41.38:843][ 96]LogStaticMesh: Built static mesh [0.03s] /Game/Models/Shell.Shell
[2019.12.10-13.41.38:870][ 96]LogMaterial: Display: Missing cached shader map for material Gold, compiling. 
[2019.12.10-13.42.58:043][934]LogHotReload: New module detected: UE4Editor-CKUE4-0002.dll
[2019.12.10-13.43.00:080][941]LogHotReload: Starting Hot-Reload from IDE
[2019.12.10-13.43.00:112][941]LogUObjectHash: Compacting FUObjectHashTables data took   1.68ms
[2019.12.10-13.43.00:123][941]LogClass: Could not find existing class TankAP in package /Script/CKUE4 for HotReload, assuming new class
[2019.12.10-13.43.08:858][941]LogWindows: Error: === Critical error: ===
[2019.12.10-13.43.08:859][941]LogWindows: Error: 
[2019.12.10-13.43.08:859][941]LogWindows: Error: Fatal error!
[2019.12.10-13.43.08:859][941]LogWindows: Error: 
[2019.12.10-13.43.08:859][941]LogWindows: Error: Unhandled Exception: EXCEPTION_ACCESS_VIOLATION reading address 0x000000bc
[2019.12.10-13.43.08:859][941]LogWindows: Error: 
[2019.12.10-13.43.08:859][941]LogWindows: Error: [Callstack] 0x00007ffa01e1e204 UE4Editor-Engine.dll!UnknownFunction []
[2019.12.10-13.43.08:859][941]LogWindows: Error: [Callstack] 0x00007ffa116490cf UE4Editor-CKUE4-0002.dll!ATankAP::ATankAP() [d:\unrealengine\ckunrealproject\ckue4\source\ckue4\tankap.cpp:20]
[2019.12.10-13.43.08:859][941]LogWindows: Error: [Callstack] 0x00007ffa0428610f UE4Editor-CoreUObject.dll!UnknownFunction []
[2019.12.10-13.43.08:859][941]LogWindows: Error: [Callstack] 0x00007ffa044c1056 UE4Editor-CoreUObject.dll!UnknownFunction []
[2019.12.10-13.43.08:859][941]LogWindows: Error: [Callstack] 0x00007ffa044aedef UE4Editor-CoreUObject.dll!UnknownFunction []
[2019.12.10-13.43.08:859][941]LogWindows: Error: [Callstack] 0x00007ffa0428a727 UE4Editor-CoreUObject.dll!UnknownFunction []
[2019.12.10-13.43.08:859][941]LogWindows: Error: [Callstack] 0x00007ffa0c424a2b UE4Editor-Core.dll!UnknownFunction []
[2019.12.10-13.43.08:859][941]LogWindows: Error: [Callstack] 0x00007ffa0c5f5cb5 UE4Editor-Core.dll!UnknownFunction []
[2019.12.10-13.43.08:859][941]LogWindows: Error: [Callstack] 0x00007ffa0c5f5053 UE4Editor-Core.dll!UnknownFunction []
[2019.12.10-13.43.08:859][941]LogWindows: Error: [Callstack] 0x00007ff9f029df69 UE4Editor-HotReload.dll!UnknownFunction []
[2019.12.10-13.43.08:859][941]LogWindows: Error: [Callstack] 0x00007ff9f029dc4e UE4Editor-HotReload.dll!UnknownFunction []
[2019.12.10-13.43.08:859][941]LogWindows: Error: [Callstack] 0x00007ff9f02ac8f1 UE4Editor-HotReload.dll!UnknownFunction []
[2019.12.10-13.43.08:859][941]LogWindows: Error: [Callstack] 0x00007ffa0c3c08ba UE4Editor-Core.dll!UnknownFunction []
[2019.12.10-13.43.08:859][941]LogWindows: Error: [Callstack] 0x00007ff7ec2692d2 UE4Editor.exe!UnknownFunction []
[2019.12.10-13.43.08:859][941]LogWindows: Error: [Callstack] 0x00007ff7ec27554c UE4Editor.exe!UnknownFunction []
[2019.12.10-13.43.08:859][941]LogWindows: Error: [Callstack] 0x00007ff7ec2755ca UE4Editor.exe!UnknownFunction []
[2019.12.10-13.43.08:859][941]LogWindows: Error: [Callstack] 0x00007ff7ec28316c UE4Editor.exe!UnknownFunction []
[2019.12.10-13.43.08:859][941]LogWindows: Error: [Callstack] 0x00007ff7ec285b8e UE4Editor.exe!UnknownFunction []
[2019.12.10-13.43.08:859][941]LogWindows: Error: [Callstack] 0x00007ffa79267bd4 KERNEL32.DLL!UnknownFunction []
[2019.12.10-13.43.08:859][941]LogWindows: Error: [Callstack] 0x00007ffa79ecced1 ntdll.dll!UnknownFunction []
[2019.12.10-13.43.08:859][941]LogWindows: Error: 
[2019.12.10-13.43.08:954][941]LogExit: Executing StaticShutdownAfterError
[2019.12.10-13.43.08:979][941]LogWindows: FPlatformMisc::RequestExit(1)
[2019.12.10-13.43.09:000][941]Log file closed, 12/10/19 22:43:09
