Log file open, 12/11/19 00:25:05
LogWindows: Failed to load 'aqProf.dll' (GetLastError=126)
LogWindows: File 'aqProf.dll' does not exist
LogWindows: Failed to load 'VtuneApi.dll' (GetLastError=126)
LogWindows: File 'VtuneApi.dll' does not exist
LogWindows: Failed to load 'VtuneApi32e.dll' (GetLastError=126)
LogWindows: File 'VtuneApi32e.dll' does not exist
LogConsoleResponse: Display: Failed to find resolution value strings in scalability ini. Falling back to default.
LogInit: Display: Running engine for game: CKUE4
LogPakFile: Registered encryption key '00000000000000000000000000000000': 0 pak files mounted, 0 remain pending
LogPlatformFile: Not using cached read wrapper
LogTaskGraph: Started task graph with 5 named threads and 23 total threads with 3 sets of task threads.
LogStats: Stats thread started at 0.377647
LogD3D11RHI: Loaded GFSDK_Aftermath_Lib.x64.dll
LogICUInternationalization: ICU TimeZone Detection - Raw Offset: +9:00, Platform Override: ''
LogPluginManager: Mounting plugin Paper2D
LogPluginManager: Mounting plugin AISupport
LogPluginManager: Mounting plugin LightPropagationVolume
LogPluginManager: Mounting plugin ActorLayerUtilities
LogPluginManager: Mounting plugin AnimationSharing
LogPluginManager: Mounting plugin CLionSourceCodeAccess
LogPluginManager: Mounting plugin CodeLiteSourceCodeAccess
LogPluginManager: Mounting plugin GitSourceControl
LogPluginManager: Mounting plugin KDevelopSourceCodeAccess
LogPluginManager: Mounting plugin NullSourceCodeAccess
LogPluginManager: Mounting plugin PerforceSourceControl
LogPluginManager: Mounting plugin SubversionSourceControl
LogPluginManager: Mounting plugin UObjectPlugin
LogPluginManager: Mounting plugin VisualStudioCodeSourceCodeAccess
LogPluginManager: Mounting plugin VisualStudioSourceCodeAccess
LogPluginManager: Mounting plugin XCodeSourceCodeAccess
LogPluginManager: Mounting plugin AssetManagerEditor
LogPluginManager: Mounting plugin CryptoKeys
LogPluginManager: Mounting plugin DataValidation
LogPluginManager: Mounting plugin FacialAnimation
LogPluginManager: Mounting plugin GameplayTagsEditor
LogPluginManager: Mounting plugin MacGraphicsSwitching
LogPluginManager: Mounting plugin MaterialAnalyzer
LogPluginManager: Mounting plugin MobileLauncherProfileWizard
LogPluginManager: Mounting plugin PluginBrowser
LogPluginManager: Mounting plugin SpeedTreeImporter
LogPluginManager: Mounting plugin DatasmithContent
LogPluginManager: Mounting plugin VariantManagerContent
LogPluginManager: Mounting plugin AlembicImporter
LogPluginManager: Mounting plugin AppleImageUtils
LogPluginManager: Mounting plugin AppleVision
LogPluginManager: Mounting plugin BackChannel
LogPluginManager: Mounting plugin CharacterAI
LogPluginManager: Mounting plugin GeometryCache
LogPluginManager: Mounting plugin HTML5Networking
LogPluginManager: Mounting plugin ProxyLODPlugin
LogPluginManager: Mounting plugin SkeletalReduction
LogPluginManager: Mounting plugin MagicLeap
LogPluginManager: Mounting plugin MagicLeapMedia
LogPluginManager: Mounting plugin AndroidMedia
LogPluginManager: Mounting plugin AvfMedia
LogPluginManager: Mounting plugin ImgMedia
LogPluginManager: Mounting plugin LinearTimecode
LogPluginManager: Mounting plugin MediaCompositing
LogPluginManager: Mounting plugin MediaPlayerEditor
LogPluginManager: Mounting plugin WebMMedia
LogPluginManager: Mounting plugin WmfMedia
LogPluginManager: Mounting plugin TcpMessaging
LogPluginManager: Mounting plugin UdpMessaging
LogPluginManager: Mounting plugin ActorSequence
LogPluginManager: Mounting plugin LevelSequenceEditor
LogPluginManager: Mounting plugin MatineeToLevelSequence
LogPluginManager: Mounting plugin NetcodeUnitTest
LogPluginManager: Mounting plugin NUTUnrealEngine4
LogPluginManager: Mounting plugin OnlineSubsystemGooglePlay
LogPluginManager: Mounting plugin OnlineSubsystemIOS
LogPluginManager: Mounting plugin OnlineSubsystem
LogPluginManager: Mounting plugin OnlineSubsystemNull
LogPluginManager: Mounting plugin OnlineSubsystemUtils
LogPluginManager: Mounting plugin LauncherChunkInstaller
LogPluginManager: Mounting plugin AndroidDeviceProfileSelector
LogPluginManager: Mounting plugin AndroidMoviePlayer
LogPluginManager: Mounting plugin AndroidPermission
LogPluginManager: Mounting plugin AppleMoviePlayer
LogPluginManager: Mounting plugin ArchVisCharacter
LogPluginManager: Mounting plugin AudioCapture
LogPluginManager: Mounting plugin CableComponent
LogPluginManager: Mounting plugin CustomMeshComponent
LogPluginManager: Mounting plugin EditableMesh
LogPluginManager: Mounting plugin ExampleDeviceProfileSelector
LogPluginManager: Mounting plugin Firebase
LogPluginManager: Mounting plugin GoogleCloudMessaging
LogPluginManager: Mounting plugin IOSDeviceProfileSelector
LogPluginManager: Mounting plugin LinuxDeviceProfileSelector
LogPluginManager: Mounting plugin LocationServicesBPLibrary
LogPluginManager: Mounting plugin MobilePatchingUtils
LogPluginManager: Mounting plugin OculusVR
LogPluginManager: Mounting plugin PhysXVehicles
LogPluginManager: Mounting plugin ProceduralMeshComponent
LogPluginManager: Mounting plugin RuntimePhysXCooking
LogPluginManager: Mounting plugin SignificanceManager
LogPluginManager: Mounting plugin SteamVR
LogPluginManager: Mounting plugin WebMMoviePlayer
LogPluginManager: Mounting plugin WindowsMoviePlayer
LogInit: Using libcurl 7.55.1-DEV
LogInit:  - built for x86_64-pc-win32
LogInit:  - supports SSL with OpenSSL/1.1.1
LogInit:  - supports HTTP deflate (compression) using libz 1.2.8
LogInit:  - other features:
LogInit:      CURL_VERSION_SSL
LogInit:      CURL_VERSION_LIBZ
LogInit:      CURL_VERSION_IPV6
LogInit:      CURL_VERSION_ASYNCHDNS
LogInit:      CURL_VERSION_LARGEFILE
LogInit:      CURL_VERSION_IDN
LogInit:  CurlRequestOptions (configurable via config and command line):
LogInit:  - bVerifyPeer = true  - Libcurl will verify peer certificate
LogInit:  - bUseHttpProxy = false  - Libcurl will NOT use HTTP proxy
LogInit:  - bDontReuseConnections = false  - Libcurl will reuse connections
LogInit:  - MaxHostConnections = 16  - Libcurl will limit the number of connections to a host
LogInit:  - LocalHostAddr = Default
LogInit:  - BufferSize = 65536
LogInit: WinSock: version 1.1 (2.2), MaxSocks=32767, MaxUdp=65467
LogInit: Build: ++UE4+Release-4.22-CL-7053642
LogInit: Engine Version: 4.22.3-7053642+++UE4+Release-4.22
LogInit: Compatible Engine Version: 4.22.0-5660361+++UE4+Release-4.22
LogInit: Net CL: 5660361
LogInit: OS: Windows 10 (Release 1903) (), CPU: Intel(R) Core(TM) i7-6700 CPU @ 3.40GHz, GPU: NVIDIA GeForce GTX 960
LogInit: Compiled (64-bit): Jun 18 2019 03:09:11
LogInit: Compiled with Visual C++: 19.16.27025.01
LogInit: Build Configuration: Development
LogInit: Branch Name: ++UE4+Release-4.22
LogInit: Command Line:  -skipcompile
LogInit: Base Directory: D:/Epic Games/UE_4.22/Engine/Binaries/Win64/
LogInit: Installed Engine Build: 1
LogDevObjectVersion: Number of dev versions registered: 23
LogDevObjectVersion:   Dev-Blueprints (B0D832E4-1F89-4F0D-ACCF-7EB736FD4AA2): 10
LogDevObjectVersion:   Dev-Build (E1C64328-A22C-4D53-A36C-8E866417BD8C): 0
LogDevObjectVersion:   Dev-Core (375EC13C-06E4-48FB-B500-84F0262A717E): 3
LogDevObjectVersion:   Dev-Editor (E4B068ED-F494-42E9-A231-DA0B2E46BB41): 30
LogDevObjectVersion:   Dev-Framework (CFFC743F-43B0-4480-9391-14DF171D2073): 35
LogDevObjectVersion:   Dev-Mobile (B02B49B5-BB20-44E9-A304-32B752E40360): 2
LogDevObjectVersion:   Dev-Networking (A4E4105C-59A1-49B5-A7C5-40C4547EDFEE): 0
LogDevObjectVersion:   Dev-Online (39C831C9-5AE6-47DC-9A44-9C173E1C8E7C): 0
LogDevObjectVersion:   Dev-Physics (78F01B33-EBEA-4F98-B9B4-84EACCB95AA2): 0
LogDevObjectVersion:   Dev-Platform (6631380F-2D4D-43E0-8009-CF276956A95A): 0
LogDevObjectVersion:   Dev-Rendering (12F88B9F-8875-4AFC-A67C-D90C383ABD29): 28
LogDevObjectVersion:   Dev-Sequencer (7B5AE74C-D270-4C10-A958-57980B212A5A): 11
LogDevObjectVersion:   Dev-VR (D7296918-1DD6-4BDD-9DE2-64A83CC13884): 2
LogDevObjectVersion:   Dev-LoadTimes (C2A15278-BFE7-4AFE-6C17-90FF531DF755): 1
LogDevObjectVersion:   Private-Geometry (6EACA3D4-40EC-4CC1-B786-8BED09428FC5): 3
LogDevObjectVersion:   Dev-AnimPhys (29E575DD-E0A3-4627-9D10-D276232CDCEA): 17
LogDevObjectVersion:   Dev-Anim (AF43A65D-7FD3-4947-9873-3E8ED9C1BB05): 2
LogDevObjectVersion:   Dev-ReflectionCapture (6B266CEC-1EC7-4B8F-A30B-E4D90942FC07): 1
LogDevObjectVersion:   Dev-Automation (0DF73D61-A23F-47EA-B727-89E90C41499A): 1
LogDevObjectVersion:   FortniteMain (601D1886-AC64-4F84-AA16-D3DE0DEAC7D6): 25
LogDevObjectVersion:   Dev-Enterprise (9DFFBCD6-494F-0158-E221-12823C92A888): 6
LogDevObjectVersion:   Dev-Niagara (F2AED0AC-9AFE-416F-8664-AA7FFA26D6FC): 1
LogDevObjectVersion:   Dev-Destruction (174F1F0B-B4C6-45A5-B13F-2EE8D0FB917D): 2
LogInit: Presizing for max 16777216 objects, including 0 objects not considered by GC, pre-allocating 0 bytes for permanent pool.
LogInit: Object subsystem initialized
LogConfig: Setting CVar [[con.DebugEarlyDefault:1]]
LogConfig: Setting CVar [[r.setres:1280x720]]
[2019.12.10-15.25.06:198][  0]LogConfig: Setting CVar [[r.VSync:0]]
[2019.12.10-15.25.06:198][  0]LogConfig: Setting CVar [[r.RHICmdBypass:0]]
[2019.12.10-15.25.06:198][  0]LogConfig: Applying CVar settings from Section [/Script/Engine.RendererSettings] File [D:/UnrealEngine/CKUnrealProject/CKUE4/Saved/Config/Windows/Engine.ini]
[2019.12.10-15.25.06:198][  0]LogConfig: Setting CVar [[r.GPUCrashDebugging:0]]
[2019.12.10-15.25.06:198][  0]LogConfig: Setting CVar [[r.DefaultFeature.AutoExposure.ExtendDefaultLuminanceRange:1]]
[2019.12.10-15.25.06:198][  0]LogConfig: Applying CVar settings from Section [/Script/Engine.RendererOverrideSettings] File [D:/UnrealEngine/CKUnrealProject/CKUE4/Saved/Config/Windows/Engine.ini]
[2019.12.10-15.25.06:198][  0]LogConfig: Applying CVar settings from Section [/Script/Engine.StreamingSettings] File [D:/UnrealEngine/CKUnrealProject/CKUE4/Saved/Config/Windows/Engine.ini]
[2019.12.10-15.25.06:199][  0]LogConfig: Setting CVar [[s.MinBulkDataSizeForAsyncLoading:131072]]
[2019.12.10-15.25.06:199][  0]LogConfig: Setting CVar [[s.AsyncLoadingThreadEnabled:0]]
[2019.12.10-15.25.06:199][  0]LogConfig: Setting CVar [[s.EventDrivenLoaderEnabled:1]]
[2019.12.10-15.25.06:199][  0]LogConfig: Setting CVar [[s.WarnIfTimeLimitExceeded:0]]
[2019.12.10-15.25.06:199][  0]LogConfig: Setting CVar [[s.TimeLimitExceededMultiplier:1.5]]
[2019.12.10-15.25.06:199][  0]LogConfig: Setting CVar [[s.TimeLimitExceededMinTime:0.005]]
[2019.12.10-15.25.06:199][  0]LogConfig: Setting CVar [[s.UseBackgroundLevelStreaming:1]]
[2019.12.10-15.25.06:199][  0]LogConfig: Setting CVar [[s.PriorityAsyncLoadingExtraTime:15.0]]
[2019.12.10-15.25.06:199][  0]LogConfig: Setting CVar [[s.LevelStreamingActorsUpdateTimeLimit:5.0]]
[2019.12.10-15.25.06:199][  0]LogConfig: Setting CVar [[s.PriorityLevelStreamingActorsUpdateExtraTime:5.0]]
[2019.12.10-15.25.06:199][  0]LogConfig: Setting CVar [[s.LevelStreamingComponentsRegistrationGranularity:10]]
[2019.12.10-15.25.06:199][  0]LogConfig: Setting CVar [[s.UnregisterComponentsTimeLimit:1.0]]
[2019.12.10-15.25.06:199][  0]LogConfig: Setting CVar [[s.LevelStreamingComponentsUnregistrationGranularity:5]]
[2019.12.10-15.25.06:199][  0]LogConfig: Applying CVar settings from Section [/Script/Engine.GarbageCollectionSettings] File [D:/UnrealEngine/CKUnrealProject/CKUE4/Saved/Config/Windows/Engine.ini]
[2019.12.10-15.25.06:199][  0]LogConfig: Setting CVar [[gc.MaxObjectsNotConsideredByGC:1]]
[2019.12.10-15.25.06:199][  0]LogConfig: Setting CVar [[gc.SizeOfPermanentObjectPool:0]]
[2019.12.10-15.25.06:200][  0]LogConfig: Setting CVar [[gc.FlushStreamingOnGC:0]]
[2019.12.10-15.25.06:200][  0]LogConfig: Setting CVar [[gc.NumRetriesBeforeForcingGC:10]]
[2019.12.10-15.25.06:200][  0]LogConfig: Setting CVar [[gc.AllowParallelGC:1]]
[2019.12.10-15.25.06:200][  0]LogConfig: Setting CVar [[gc.TimeBetweenPurgingPendingKillObjects:61.1]]
[2019.12.10-15.25.06:200][  0]LogConfig: Setting CVar [[gc.MaxObjectsInEditor:16777216]]
[2019.12.10-15.25.06:200][  0]LogConfig: Setting CVar [[gc.IncrementalBeginDestroyEnabled:1]]
[2019.12.10-15.25.06:200][  0]LogConfig: Setting CVar [[gc.CreateGCClusters:1]]
[2019.12.10-15.25.06:200][  0]LogConfig: Setting CVar [[gc.MinGCClusterSize:5]]
[2019.12.10-15.25.06:200][  0]LogConfig: Setting CVar [[gc.ActorClusteringEnabled:0]]
[2019.12.10-15.25.06:200][  0]LogConfig: Setting CVar [[gc.BlueprintClusteringEnabled:0]]
[2019.12.10-15.25.06:200][  0]LogConfig: Setting CVar [[gc.UseDisregardForGCOnDedicatedServers:0]]
[2019.12.10-15.25.06:200][  0]LogConfig: Applying CVar settings from Section [/Script/Engine.NetworkSettings] File [D:/UnrealEngine/CKUnrealProject/CKUE4/Saved/Config/Windows/Engine.ini]
[2019.12.10-15.25.06:200][  0]LogConfig: Applying CVar settings from Section [/Script/UnrealEd.CookerSettings] File [D:/UnrealEngine/CKUnrealProject/CKUE4/Saved/Config/Windows/Engine.ini]
[2019.12.10-15.25.06:219][  0]LogConfig: Applying CVar settings from Section [ViewDistanceQuality@3] File [D:/UnrealEngine/CKUnrealProject/CKUE4/Saved/Config/Windows/Scalability.ini]
[2019.12.10-15.25.06:220][  0]LogConfig: Setting CVar [[r.SkeletalMeshLODBias:0]]
[2019.12.10-15.25.06:220][  0]LogConfig: Setting CVar [[r.ViewDistanceScale:1.0]]
[2019.12.10-15.25.06:220][  0]LogConfig: Applying CVar settings from Section [AntiAliasingQuality@3] File [D:/UnrealEngine/CKUnrealProject/CKUE4/Saved/Config/Windows/Scalability.ini]
[2019.12.10-15.25.06:220][  0]LogConfig: Setting CVar [[r.PostProcessAAQuality:4]]
[2019.12.10-15.25.06:220][  0]LogConfig: Applying CVar settings from Section [ShadowQuality@3] File [D:/UnrealEngine/CKUnrealProject/CKUE4/Saved/Config/Windows/Scalability.ini]
[2019.12.10-15.25.06:220][  0]LogConfig: Setting CVar [[r.LightFunctionQuality:1]]
[2019.12.10-15.25.06:220][  0]LogConfig: Setting CVar [[r.ShadowQuality:5]]
[2019.12.10-15.25.06:220][  0]LogConfig: Setting CVar [[r.Shadow.CSM.MaxCascades:10]]
[2019.12.10-15.25.06:220][  0]LogConfig: Setting CVar [[r.Shadow.MaxResolution:2048]]
[2019.12.10-15.25.06:220][  0]LogConfig: Setting CVar [[r.Shadow.MaxCSMResolution:2048]]
[2019.12.10-15.25.06:220][  0]LogConfig: Setting CVar [[r.Shadow.RadiusThreshold:0.01]]
[2019.12.10-15.25.06:220][  0]LogConfig: Setting CVar [[r.Shadow.DistanceScale:1.0]]
[2019.12.10-15.25.06:220][  0]LogConfig: Setting CVar [[r.Shadow.CSM.TransitionScale:1.0]]
[2019.12.10-15.25.06:221][  0]LogConfig: Setting CVar [[r.Shadow.PreShadowResolutionFactor:1.0]]
[2019.12.10-15.25.06:221][  0]LogConfig: Setting CVar [[r.DistanceFieldShadowing:1]]
[2019.12.10-15.25.06:221][  0]LogConfig: Setting CVar [[r.DistanceFieldAO:1]]
[2019.12.10-15.25.06:221][  0]LogConfig: Setting CVar [[r.AOQuality:2]]
[2019.12.10-15.25.06:221][  0]LogConfig: Setting CVar [[r.VolumetricFog:1]]
[2019.12.10-15.25.06:221][  0]LogConfig: Setting CVar [[r.VolumetricFog.GridPixelSize:8]]
[2019.12.10-15.25.06:221][  0]LogConfig: Setting CVar [[r.VolumetricFog.GridSizeZ:128]]
[2019.12.10-15.25.06:221][  0]LogConfig: Setting CVar [[r.VolumetricFog.HistoryMissSupersampleCount:4]]
[2019.12.10-15.25.06:221][  0]LogConfig: Setting CVar [[r.LightMaxDrawDistanceScale:1]]
[2019.12.10-15.25.06:221][  0]LogConfig: Setting CVar [[r.CapsuleShadows:1]]
[2019.12.10-15.25.06:221][  0]LogConfig: Applying CVar settings from Section [PostProcessQuality@3] File [D:/UnrealEngine/CKUnrealProject/CKUE4/Saved/Config/Windows/Scalability.ini]
[2019.12.10-15.25.06:221][  0]LogConfig: Setting CVar [[r.MotionBlurQuality:4]]
[2019.12.10-15.25.06:221][  0]LogConfig: Setting CVar [[r.AmbientOcclusionMipLevelFactor:0.4]]
[2019.12.10-15.25.06:221][  0]LogConfig: Setting CVar [[r.AmbientOcclusionMaxQuality:100]]
[2019.12.10-15.25.06:222][  0]LogConfig: Setting CVar [[r.AmbientOcclusionLevels:-1]]
[2019.12.10-15.25.06:222][  0]LogConfig: Setting CVar [[r.AmbientOcclusionRadiusScale:1.0]]
[2019.12.10-15.25.06:222][  0]LogConfig: Setting CVar [[r.DepthOfFieldQuality:2]]
[2019.12.10-15.25.06:222][  0]LogConfig: Setting CVar [[r.RenderTargetPoolMin:400]]
[2019.12.10-15.25.06:222][  0]LogConfig: Setting CVar [[r.LensFlareQuality:2]]
[2019.12.10-15.25.06:222][  0]LogConfig: Setting CVar [[r.SceneColorFringeQuality:1]]
[2019.12.10-15.25.06:222][  0]LogConfig: Setting CVar [[r.EyeAdaptationQuality:2]]
[2019.12.10-15.25.06:222][  0]LogConfig: Setting CVar [[r.BloomQuality:5]]
[2019.12.10-15.25.06:222][  0]LogConfig: Setting CVar [[r.FastBlurThreshold:100]]
[2019.12.10-15.25.06:222][  0]LogConfig: Setting CVar [[r.Upscale.Quality:3]]
[2019.12.10-15.25.06:222][  0]LogConfig: Setting CVar [[r.Tonemapper.GrainQuantization:1]]
[2019.12.10-15.25.06:222][  0]LogConfig: Setting CVar [[r.LightShaftQuality:1]]
[2019.12.10-15.25.06:222][  0]LogConfig: Setting CVar [[r.Filter.SizeScale:1]]
[2019.12.10-15.25.06:222][  0]LogConfig: Setting CVar [[r.Tonemapper.Quality:5]]
[2019.12.10-15.25.06:222][  0]LogConfig: Setting CVar [[r.DOF.Gather.AccumulatorQuality:1        ; higher gathering accumulator quality]]
[2019.12.10-15.25.06:222][  0]LogConfig: Setting CVar [[r.DOF.Gather.PostfilterMethod:1          ; Median3x3 postfilering method]]
[2019.12.10-15.25.06:222][  0]LogConfig: Setting CVar [[r.DOF.Gather.EnableBokehSettings:0       ; no bokeh simulation when gathering]]
[2019.12.10-15.25.06:223][  0]LogConfig: Setting CVar [[r.DOF.Gather.RingCount:4                 ; medium number of samples when gathering]]
[2019.12.10-15.25.06:223][  0]LogConfig: Setting CVar [[r.DOF.Scatter.ForegroundCompositing:1    ; additive foreground scattering]]
[2019.12.10-15.25.06:223][  0]LogConfig: Setting CVar [[r.DOF.Scatter.BackgroundCompositing:2    ; additive background scattering]]
[2019.12.10-15.25.06:223][  0]LogConfig: Setting CVar [[r.DOF.Scatter.EnableBokehSettings:1      ; bokeh simulation when scattering]]
[2019.12.10-15.25.06:223][  0]LogConfig: Setting CVar [[r.DOF.Scatter.MaxSpriteRatio:0.1         ; only a maximum of 10% of scattered bokeh]]
[2019.12.10-15.25.06:223][  0]LogConfig: Setting CVar [[r.DOF.Recombine.Quality:1                ; cheap slight out of focus]]
[2019.12.10-15.25.06:223][  0]LogConfig: Setting CVar [[r.DOF.Recombine.EnableBokehSettings:0    ; no bokeh simulation on slight out of focus]]
[2019.12.10-15.25.06:223][  0]LogConfig: Setting CVar [[r.DOF.TemporalAAQuality:1                ; more stable temporal accumulation]]
[2019.12.10-15.25.06:223][  0]LogConfig: Setting CVar [[r.DOF.Kernel.MaxForegroundRadius:0.025]]
[2019.12.10-15.25.06:223][  0]LogConfig: Setting CVar [[r.DOF.Kernel.MaxBackgroundRadius:0.025]]
[2019.12.10-15.25.06:223][  0]LogConfig: Applying CVar settings from Section [TextureQuality@3] File [D:/UnrealEngine/CKUnrealProject/CKUE4/Saved/Config/Windows/Scalability.ini]
[2019.12.10-15.25.06:223][  0]LogConfig: Setting CVar [[r.Streaming.MipBias:0]]
[2019.12.10-15.25.06:223][  0]LogConfig: Setting CVar [[r.Streaming.AmortizeCPUToGPUCopy:0]]
[2019.12.10-15.25.06:223][  0]LogConfig: Setting CVar [[r.Streaming.MaxNumTexturesToStreamPerFrame:0]]
[2019.12.10-15.25.06:223][  0]LogConfig: Setting CVar [[r.Streaming.Boost:1]]
[2019.12.10-15.25.06:223][  0]LogConfig: Setting CVar [[r.MaxAnisotropy:8]]
[2019.12.10-15.25.06:224][  0]LogConfig: Setting CVar [[r.Streaming.LimitPoolSizeToVRAM:0]]
[2019.12.10-15.25.06:224][  0]LogConfig: Setting CVar [[r.Streaming.PoolSize:1000]]
[2019.12.10-15.25.06:224][  0]LogConfig: Setting CVar [[r.Streaming.MaxEffectiveScreenSize:0]]
[2019.12.10-15.25.06:224][  0]LogConfig: Applying CVar settings from Section [EffectsQuality@3] File [D:/UnrealEngine/CKUnrealProject/CKUE4/Saved/Config/Windows/Scalability.ini]
[2019.12.10-15.25.06:224][  0]LogConfig: Setting CVar [[r.TranslucencyLightingVolumeDim:64]]
[2019.12.10-15.25.06:224][  0]LogConfig: Setting CVar [[r.RefractionQuality:2]]
[2019.12.10-15.25.06:224][  0]LogConfig: Setting CVar [[r.SSR.Quality:3]]
[2019.12.10-15.25.06:224][  0]LogConfig: Setting CVar [[r.SceneColorFormat:4]]
[2019.12.10-15.25.06:224][  0]LogConfig: Setting CVar [[r.DetailMode:2]]
[2019.12.10-15.25.06:224][  0]LogConfig: Setting CVar [[r.TranslucencyVolumeBlur:1]]
[2019.12.10-15.25.06:224][  0]LogConfig: Setting CVar [[r.MaterialQualityLevel:1 ; High quality]]
[2019.12.10-15.25.06:224][  0]LogConfig: Setting CVar [[r.SSS.Scale:1]]
[2019.12.10-15.25.06:224][  0]LogConfig: Setting CVar [[r.SSS.SampleSet:2]]
[2019.12.10-15.25.06:225][  0]LogConfig: Setting CVar [[r.SSS.Quality:1]]
[2019.12.10-15.25.06:225][  0]LogConfig: Setting CVar [[r.SSS.HalfRes:1]]
[2019.12.10-15.25.06:225][  0]LogConfig: Setting CVar [[r.EmitterSpawnRateScale:1.0]]
[2019.12.10-15.25.06:225][  0]LogConfig: Setting CVar [[r.ParticleLightQuality:2]]
[2019.12.10-15.25.06:225][  0]LogConfig: Applying CVar settings from Section [FoliageQuality@3] File [D:/UnrealEngine/CKUnrealProject/CKUE4/Saved/Config/Windows/Scalability.ini]
[2019.12.10-15.25.06:225][  0]LogConfig: Setting CVar [[foliage.DensityScale:1.0]]
[2019.12.10-15.25.06:225][  0]LogConfig: Setting CVar [[grass.DensityScale:1.0]]
[2019.12.10-15.25.06:225][  0]LogInit: Selected Device Profile: [Windows]
[2019.12.10-15.25.06:225][  0]LogInit: Applying CVar settings loaded from the selected device profile: [Windows]
[2019.12.10-15.25.06:234][  0]LogHAL: Display: Platform has ~ 16 GB [17112133632 / 17179869184 / 16], which maps to Larger [LargestMinGB=32, LargerMinGB=12, DefaultMinGB=8, SmallerMinGB=6, SmallestMinGB=0)
[2019.12.10-15.25.06:234][  0]LogConfig: Setting CVar [[r.Vulkan.UseRealUBs:0		; Required until we fix HLR fall-out]]
[2019.12.10-15.25.06:234][  0]LogInit: Going up to parent DeviceProfile []
[2019.12.10-15.25.06:234][  0]LogConfig: Applying CVar settings from Section [ViewDistanceQuality@3] File [D:/UnrealEngine/CKUnrealProject/CKUE4/Saved/Config/Windows/Scalability.ini]
[2019.12.10-15.25.06:234][  0]LogConfig: Setting CVar [[r.SkeletalMeshLODBias:0]]
[2019.12.10-15.25.06:234][  0]LogConfig: Setting CVar [[r.ViewDistanceScale:1.0]]
[2019.12.10-15.25.06:235][  0]LogConfig: Applying CVar settings from Section [AntiAliasingQuality@3] File [D:/UnrealEngine/CKUnrealProject/CKUE4/Saved/Config/Windows/Scalability.ini]
[2019.12.10-15.25.06:235][  0]LogConfig: Setting CVar [[r.PostProcessAAQuality:4]]
[2019.12.10-15.25.06:235][  0]LogConfig: Applying CVar settings from Section [ShadowQuality@3] File [D:/UnrealEngine/CKUnrealProject/CKUE4/Saved/Config/Windows/Scalability.ini]
[2019.12.10-15.25.06:235][  0]LogConfig: Setting CVar [[r.LightFunctionQuality:1]]
[2019.12.10-15.25.06:235][  0]LogConfig: Setting CVar [[r.ShadowQuality:5]]
[2019.12.10-15.25.06:235][  0]LogConfig: Setting CVar [[r.Shadow.CSM.MaxCascades:10]]
[2019.12.10-15.25.06:235][  0]LogConfig: Setting CVar [[r.Shadow.MaxResolution:2048]]
[2019.12.10-15.25.06:235][  0]LogConfig: Setting CVar [[r.Shadow.MaxCSMResolution:2048]]
[2019.12.10-15.25.06:235][  0]LogConfig: Setting CVar [[r.Shadow.RadiusThreshold:0.01]]
[2019.12.10-15.25.06:235][  0]LogConfig: Setting CVar [[r.Shadow.DistanceScale:1.0]]
[2019.12.10-15.25.06:235][  0]LogConfig: Setting CVar [[r.Shadow.CSM.TransitionScale:1.0]]
[2019.12.10-15.25.06:235][  0]LogConfig: Setting CVar [[r.Shadow.PreShadowResolutionFactor:1.0]]
[2019.12.10-15.25.06:235][  0]LogConfig: Setting CVar [[r.DistanceFieldShadowing:1]]
[2019.12.10-15.25.06:235][  0]LogConfig: Setting CVar [[r.DistanceFieldAO:1]]
[2019.12.10-15.25.06:235][  0]LogConfig: Setting CVar [[r.AOQuality:2]]
[2019.12.10-15.25.06:235][  0]LogConfig: Setting CVar [[r.VolumetricFog:1]]
[2019.12.10-15.25.06:236][  0]LogConfig: Setting CVar [[r.VolumetricFog.GridPixelSize:8]]
[2019.12.10-15.25.06:236][  0]LogConfig: Setting CVar [[r.VolumetricFog.GridSizeZ:128]]
[2019.12.10-15.25.06:236][  0]LogConfig: Setting CVar [[r.VolumetricFog.HistoryMissSupersampleCount:4]]
[2019.12.10-15.25.06:236][  0]LogConfig: Setting CVar [[r.LightMaxDrawDistanceScale:1]]
[2019.12.10-15.25.06:236][  0]LogConfig: Setting CVar [[r.CapsuleShadows:1]]
[2019.12.10-15.25.06:236][  0]LogConfig: Applying CVar settings from Section [PostProcessQuality@3] File [D:/UnrealEngine/CKUnrealProject/CKUE4/Saved/Config/Windows/Scalability.ini]
[2019.12.10-15.25.06:236][  0]LogConfig: Setting CVar [[r.MotionBlurQuality:4]]
[2019.12.10-15.25.06:236][  0]LogConfig: Setting CVar [[r.AmbientOcclusionMipLevelFactor:0.4]]
[2019.12.10-15.25.06:236][  0]LogConfig: Setting CVar [[r.AmbientOcclusionMaxQuality:100]]
[2019.12.10-15.25.06:236][  0]LogConfig: Setting CVar [[r.AmbientOcclusionLevels:-1]]
[2019.12.10-15.25.06:236][  0]LogConfig: Setting CVar [[r.AmbientOcclusionRadiusScale:1.0]]
[2019.12.10-15.25.06:236][  0]LogConfig: Setting CVar [[r.DepthOfFieldQuality:2]]
[2019.12.10-15.25.06:236][  0]LogConfig: Setting CVar [[r.RenderTargetPoolMin:400]]
[2019.12.10-15.25.06:237][  0]LogConfig: Setting CVar [[r.LensFlareQuality:2]]
[2019.12.10-15.25.06:237][  0]LogConfig: Setting CVar [[r.SceneColorFringeQuality:1]]
[2019.12.10-15.25.06:237][  0]LogConfig: Setting CVar [[r.EyeAdaptationQuality:2]]
[2019.12.10-15.25.06:237][  0]LogConfig: Setting CVar [[r.BloomQuality:5]]
[2019.12.10-15.25.06:237][  0]LogConfig: Setting CVar [[r.FastBlurThreshold:100]]
[2019.12.10-15.25.06:237][  0]LogConfig: Setting CVar [[r.Upscale.Quality:3]]
[2019.12.10-15.25.06:237][  0]LogConfig: Setting CVar [[r.Tonemapper.GrainQuantization:1]]
[2019.12.10-15.25.06:237][  0]LogConfig: Setting CVar [[r.LightShaftQuality:1]]
[2019.12.10-15.25.06:237][  0]LogConfig: Setting CVar [[r.Filter.SizeScale:1]]
[2019.12.10-15.25.06:237][  0]LogConfig: Setting CVar [[r.Tonemapper.Quality:5]]
[2019.12.10-15.25.06:237][  0]LogConfig: Setting CVar [[r.DOF.Gather.AccumulatorQuality:1        ; higher gathering accumulator quality]]
[2019.12.10-15.25.06:237][  0]LogConfig: Setting CVar [[r.DOF.Gather.PostfilterMethod:1          ; Median3x3 postfilering method]]
[2019.12.10-15.25.06:237][  0]LogConfig: Setting CVar [[r.DOF.Gather.EnableBokehSettings:0       ; no bokeh simulation when gathering]]
[2019.12.10-15.25.06:237][  0]LogConfig: Setting CVar [[r.DOF.Gather.RingCount:4                 ; medium number of samples when gathering]]
[2019.12.10-15.25.06:238][  0]LogConfig: Setting CVar [[r.DOF.Scatter.ForegroundCompositing:1    ; additive foreground scattering]]
[2019.12.10-15.25.06:238][  0]LogConfig: Setting CVar [[r.DOF.Scatter.BackgroundCompositing:2    ; additive background scattering]]
[2019.12.10-15.25.06:238][  0]LogConfig: Setting CVar [[r.DOF.Scatter.EnableBokehSettings:1      ; bokeh simulation when scattering]]
[2019.12.10-15.25.06:238][  0]LogConfig: Setting CVar [[r.DOF.Scatter.MaxSpriteRatio:0.1         ; only a maximum of 10% of scattered bokeh]]
[2019.12.10-15.25.06:238][  0]LogConfig: Setting CVar [[r.DOF.Recombine.Quality:1                ; cheap slight out of focus]]
[2019.12.10-15.25.06:238][  0]LogConfig: Setting CVar [[r.DOF.Recombine.EnableBokehSettings:0    ; no bokeh simulation on slight out of focus]]
[2019.12.10-15.25.06:238][  0]LogConfig: Setting CVar [[r.DOF.TemporalAAQuality:1                ; more stable temporal accumulation]]
[2019.12.10-15.25.06:238][  0]LogConfig: Setting CVar [[r.DOF.Kernel.MaxForegroundRadius:0.025]]
[2019.12.10-15.25.06:238][  0]LogConfig: Setting CVar [[r.DOF.Kernel.MaxBackgroundRadius:0.025]]
[2019.12.10-15.25.06:238][  0]LogConfig: Applying CVar settings from Section [TextureQuality@3] File [D:/UnrealEngine/CKUnrealProject/CKUE4/Saved/Config/Windows/Scalability.ini]
[2019.12.10-15.25.06:238][  0]LogConfig: Setting CVar [[r.Streaming.MipBias:0]]
[2019.12.10-15.25.06:238][  0]LogConfig: Setting CVar [[r.Streaming.AmortizeCPUToGPUCopy:0]]
[2019.12.10-15.25.06:238][  0]LogConfig: Setting CVar [[r.Streaming.MaxNumTexturesToStreamPerFrame:0]]
[2019.12.10-15.25.06:238][  0]LogConfig: Setting CVar [[r.Streaming.Boost:1]]
[2019.12.10-15.25.06:239][  0]LogConfig: Setting CVar [[r.MaxAnisotropy:8]]
[2019.12.10-15.25.06:239][  0]LogConfig: Setting CVar [[r.Streaming.LimitPoolSizeToVRAM:0]]
[2019.12.10-15.25.06:239][  0]LogConfig: Setting CVar [[r.Streaming.PoolSize:1000]]
[2019.12.10-15.25.06:239][  0]LogConfig: Setting CVar [[r.Streaming.MaxEffectiveScreenSize:0]]
[2019.12.10-15.25.06:239][  0]LogConfig: Applying CVar settings from Section [EffectsQuality@3] File [D:/UnrealEngine/CKUnrealProject/CKUE4/Saved/Config/Windows/Scalability.ini]
[2019.12.10-15.25.06:239][  0]LogConfig: Setting CVar [[r.TranslucencyLightingVolumeDim:64]]
[2019.12.10-15.25.06:239][  0]LogConfig: Setting CVar [[r.RefractionQuality:2]]
[2019.12.10-15.25.06:239][  0]LogConfig: Setting CVar [[r.SSR.Quality:3]]
[2019.12.10-15.25.06:239][  0]LogConfig: Setting CVar [[r.SceneColorFormat:4]]
[2019.12.10-15.25.06:239][  0]LogConfig: Setting CVar [[r.DetailMode:2]]
[2019.12.10-15.25.06:239][  0]LogConfig: Setting CVar [[r.TranslucencyVolumeBlur:1]]
[2019.12.10-15.25.06:239][  0]LogConfig: Setting CVar [[r.MaterialQualityLevel:1 ; High quality]]
[2019.12.10-15.25.06:239][  0]LogConfig: Setting CVar [[r.SSS.Scale:1]]
[2019.12.10-15.25.06:239][  0]LogConfig: Setting CVar [[r.SSS.SampleSet:2]]
[2019.12.10-15.25.06:240][  0]LogConfig: Setting CVar [[r.SSS.Quality:1]]
[2019.12.10-15.25.06:240][  0]LogConfig: Setting CVar [[r.SSS.HalfRes:1]]
[2019.12.10-15.25.06:240][  0]LogConfig: Setting CVar [[r.EmitterSpawnRateScale:1.0]]
[2019.12.10-15.25.06:240][  0]LogConfig: Setting CVar [[r.ParticleLightQuality:2]]
[2019.12.10-15.25.06:240][  0]LogConfig: Applying CVar settings from Section [FoliageQuality@3] File [D:/UnrealEngine/CKUnrealProject/CKUE4/Saved/Config/Windows/Scalability.ini]
[2019.12.10-15.25.06:240][  0]LogConfig: Setting CVar [[foliage.DensityScale:1.0]]
[2019.12.10-15.25.06:240][  0]LogConfig: Setting CVar [[grass.DensityScale:1.0]]
[2019.12.10-15.25.06:240][  0]LogConfig: Applying CVar settings from Section [Startup] File [../../../Engine/Config/ConsoleVariables.ini]
[2019.12.10-15.25.06:240][  0]LogConfig: Setting CVar [[net.UseAdaptiveNetUpdateFrequency:0]]
[2019.12.10-15.25.06:240][  0]LogConfig: Setting CVar [[p.chaos.AllowCreatePhysxBodies:1]]
[2019.12.10-15.25.06:240][  0]LogConfig: Applying CVar settings from Section [ConsoleVariables] File [D:/UnrealEngine/CKUnrealProject/CKUE4/Saved/Config/Windows/Engine.ini]
[2019.12.10-15.25.06:241][  0]LogInit: Computer: DESKTOP-0CRG6TP
[2019.12.10-15.25.06:241][  0]LogInit: User: JE
[2019.12.10-15.25.06:241][  0]LogInit: CPU Page size=4096, Cores=4
[2019.12.10-15.25.06:241][  0]LogInit: High frequency timer resolution =10.000000 MHz
[2019.12.10-15.25.06:241][  0]LogMemory: Memory total: Physical=15.9GB (16GB approx)
[2019.12.10-15.25.06:241][  0]LogMemory: Platform Memory Stats for Windows
[2019.12.10-15.25.06:241][  0]LogMemory: Process Physical Memory: 98.89 MB used, 98.89 MB peak
[2019.12.10-15.25.06:241][  0]LogMemory: Process Virtual Memory: 89.10 MB used, 89.10 MB peak
[2019.12.10-15.25.06:241][  0]LogMemory: Physical Memory: 10298.87 MB used,  6020.53 MB free, 16319.40 MB total
[2019.12.10-15.25.06:241][  0]LogMemory: Virtual Memory: 4642.34 MB used,  134213088.00 MB free, 134217728.00 MB total
[2019.12.10-15.25.06:357][  0]LogInit: Using OS detected language (ko-KR).
[2019.12.10-15.25.06:357][  0]LogInit: Using OS detected locale (ko-KR).
[2019.12.10-15.25.06:359][  0]LogTextLocalizationManager: No specific localization for 'ko-KR' exists, so the 'ko' localization will be used.
[2019.12.10-15.25.06:442][  0]LogInit: Setting process to per monitor DPI aware
[2019.12.10-15.25.06:550][  0]LogSlate: New Slate User Created.  User Index 0, Is Virtual User: 0
[2019.12.10-15.25.06:550][  0]LogSlate: Slate User Registered.  User Index 0, Is Virtual User: 0
[2019.12.10-15.25.06:864][  0]LogHMD: Failed to initialize OpenVR with code 110
[2019.12.10-15.25.06:864][  0]LogD3D11RHI: D3D11 adapters:
[2019.12.10-15.25.06:972][  0]LogD3D11RHI:    0. 'NVIDIA GeForce GTX 960' (Feature Level 11_0)
[2019.12.10-15.25.06:972][  0]LogD3D11RHI:       4053/0/8159 MB DedicatedVideo/DedicatedSystem/SharedSystem, Outputs:3, VendorId:0x10de
[2019.12.10-15.25.06:980][  0]LogD3D11RHI:    1. 'Microsoft Basic Render Driver' (Feature Level 11_0)
[2019.12.10-15.25.06:980][  0]LogD3D11RHI:       0/0/8159 MB DedicatedVideo/DedicatedSystem/SharedSystem, Outputs:0, VendorId:0x1414
[2019.12.10-15.25.06:981][  0]LogD3D11RHI: Chosen D3D11 Adapter: 0
[2019.12.10-15.25.06:990][  0]LogD3D11RHI: Creating new Direct3DDevice
[2019.12.10-15.25.06:990][  0]LogD3D11RHI:     GPU DeviceId: 0x1401 (for the marketing name, search the web for "GPU Device Id")
[2019.12.10-15.25.06:990][  0]LogWindows: EnumDisplayDevices:
[2019.12.10-15.25.06:991][  0]LogWindows:    0. 'NVIDIA GeForce GTX 960' (P:0 D:1)
[2019.12.10-15.25.06:992][  0]LogWindows:    1. 'NVIDIA GeForce GTX 960' (P:0 D:1)
[2019.12.10-15.25.06:994][  0]LogWindows:    2. 'NVIDIA GeForce GTX 960' (P:1 D:1)
[2019.12.10-15.25.06:995][  0]LogWindows:    3. 'NVIDIA GeForce GTX 960' (P:0 D:0)
[2019.12.10-15.25.06:996][  0]LogWindows: DebugString: FoundDriverCount:4 
[2019.12.10-15.25.06:996][  0]LogD3D11RHI:     Adapter Name: NVIDIA GeForce GTX 960
[2019.12.10-15.25.06:996][  0]LogD3D11RHI:   Driver Version: 441.12 (internal:26.21.14.4112, unified:441.12)
[2019.12.10-15.25.06:996][  0]LogD3D11RHI:      Driver Date: 10-24-2019
[2019.12.10-15.25.06:997][  0]LogRHI: Texture pool is 2837 MB (70% of 4053 MB)
[2019.12.10-15.25.07:060][  0]LogD3D11RHI: Async texture creation enabled
[2019.12.10-15.25.07:069][  0]LogRendererCore: FGlobalReadBuffer::InitRHI
[2019.12.10-15.25.07:070][  0]LogRendererCore: FGlobalReadBuffer::InitRHI
[2019.12.10-15.25.07:070][  0]LogRendererCore: FGlobalReadBuffer::InitRHI
[2019.12.10-15.25.07:078][  0]LogD3D11RHI: GPU Timing Frequency: 1000.000000 (Debug: 2 1)
[2019.12.10-15.25.07:581][  0]LogTemp: Display: Module 'AllDesktopTargetPlatform' loaded TargetPlatform 'AllDesktop'
[2019.12.10-15.25.07:598][  0]LogTemp: Display: Module 'MacClientTargetPlatform' loaded TargetPlatform 'MacClient'
[2019.12.10-15.25.07:613][  0]LogTemp: Display: Module 'MacNoEditorTargetPlatform' loaded TargetPlatform 'MacNoEditor'
[2019.12.10-15.25.07:629][  0]LogTemp: Display: Module 'MacServerTargetPlatform' loaded TargetPlatform 'MacServer'
[2019.12.10-15.25.07:647][  0]LogTemp: Display: Module 'MacTargetPlatform' loaded TargetPlatform 'Mac'
[2019.12.10-15.25.07:668][  0]LogTemp: Display: Module 'WindowsClientTargetPlatform' loaded TargetPlatform 'WindowsClient'
[2019.12.10-15.25.07:685][  0]LogTemp: Display: Module 'WindowsNoEditorTargetPlatform' loaded TargetPlatform 'WindowsNoEditor'
[2019.12.10-15.25.07:703][  0]LogTemp: Display: Module 'WindowsServerTargetPlatform' loaded TargetPlatform 'WindowsServer'
[2019.12.10-15.25.07:713][  0]LogTemp: Display: Module 'WindowsTargetPlatform' loaded TargetPlatform 'Windows'
[2019.12.10-15.25.07:817][  0]LogTemp: Display: Module 'AndroidTargetPlatform' loaded TargetPlatform 'Android'
[2019.12.10-15.25.07:817][  0]LogTemp: Display: Module 'AndroidTargetPlatform' loaded TargetPlatform 'Android_ASTC'
[2019.12.10-15.25.07:817][  0]LogTemp: Display: Module 'AndroidTargetPlatform' loaded TargetPlatform 'Android_ATC'
[2019.12.10-15.25.07:817][  0]LogTemp: Display: Module 'AndroidTargetPlatform' loaded TargetPlatform 'Android_DXT'
[2019.12.10-15.25.07:817][  0]LogTemp: Display: Module 'AndroidTargetPlatform' loaded TargetPlatform 'Android_ETC1'
[2019.12.10-15.25.07:817][  0]LogTemp: Display: Module 'AndroidTargetPlatform' loaded TargetPlatform 'Android_ETC1a'
[2019.12.10-15.25.07:817][  0]LogTemp: Display: Module 'AndroidTargetPlatform' loaded TargetPlatform 'Android_ETC2'
[2019.12.10-15.25.07:817][  0]LogTemp: Display: Module 'AndroidTargetPlatform' loaded TargetPlatform 'Android_PVRTC'
[2019.12.10-15.25.07:818][  0]LogTemp: Display: Module 'AndroidTargetPlatform' loaded TargetPlatform 'AndroidClient'
[2019.12.10-15.25.07:818][  0]LogTemp: Display: Module 'AndroidTargetPlatform' loaded TargetPlatform 'Android_ASTCClient'
[2019.12.10-15.25.07:818][  0]LogTemp: Display: Module 'AndroidTargetPlatform' loaded TargetPlatform 'Android_ATCClient'
[2019.12.10-15.25.07:818][  0]LogTemp: Display: Module 'AndroidTargetPlatform' loaded TargetPlatform 'Android_DXTClient'
[2019.12.10-15.25.07:818][  0]LogTemp: Display: Module 'AndroidTargetPlatform' loaded TargetPlatform 'Android_ETC1Client'
[2019.12.10-15.25.07:818][  0]LogTemp: Display: Module 'AndroidTargetPlatform' loaded TargetPlatform 'Android_ETC1aClient'
[2019.12.10-15.25.07:818][  0]LogTemp: Display: Module 'AndroidTargetPlatform' loaded TargetPlatform 'Android_ETC2Client'
[2019.12.10-15.25.07:818][  0]LogTemp: Display: Module 'AndroidTargetPlatform' loaded TargetPlatform 'Android_PVRTCClient'
[2019.12.10-15.25.07:818][  0]LogTemp: Display: Module 'AndroidTargetPlatform' loaded TargetPlatform 'Android_Multi'
[2019.12.10-15.25.07:818][  0]LogTemp: Display: Module 'AndroidTargetPlatform' loaded TargetPlatform 'Android_MultiClient'
[2019.12.10-15.25.07:825][  0]LogTemp: Display: Module 'HTML5TargetPlatform' loaded TargetPlatform 'HTML5'
[2019.12.10-15.25.07:886][  0]LogTemp: Display: Module 'IOSTargetPlatform' loaded TargetPlatform 'IOSClient'
[2019.12.10-15.25.07:886][  0]LogTemp: Display: Module 'IOSTargetPlatform' loaded TargetPlatform 'IOS'
[2019.12.10-15.25.07:914][  0]LogTemp: Display: Module 'TVOSTargetPlatform' loaded TargetPlatform 'TVOSClient'
[2019.12.10-15.25.07:914][  0]LogTemp: Display: Module 'TVOSTargetPlatform' loaded TargetPlatform 'TVOS'
[2019.12.10-15.25.07:934][  0]LogTemp: Display: Module 'LinuxClientTargetPlatform' loaded TargetPlatform 'LinuxClient'
[2019.12.10-15.25.07:951][  0]LogTemp: Display: Module 'LinuxNoEditorTargetPlatform' loaded TargetPlatform 'LinuxNoEditor'
[2019.12.10-15.25.07:967][  0]LogTemp: Display: Module 'LinuxServerTargetPlatform' loaded TargetPlatform 'LinuxServer'
[2019.12.10-15.25.07:982][  0]LogTemp: Display: Module 'LinuxTargetPlatform' loaded TargetPlatform 'Linux'
[2019.12.10-15.25.08:033][  0]LogTemp: Display: Module 'LuminTargetPlatform' loaded TargetPlatform 'Lumin'
[2019.12.10-15.25.08:034][  0]LogTemp: Display: Module 'LuminTargetPlatform' loaded TargetPlatform 'LuminClient'
[2019.12.10-15.25.08:034][  0]LogTargetPlatformManager: Display: Building Assets For Windows
[2019.12.10-15.25.08:055][  0]LogAudioDebug: Display: Lib vorbis DLL was dynamically loaded.
[2019.12.10-15.25.08:184][  0]LogShaderCompilers: Guid format shader working directory is -7 characters bigger than the processId version (../../../../../UnrealEngine/CKUnrealProject/CKUE4/Intermediate/Shaders/WorkingDirectory/22532/).
[2019.12.10-15.25.08:185][  0]LogShaderCompilers: Cleaned the shader compiler working directory 'C:/Users/JE/AppData/Local/Temp/UnrealShaderWorkingDir/29AEA25D431E409EA5934FA0CE29DA8A/'.
[2019.12.10-15.25.08:187][  0]LogXGEController: Cleaning working directory: C:/Users/JE/AppData/Local/Temp/UnrealXGEWorkingDir/
[2019.12.10-15.25.08:187][  0]LogXGEController: Cannot use XGE Controller as Incredibuild is not installed on this machine.
[2019.12.10-15.25.08:188][  0]LogShaderCompilers: Cannot use XGE Shader Compiler as Incredibuild is not installed on this machine.
[2019.12.10-15.25.08:188][  0]LogShaderCompilers: Display: Using Local Shader Compiler.
[2019.12.10-15.25.08:754][  0]LogDerivedDataCache: Display: Max Cache Size: 512 MB
[2019.12.10-15.25.08:807][  0]LogDerivedDataCache: Loaded boot cache 0.05s 73MB C:/Users/JE/AppData/Local/UnrealEngine/4.22/DerivedDataCache/Boot.ddc.
[2019.12.10-15.25.08:807][  0]LogDerivedDataCache: Display: Loaded Boot cache: C:/Users/JE/AppData/Local/UnrealEngine/4.22/DerivedDataCache/Boot.ddc
[2019.12.10-15.25.08:807][  0]LogDerivedDataCache: FDerivedDataBackendGraph:  Pak pak cache file ../../../../../UnrealEngine/CKUnrealProject/CKUE4/DerivedDataCache/DDC.ddp not found, will not use a pak cache.
[2019.12.10-15.25.08:807][  0]LogDerivedDataCache: Unable to find inner node Pak for hierarchical cache Hierarchy.
[2019.12.10-15.25.08:807][  0]LogDerivedDataCache: FDerivedDataBackendGraph:  CompressedPak pak cache file ../../../../../UnrealEngine/CKUnrealProject/CKUE4/DerivedDataCache/Compressed.ddp not found, will not use a pak cache.
[2019.12.10-15.25.08:807][  0]LogDerivedDataCache: Unable to find inner node CompressedPak for hierarchical cache Hierarchy.
[2019.12.10-15.25.08:821][  0]LogDerivedDataCache: Display: Pak cache opened for reading ../../../Engine/DerivedDataCache/Compressed.ddp.
[2019.12.10-15.25.08:821][  0]LogDerivedDataCache: FDerivedDataBackendGraph:  EnterprisePak pak cache file ../../../Enterprise/DerivedDataCache/Compressed.ddp not found, will not use a pak cache.
[2019.12.10-15.25.08:821][  0]LogDerivedDataCache: Unable to find inner node EnterprisePak for hierarchical cache Hierarchy.
[2019.12.10-15.25.08:834][  0]LogDerivedDataCache: Using Local data cache path C:/Users/JE/AppData/Local/UnrealEngine/Common/DerivedDataCache: Writable
[2019.12.10-15.25.08:834][  0]LogDerivedDataCache: Shared data cache path not found in *engine.ini, will not use an Shared cache.
[2019.12.10-15.25.08:834][  0]LogDerivedDataCache: Unable to find inner node Shared for hierarchical cache Hierarchy.
[2019.12.10-15.25.08:860][  0]LogMaterial: Verifying Global Shaders for PCD3D_SM5
[2019.12.10-15.25.08:861][  0]LogSlate: Using FreeType 2.6.0
[2019.12.10-15.25.08:862][  0]LogSlate: SlateFontServices - WITH_FREETYPE: 1, WITH_HARFBUZZ: 1
[2019.12.10-15.25.08:951][  0]LogAssetRegistry: FAssetRegistry took 0.0365 seconds to start up
[2019.12.10-15.25.09:364][  0]LogInit: Selected Device Profile: [Windows]
[2019.12.10-15.25.09:527][  0]LogMeshReduction: Using QuadricMeshReduction for automatic static mesh reduction
[2019.12.10-15.25.09:527][  0]LogMeshReduction: Using SimplygonMeshReduction for automatic skeletal mesh reduction
[2019.12.10-15.25.09:527][  0]LogMeshReduction: Using ProxyLODMeshReduction for automatic mesh merging
[2019.12.10-15.25.09:527][  0]LogMeshReduction: No distributed automatic mesh merging module available
[2019.12.10-15.25.09:527][  0]LogMeshMerging: No distributed automatic mesh merging module available
[2019.12.10-15.25.09:544][  0]LogNetVersion: CKUE4 1.0.0, NetCL: 5660361, EngineNetVer: 10, GameNetVer: 0 (Checksum: 1582171004)
[2019.12.10-15.25.09:941][  0]LogPackageLocalizationCache: Processed 10 localized package path(s) for 1 prioritized culture(s) in 0.041103 seconds
[2019.12.10-15.25.09:949][  0]LogUObjectArray: 42205 objects as part of root set at end of initial load.
[2019.12.10-15.25.09:949][  0]LogUObjectAllocator: 7325032 out of 0 bytes used by permanent object pool.
[2019.12.10-15.25.09:949][  0]LogUObjectArray: CloseDisregardForGC: 0/0 objects in disregard for GC pool
[2019.12.10-15.25.11:001][  0]LogTcpMessaging: Initializing TcpMessaging bridge
[2019.12.10-15.25.11:019][  0]LogUdpMessaging: Initializing bridge on interface 0.0.0.0:0 to multicast group 230.0.0.1:6666.
[2019.12.10-15.25.11:230][  0]SourceControl: 소스 컨트롤이 꺼져 있습니다.
[2019.12.10-15.25.11:231][  0]SourceControl: 소스 컨트롤이 꺼져 있습니다.
[2019.12.10-15.25.11:235][  0]SourceControl: 소스 컨트롤이 꺼져 있습니다.
[2019.12.10-15.25.11:239][  0]SourceControl: 소스 컨트롤이 꺼져 있습니다.
[2019.12.10-15.25.11:449][  0]LogAndroidPermission: UAndroidPermissionCallbackProxy::GetInstance
[2019.12.10-15.25.11:720][  0]LogOcInput: OculusInput pre-init called
[2019.12.10-15.25.12:458][  0]LogEngine: Initializing Engine...
[2019.12.10-15.25.12:459][  0]LogHMD: Failed to initialize OpenVR with code 110
[2019.12.10-15.25.12:460][  0]LogStats: UGameplayTagsManager::InitializeManager -  0.000 s
[2019.12.10-15.25.12:675][  0]LogInit: Initializing FReadOnlyCVARCache
[2019.12.10-15.25.12:694][  0]LogAIModule: Creating AISystem for world Untitled
[2019.12.10-15.25.12:790][  0]LogInit: XAudio2 using 'LCD801(NVIDIA High Definition Audio)' : 2 channels at 48 kHz using 16 bits per sample (channel mask 0x3)
[2019.12.10-15.25.12:913][  0]LogInit: FAudioDevice initialized.
[2019.12.10-15.25.12:913][  0]LogNetVersion: Set ProjectVersion to 1.0.0.0. Version Checksum will be recalculated on next use.
[2019.12.10-15.25.12:991][  0]LogDerivedDataCache: Saved boot cache 0.08s 73MB C:/Users/JE/AppData/Local/UnrealEngine/4.22/DerivedDataCache/Boot.ddc.
[2019.12.10-15.25.13:001][  0]LogInit: Texture streaming: Enabled
[2019.12.10-15.25.13:042][  0]LogEngineSessionManager: EngineSessionManager initialized
[2019.12.10-15.25.13:043][  0]LogEngineSessionManager: EngineSessionManager sent abnormal shutdown report. Type=Debugger, SessionId={3A8B40FE-4E95-3FA6-E59B-C19885812FEA}
[2019.12.10-15.25.13:043][  0]LogEngineSessionManager: EngineSessionManager sent abnormal shutdown report. Type=Debugger, SessionId={4CDF6BB9-4925-49A4-2A97-D58F8A7F2C0A}
[2019.12.10-15.25.13:066][  0]LogInit: Transaction tracking system initialized
[2019.12.10-15.25.13:106][  0]BlueprintLog: New page: 에디터 로드
[2019.12.10-15.25.13:265][  0]LocalizationService: 현지화 서비스가 비활성화되었습니다.
[2019.12.10-15.25.13:617][  0]LogFileCache: Scanning file cache for directory 'D:/UnrealEngine/CKUnrealProject/CKUE4/Content/' took 0.02s
[2019.12.10-15.25.13:618][  0]LogCook: Display: Max memory allowance for cook 16384mb min free memory 0mb
[2019.12.10-15.25.13:618][  0]LogCook: Display: Mobile HDR setting 1
[2019.12.10-15.25.13:889][  0]SourceControl: 소스 컨트롤이 꺼져 있습니다.
[2019.12.10-15.25.13:890][  0]Cmd: MAP LOAD FILE="../../../../../UnrealEngine/CKUnrealProject/CKUE4/Content/MainMap.umap" TEMPLATE=0 SHOWPROGRESS=1 FEATURELEVEL=3
[2019.12.10-15.25.13:890][  0]LightingResults: New page: 라이팅 빌드
[2019.12.10-15.25.13:893][  0]MapCheck: New page: 맵 체크
[2019.12.10-15.25.13:893][  0]LightingResults: New page: 라이팅 빌드
[2019.12.10-15.25.13:916][  0]LogUObjectHash: Compacting FUObjectHashTables data took   1.44ms
[2019.12.10-15.25.14:110][  0]LogAIModule: Creating AISystem for world MainMap
[2019.12.10-15.25.14:116][  0]LogEditorServer: Finished looking for orphan Actors (0.000 secs)
[2019.12.10-15.25.14:144][  0]LogUObjectHash: Compacting FUObjectHashTables data took   1.66ms
[2019.12.10-15.25.14:144][  0]Cmd: MAP CHECKDEP NOCLEARLOG
[2019.12.10-15.25.14:145][  0]MapCheck: 맵 체크 완료: 오류 0 회, 경고 0 회, 소요 시간 0.351ms.
[2019.12.10-15.25.14:145][  0]LogFileHelpers: Loading map 'MainMap' took 0.256
[2019.12.10-15.25.14:329][  0]LogSlate: Updating window title bar state: overlay mode, drag disabled, window buttons hidden, title bar hidden
[2019.12.10-15.25.14:335][  0]LogSlate: Updating window title bar state: overlay mode, drag disabled, window buttons hidden, title bar hidden
[2019.12.10-15.25.14:342][  0]LogSlate: Updating window title bar state: overlay mode, drag disabled, window buttons hidden, title bar hidden
[2019.12.10-15.25.14:350][  0]LogSlate: Updating window title bar state: overlay mode, drag disabled, window buttons hidden, title bar hidden
[2019.12.10-15.25.14:359][  0]LogCollectionManager: Loaded 0 collections in 0.002150 seconds
[2019.12.10-15.25.14:376][  0]LogFileCache: Scanning file cache for directory 'D:/UnrealEngine/CKUnrealProject/CKUE4/Saved/Collections/' took 0.01s
[2019.12.10-15.25.14:376][  0]LogFileCache: Scanning file cache for directory 'D:/UnrealEngine/CKUnrealProject/CKUE4/Content/Developers/JE/Collections/' took 0.00s
[2019.12.10-15.25.14:376][  0]LogFileCache: Scanning file cache for directory 'D:/UnrealEngine/CKUnrealProject/CKUE4/Content/Collections/' took 0.00s
[2019.12.10-15.25.14:376][  0]LogCollectionManager: Rebuilt the GUID cache for 0 collections in 0.000001 seconds
[2019.12.10-15.25.14:385][  0]LogContentBrowser: Native class hierarchy populated in 0.0089 seconds. Added 2742 classes and 661 folders.
[2019.12.10-15.25.14:391][  0]LogContentBrowser: Native class hierarchy updated for 'WidgetCarousel' in 0.0004 seconds. Added 0 classes and 0 folders.
[2019.12.10-15.25.14:393][  0]LogPakFile: Registered encryption key '00000000000000000000000000000000': 0 pak files mounted, 0 remain pending
[2019.12.10-15.25.14:394][  0]LogPakFile: Registered encryption key '00000000000000000000000000000000': 0 pak files mounted, 0 remain pending
[2019.12.10-15.25.14:395][  0]LogPakFile: Registered encryption key '00000000000000000000000000000000': 0 pak files mounted, 0 remain pending
[2019.12.10-15.25.14:395][  0]LogPakFile: Registered encryption key '00000000000000000000000000000000': 0 pak files mounted, 0 remain pending
[2019.12.10-15.25.14:396][  0]LogPakFile: Registered encryption key '00000000000000000000000000000000': 0 pak files mounted, 0 remain pending
[2019.12.10-15.25.14:397][  0]LogPakFile: Registered encryption key '00000000000000000000000000000000': 0 pak files mounted, 0 remain pending
[2019.12.10-15.25.14:398][  0]LogPakFile: Registered encryption key '00000000000000000000000000000000': 0 pak files mounted, 0 remain pending
[2019.12.10-15.25.14:398][  0]LogPakFile: Registered encryption key '00000000000000000000000000000000': 0 pak files mounted, 0 remain pending
[2019.12.10-15.25.14:399][  0]LogPakFile: Registered encryption key '00000000000000000000000000000000': 0 pak files mounted, 0 remain pending
[2019.12.10-15.25.14:400][  0]LogPakFile: Registered encryption key '00000000000000000000000000000000': 0 pak files mounted, 0 remain pending
[2019.12.10-15.25.14:401][  0]LogPakFile: Registered encryption key '00000000000000000000000000000000': 0 pak files mounted, 0 remain pending
[2019.12.10-15.25.14:402][  0]LogPakFile: Registered encryption key '00000000000000000000000000000000': 0 pak files mounted, 0 remain pending
[2019.12.10-15.25.14:402][  0]LogPakFile: Registered encryption key '00000000000000000000000000000000': 0 pak files mounted, 0 remain pending
[2019.12.10-15.25.14:403][  0]LogPakFile: Registered encryption key '00000000000000000000000000000000': 0 pak files mounted, 0 remain pending
[2019.12.10-15.25.14:404][  0]LogPakFile: Registered encryption key '00000000000000000000000000000000': 0 pak files mounted, 0 remain pending
[2019.12.10-15.25.14:405][  0]LogPakFile: Registered encryption key '00000000000000000000000000000000': 0 pak files mounted, 0 remain pending
[2019.12.10-15.25.14:406][  0]LogPakFile: Registered encryption key '00000000000000000000000000000000': 0 pak files mounted, 0 remain pending
[2019.12.10-15.25.14:407][  0]LogPakFile: Registered encryption key '00000000000000000000000000000000': 0 pak files mounted, 0 remain pending
[2019.12.10-15.25.14:408][  0]LogPakFile: Registered encryption key '00000000000000000000000000000000': 0 pak files mounted, 0 remain pending
[2019.12.10-15.25.14:409][  0]LogPakFile: Registered encryption key '00000000000000000000000000000000': 0 pak files mounted, 0 remain pending
[2019.12.10-15.25.14:409][  0]LogPakFile: Registered encryption key '00000000000000000000000000000000': 0 pak files mounted, 0 remain pending
[2019.12.10-15.25.14:410][  0]LogPakFile: Registered encryption key '00000000000000000000000000000000': 0 pak files mounted, 0 remain pending
[2019.12.10-15.25.14:412][  0]LogPakFile: Registered encryption key '00000000000000000000000000000000': 0 pak files mounted, 0 remain pending
[2019.12.10-15.25.14:413][  0]LogPakFile: Registered encryption key '00000000000000000000000000000000': 0 pak files mounted, 0 remain pending
[2019.12.10-15.25.14:414][  0]LogPakFile: Registered encryption key '00000000000000000000000000000000': 0 pak files mounted, 0 remain pending
[2019.12.10-15.25.14:415][  0]LogPakFile: Registered encryption key '00000000000000000000000000000000': 0 pak files mounted, 0 remain pending
[2019.12.10-15.25.14:480][  0]LogContentBrowser: Native class hierarchy updated for 'AddContentDialog' in 0.0004 seconds. Added 0 classes and 0 folders.
[2019.12.10-15.25.14:489][  0]LogContentBrowser: Native class hierarchy updated for 'SceneOutliner' in 0.0006 seconds. Added 1 classes and 2 folders.
[2019.12.10-15.25.14:504][  0]LogSlate: Took 0.000175 seconds to synchronously load lazily loaded font '../../../Engine/Content/Slate/Fonts/Roboto-Regular.ttf' (155K)
[2019.12.10-15.25.14:507][  0]LogSlate: Took 0.001954 seconds to synchronously load lazily loaded font '../../../Engine/Content/Editor/Slate/Fonts/NanumGothic.ttf' (4243K)
[2019.12.10-15.25.14:510][  0]LogSlate: Took 0.001804 seconds to synchronously load lazily loaded font '../../../Engine/Content/Editor/Slate/Fonts/NanumGothicBold.ttf' (4188K)
[2019.12.10-15.25.14:510][  0]LogSlate: Took 0.000260 seconds to synchronously load lazily loaded font '../../../Engine/Content/Slate/Fonts/Roboto-Bold.ttf' (160K)
[2019.12.10-15.25.14:515][  0]LogSlate: Took 0.000160 seconds to synchronously load lazily loaded font '../../../Engine/Content/Editor/Slate/Fonts/FontAwesome.ttf' (139K)
[2019.12.10-15.25.14:574][  0]LogRenderer: Reallocating scene render targets to support 1208x572 Format 10 NumSamples 1 (Frame:1).
[2019.12.10-15.25.14:606][  0]LogSlate: Warning: Legacy localized fallback font '../../../Engine/Content/Slate/Fonts/../../Editor/Slate/Fonts/NanumGothic.ttf' was requested. Font: '/Engine/EngineFonts/Faces/RobotoRegular.RobotoRegular', Character: '라 (U+b77c)'
Legacy localized fallback fonts were deprecated in 4.22 and will be removed in a future version!
Please update your composite fonts to use localized sub-font families: https://docs.unrealengine.com/en-US/Engine/UMG/UserGuide/Fonts/Overview
[2019.12.10-15.25.14:608][  0]LogSlate: Took 0.001971 seconds to synchronously load lazily loaded font '../../../Engine/Content/Slate/Fonts/../../Editor/Slate/Fonts/NanumGothic.ttf' (4243K)
[2019.12.10-15.25.14:621][  0]LogSlate: Took 0.000202 seconds to synchronously load lazily loaded font '../../../Engine/Content/Slate/Fonts/Roboto-Light.ttf' (167K)
[2019.12.10-15.25.14:701][  0]LogContentBrowser: Native class hierarchy updated for 'HierarchicalLODOutliner' in 0.0005 seconds. Added 0 classes and 0 folders.
[2019.12.10-15.25.14:702][  0]LogLoad: (Engine Initialization) Total time: 11.93 seconds
[2019.12.10-15.25.14:702][  0]LogLoad: (Engine Initialization) Total Blueprint compile time: 0.00 seconds
[2019.12.10-15.25.14:736][  0]LogAssetRegistry: Asset discovery search completed in 5.8104 seconds
[2019.12.10-15.25.14:739][  0]LogCollectionManager: Rebuilt the object cache for 0 collections in 0.000001 seconds (found 0 objects)
[2019.12.10-15.25.14:739][  0]LogCollectionManager: Fixed up redirectors for 0 collections in 0.000148 seconds (updated 0 objects)
[2019.12.10-15.25.14:740][  0]LogContentStreaming: Texture pool size now 1000 MB
[2019.12.10-15.25.16:064][145]LogSlate: FSceneViewport::OnFocusLost() reason 0
[2019.12.10-15.25.16:197][161]LogTemp: Repeating last play command: 선택된 뷰포트
[2019.12.10-15.25.16:200][161]LogBlueprintUserMessages: Early PlayInEditor Detection: Level '/Game/MainMap.MainMap:PersistentLevel' has LevelScriptBlueprint '/Game/MainMap.MainMap:PersistentLevel.MainMap' with GeneratedClass '/Game/MainMap.MainMap_C' with ClassGeneratedBy '/Game/MainMap.MainMap:PersistentLevel.MainMap'
[2019.12.10-15.25.16:200][161]LogPlayLevel: PlayLevel: No blueprints needed recompiling
[2019.12.10-15.25.16:201][161]PIE: New page: PIE 세션: MainMap (2019. 12. 11. 오전 9:25:16)
[2019.12.10-15.25.16:216][161]LogPlayLevel: Creating play world package: /Game/UEDPIE_0_MainMap
[2019.12.10-15.25.16:221][161]LogPlayLevel: PIE: StaticDuplicateObject took: (0.004371s)
[2019.12.10-15.25.16:221][161]LogAIModule: Creating AISystem for world MainMap
[2019.12.10-15.25.16:222][161]LogPlayLevel: PIE: World Init took: (0.000875s)
[2019.12.10-15.25.16:222][161]LogPlayLevel: PIE: Created PIE world by copying editor world from /Game/MainMap.MainMap to /Game/UEDPIE_0_MainMap.MainMap (0.006207s)
[2019.12.10-15.25.16:243][161]LogUObjectHash: Compacting FUObjectHashTables data took   1.19ms
[2019.12.10-15.25.16:303][161]LogInit: XAudio2 using 'LCD801(NVIDIA High Definition Audio)' : 2 channels at 48 kHz using 16 bits per sample (channel mask 0x3)
[2019.12.10-15.25.16:333][161]LogInit: FAudioDevice initialized.
[2019.12.10-15.25.16:377][161]LogLoad: Game class is 'TankGameMode'
[2019.12.10-15.25.16:380][161]LogWorld: Bringing World /Game/UEDPIE_0_MainMap.MainMap up for play (max tick rate 0) at 2019.12.11-00.25.16
[2019.12.10-15.25.16:382][161]LogWorld: Bringing up level for play took: 0.002649
[2019.12.10-15.25.16:401][161]LogContentBrowser: Native class hierarchy updated for 'MovieSceneCapture' in 0.0005 seconds. Added 20 classes and 0 folders.
[2019.12.10-15.25.16:402][161]PIE: /Game/UEDPIE_0_MainMap 에 대한 에디터에서 플레이 시작 시간: -0.716
[2019.12.10-15.25.16:403][161]LogBlueprintUserMessages: Late PlayInEditor Detection: Level '/Game/MainMap.MainMap:PersistentLevel' has LevelScriptBlueprint '/Game/MainMap.MainMap:PersistentLevel.MainMap' with GeneratedClass '/Game/MainMap.MainMap_C' with ClassGeneratedBy '/Game/MainMap.MainMap:PersistentLevel.MainMap'
[2019.12.10-15.25.24:870][170]LogTemp: IOS device listing is disabled (to many failed attempts)!
[2019.12.10-15.25.27:134][441]LogBlueprintUserMessages: Early EndPlayMap Detection: Level '/Game/MainMap.MainMap:PersistentLevel' has LevelScriptBlueprint '/Game/MainMap.MainMap:PersistentLevel.MainMap' with GeneratedClass '/Game/MainMap.MainMap_C' with ClassGeneratedBy '/Game/MainMap.MainMap:PersistentLevel.MainMap'
[2019.12.10-15.25.27:134][441]LogSlate: Updating window title bar state: overlay mode, drag disabled, window buttons hidden, title bar hidden
[2019.12.10-15.25.27:173][441]LogPlayLevel: Display: Shutting down PIE online subsystems
[2019.12.10-15.25.27:173][441]LogBlueprintUserMessages: Late EndPlayMap Detection: Level '/Game/MainMap.MainMap:PersistentLevel' has LevelScriptBlueprint '/Game/MainMap.MainMap:PersistentLevel.MainMap' with GeneratedClass '/Game/MainMap.MainMap_C' with ClassGeneratedBy '/Game/MainMap.MainMap:PersistentLevel.MainMap'
[2019.12.10-15.25.27:200][441]LogSlate: Updating window title bar state: overlay mode, drag disabled, window buttons hidden, title bar hidden
[2019.12.10-15.25.27:204][441]LogUObjectHash: Compacting FUObjectHashTables data took   1.91ms
[2019.12.10-15.25.27:244][443]LogPlayLevel: Display: Destroying online subsystem :Context_1
