Log file open, 12/11/19 04:28:51
LogWindows: Failed to load 'aqProf.dll' (GetLastError=126)
LogWindows: File 'aqProf.dll' does not exist
LogWindows: Failed to load 'VtuneApi.dll' (GetLastError=126)
LogWindows: File 'VtuneApi.dll' does not exist
LogWindows: Failed to load 'VtuneApi32e.dll' (GetLastError=126)
LogWindows: File 'VtuneApi32e.dll' does not exist
LogConsoleResponse: Display: Failed to find resolution value strings in scalability ini. Falling back to default.
LogInit: Display: Running engine for game: CKUE4
LogPakFile: Registered encryption key '00000000000000000000000000000000': 0 pak files mounted, 0 remain pending
LogPlatformFile: Not using cached read wrapper
LogTaskGraph: Started task graph with 5 named threads and 23 total threads with 3 sets of task threads.
LogStats: Stats thread started at 0.299002
LogD3D11RHI: Loaded GFSDK_Aftermath_Lib.x64.dll
LogICUInternationalization: ICU TimeZone Detection - Raw Offset: +9:00, Platform Override: ''
LogPluginManager: Mounting plugin Paper2D
LogPluginManager: Mounting plugin AISupport
LogPluginManager: Mounting plugin LightPropagationVolume
LogPluginManager: Mounting plugin ActorLayerUtilities
LogPluginManager: Mounting plugin AnimationSharing
LogPluginManager: Mounting plugin CLionSourceCodeAccess
LogPluginManager: Mounting plugin CodeLiteSourceCodeAccess
LogPluginManager: Mounting plugin GitSourceControl
LogPluginManager: Mounting plugin KDevelopSourceCodeAccess
LogPluginManager: Mounting plugin NullSourceCodeAccess
LogPluginManager: Mounting plugin PerforceSourceControl
LogPluginManager: Mounting plugin SubversionSourceControl
LogPluginManager: Mounting plugin UObjectPlugin
LogPluginManager: Mounting plugin VisualStudioCodeSourceCodeAccess
LogPluginManager: Mounting plugin VisualStudioSourceCodeAccess
LogPluginManager: Mounting plugin XCodeSourceCodeAccess
LogPluginManager: Mounting plugin AssetManagerEditor
LogPluginManager: Mounting plugin CryptoKeys
LogPluginManager: Mounting plugin DataValidation
LogPluginManager: Mounting plugin FacialAnimation
LogPluginManager: Mounting plugin GameplayTagsEditor
LogPluginManager: Mounting plugin MacGraphicsSwitching
LogPluginManager: Mounting plugin MaterialAnalyzer
LogPluginManager: Mounting plugin MobileLauncherProfileWizard
LogPluginManager: Mounting plugin PluginBrowser
LogPluginManager: Mounting plugin SpeedTreeImporter
LogPluginManager: Mounting plugin DatasmithContent
LogPluginManager: Mounting plugin VariantManagerContent
LogPluginManager: Mounting plugin AlembicImporter
LogPluginManager: Mounting plugin AppleImageUtils
LogPluginManager: Mounting plugin AppleVision
LogPluginManager: Mounting plugin BackChannel
LogPluginManager: Mounting plugin CharacterAI
LogPluginManager: Mounting plugin GeometryCache
LogPluginManager: Mounting plugin HTML5Networking
LogPluginManager: Mounting plugin ProxyLODPlugin
LogPluginManager: Mounting plugin SkeletalReduction
LogPluginManager: Mounting plugin MagicLeap
LogPluginManager: Mounting plugin MagicLeapMedia
LogPluginManager: Mounting plugin AndroidMedia
LogPluginManager: Mounting plugin AvfMedia
LogPluginManager: Mounting plugin ImgMedia
LogPluginManager: Mounting plugin LinearTimecode
LogPluginManager: Mounting plugin MediaCompositing
LogPluginManager: Mounting plugin MediaPlayerEditor
LogPluginManager: Mounting plugin WebMMedia
LogPluginManager: Mounting plugin WmfMedia
LogPluginManager: Mounting plugin TcpMessaging
LogPluginManager: Mounting plugin UdpMessaging
LogPluginManager: Mounting plugin ActorSequence
LogPluginManager: Mounting plugin LevelSequenceEditor
LogPluginManager: Mounting plugin MatineeToLevelSequence
LogPluginManager: Mounting plugin NetcodeUnitTest
LogPluginManager: Mounting plugin NUTUnrealEngine4
LogPluginManager: Mounting plugin OnlineSubsystemGooglePlay
LogPluginManager: Mounting plugin OnlineSubsystemIOS
LogPluginManager: Mounting plugin OnlineSubsystem
LogPluginManager: Mounting plugin OnlineSubsystemNull
LogPluginManager: Mounting plugin OnlineSubsystemUtils
LogPluginManager: Mounting plugin LauncherChunkInstaller
LogPluginManager: Mounting plugin AndroidDeviceProfileSelector
LogPluginManager: Mounting plugin AndroidMoviePlayer
LogPluginManager: Mounting plugin AndroidPermission
LogPluginManager: Mounting plugin AppleMoviePlayer
LogPluginManager: Mounting plugin ArchVisCharacter
LogPluginManager: Mounting plugin AudioCapture
LogPluginManager: Mounting plugin CableComponent
LogPluginManager: Mounting plugin CustomMeshComponent
LogPluginManager: Mounting plugin EditableMesh
LogPluginManager: Mounting plugin ExampleDeviceProfileSelector
LogPluginManager: Mounting plugin Firebase
LogPluginManager: Mounting plugin GoogleCloudMessaging
LogPluginManager: Mounting plugin IOSDeviceProfileSelector
LogPluginManager: Mounting plugin LinuxDeviceProfileSelector
LogPluginManager: Mounting plugin LocationServicesBPLibrary
LogPluginManager: Mounting plugin MobilePatchingUtils
LogPluginManager: Mounting plugin OculusVR
LogPluginManager: Mounting plugin PhysXVehicles
LogPluginManager: Mounting plugin ProceduralMeshComponent
LogPluginManager: Mounting plugin RuntimePhysXCooking
LogPluginManager: Mounting plugin SignificanceManager
LogPluginManager: Mounting plugin SteamVR
LogPluginManager: Mounting plugin WebMMoviePlayer
LogPluginManager: Mounting plugin WindowsMoviePlayer
LogInit: Using libcurl 7.55.1-DEV
LogInit:  - built for x86_64-pc-win32
LogInit:  - supports SSL with OpenSSL/1.1.1
LogInit:  - supports HTTP deflate (compression) using libz 1.2.8
LogInit:  - other features:
LogInit:      CURL_VERSION_SSL
LogInit:      CURL_VERSION_LIBZ
LogInit:      CURL_VERSION_IPV6
LogInit:      CURL_VERSION_ASYNCHDNS
LogInit:      CURL_VERSION_LARGEFILE
LogInit:      CURL_VERSION_IDN
LogInit:  CurlRequestOptions (configurable via config and command line):
LogInit:  - bVerifyPeer = true  - Libcurl will verify peer certificate
LogInit:  - bUseHttpProxy = false  - Libcurl will NOT use HTTP proxy
LogInit:  - bDontReuseConnections = false  - Libcurl will reuse connections
LogInit:  - MaxHostConnections = 16  - Libcurl will limit the number of connections to a host
LogInit:  - LocalHostAddr = Default
LogInit:  - BufferSize = 65536
LogInit: WinSock: version 1.1 (2.2), MaxSocks=32767, MaxUdp=65467
LogInit: Build: ++UE4+Release-4.22-CL-7053642
LogInit: Engine Version: 4.22.3-7053642+++UE4+Release-4.22
LogInit: Compatible Engine Version: 4.22.0-5660361+++UE4+Release-4.22
LogInit: Net CL: 5660361
LogInit: OS: Windows 10 (Release 1903) (), CPU: Intel(R) Core(TM) i7-6700 CPU @ 3.40GHz, GPU: NVIDIA GeForce GTX 960
LogInit: Compiled (64-bit): Jun 18 2019 03:09:11
LogInit: Compiled with Visual C++: 19.16.27025.01
LogInit: Build Configuration: Development
LogInit: Branch Name: ++UE4+Release-4.22
LogInit: Command Line: 
LogInit: Base Directory: D:/Epic Games/UE_4.22/Engine/Binaries/Win64/
LogInit: Installed Engine Build: 1
LogDevObjectVersion: Number of dev versions registered: 23
LogDevObjectVersion:   Dev-Blueprints (B0D832E4-1F89-4F0D-ACCF-7EB736FD4AA2): 10
LogDevObjectVersion:   Dev-Build (E1C64328-A22C-4D53-A36C-8E866417BD8C): 0
LogDevObjectVersion:   Dev-Core (375EC13C-06E4-48FB-B500-84F0262A717E): 3
LogDevObjectVersion:   Dev-Editor (E4B068ED-F494-42E9-A231-DA0B2E46BB41): 30
LogDevObjectVersion:   Dev-Framework (CFFC743F-43B0-4480-9391-14DF171D2073): 35
LogDevObjectVersion:   Dev-Mobile (B02B49B5-BB20-44E9-A304-32B752E40360): 2
LogDevObjectVersion:   Dev-Networking (A4E4105C-59A1-49B5-A7C5-40C4547EDFEE): 0
LogDevObjectVersion:   Dev-Online (39C831C9-5AE6-47DC-9A44-9C173E1C8E7C): 0
LogDevObjectVersion:   Dev-Physics (78F01B33-EBEA-4F98-B9B4-84EACCB95AA2): 0
LogDevObjectVersion:   Dev-Platform (6631380F-2D4D-43E0-8009-CF276956A95A): 0
LogDevObjectVersion:   Dev-Rendering (12F88B9F-8875-4AFC-A67C-D90C383ABD29): 28
LogDevObjectVersion:   Dev-Sequencer (7B5AE74C-D270-4C10-A958-57980B212A5A): 11
LogDevObjectVersion:   Dev-VR (D7296918-1DD6-4BDD-9DE2-64A83CC13884): 2
LogDevObjectVersion:   Dev-LoadTimes (C2A15278-BFE7-4AFE-6C17-90FF531DF755): 1
LogDevObjectVersion:   Private-Geometry (6EACA3D4-40EC-4CC1-B786-8BED09428FC5): 3
LogDevObjectVersion:   Dev-AnimPhys (29E575DD-E0A3-4627-9D10-D276232CDCEA): 17
LogDevObjectVersion:   Dev-Anim (AF43A65D-7FD3-4947-9873-3E8ED9C1BB05): 2
LogDevObjectVersion:   Dev-ReflectionCapture (6B266CEC-1EC7-4B8F-A30B-E4D90942FC07): 1
LogDevObjectVersion:   Dev-Automation (0DF73D61-A23F-47EA-B727-89E90C41499A): 1
LogDevObjectVersion:   FortniteMain (601D1886-AC64-4F84-AA16-D3DE0DEAC7D6): 25
LogDevObjectVersion:   Dev-Enterprise (9DFFBCD6-494F-0158-E221-12823C92A888): 6
LogDevObjectVersion:   Dev-Niagara (F2AED0AC-9AFE-416F-8664-AA7FFA26D6FC): 1
LogDevObjectVersion:   Dev-Destruction (174F1F0B-B4C6-45A5-B13F-2EE8D0FB917D): 2
LogInit: Presizing for max 16777216 objects, including 0 objects not considered by GC, pre-allocating 0 bytes for permanent pool.
LogInit: Object subsystem initialized
LogConfig: Setting CVar [[con.DebugEarlyDefault:1]]
LogConfig: Setting CVar [[r.setres:1280x720]]
[2019.12.10-19.28.52:099][  0]LogConfig: Setting CVar [[r.VSync:0]]
[2019.12.10-19.28.52:099][  0]LogConfig: Setting CVar [[r.RHICmdBypass:0]]
[2019.12.10-19.28.52:099][  0]LogConfig: Applying CVar settings from Section [/Script/Engine.RendererSettings] File [D:/UnrealEngine/CKUnrealProject/CKUE4/Saved/Config/Windows/Engine.ini]
[2019.12.10-19.28.52:100][  0]LogConfig: Setting CVar [[r.GPUCrashDebugging:0]]
[2019.12.10-19.28.52:100][  0]LogConfig: Setting CVar [[r.DefaultFeature.AutoExposure.ExtendDefaultLuminanceRange:1]]
[2019.12.10-19.28.52:100][  0]LogConfig: Applying CVar settings from Section [/Script/Engine.RendererOverrideSettings] File [D:/UnrealEngine/CKUnrealProject/CKUE4/Saved/Config/Windows/Engine.ini]
[2019.12.10-19.28.52:100][  0]LogConfig: Applying CVar settings from Section [/Script/Engine.StreamingSettings] File [D:/UnrealEngine/CKUnrealProject/CKUE4/Saved/Config/Windows/Engine.ini]
[2019.12.10-19.28.52:100][  0]LogConfig: Setting CVar [[s.MinBulkDataSizeForAsyncLoading:131072]]
[2019.12.10-19.28.52:100][  0]LogConfig: Setting CVar [[s.AsyncLoadingThreadEnabled:0]]
[2019.12.10-19.28.52:100][  0]LogConfig: Setting CVar [[s.EventDrivenLoaderEnabled:1]]
[2019.12.10-19.28.52:100][  0]LogConfig: Setting CVar [[s.WarnIfTimeLimitExceeded:0]]
[2019.12.10-19.28.52:100][  0]LogConfig: Setting CVar [[s.TimeLimitExceededMultiplier:1.5]]
[2019.12.10-19.28.52:100][  0]LogConfig: Setting CVar [[s.TimeLimitExceededMinTime:0.005]]
[2019.12.10-19.28.52:100][  0]LogConfig: Setting CVar [[s.UseBackgroundLevelStreaming:1]]
[2019.12.10-19.28.52:100][  0]LogConfig: Setting CVar [[s.PriorityAsyncLoadingExtraTime:15.0]]
[2019.12.10-19.28.52:100][  0]LogConfig: Setting CVar [[s.LevelStreamingActorsUpdateTimeLimit:5.0]]
[2019.12.10-19.28.52:100][  0]LogConfig: Setting CVar [[s.PriorityLevelStreamingActorsUpdateExtraTime:5.0]]
[2019.12.10-19.28.52:100][  0]LogConfig: Setting CVar [[s.LevelStreamingComponentsRegistrationGranularity:10]]
[2019.12.10-19.28.52:100][  0]LogConfig: Setting CVar [[s.UnregisterComponentsTimeLimit:1.0]]
[2019.12.10-19.28.52:100][  0]LogConfig: Setting CVar [[s.LevelStreamingComponentsUnregistrationGranularity:5]]
[2019.12.10-19.28.52:100][  0]LogConfig: Applying CVar settings from Section [/Script/Engine.GarbageCollectionSettings] File [D:/UnrealEngine/CKUnrealProject/CKUE4/Saved/Config/Windows/Engine.ini]
[2019.12.10-19.28.52:100][  0]LogConfig: Setting CVar [[gc.MaxObjectsNotConsideredByGC:1]]
[2019.12.10-19.28.52:100][  0]LogConfig: Setting CVar [[gc.SizeOfPermanentObjectPool:0]]
[2019.12.10-19.28.52:100][  0]LogConfig: Setting CVar [[gc.FlushStreamingOnGC:0]]
[2019.12.10-19.28.52:100][  0]LogConfig: Setting CVar [[gc.NumRetriesBeforeForcingGC:10]]
[2019.12.10-19.28.52:100][  0]LogConfig: Setting CVar [[gc.AllowParallelGC:1]]
[2019.12.10-19.28.52:100][  0]LogConfig: Setting CVar [[gc.TimeBetweenPurgingPendingKillObjects:61.1]]
[2019.12.10-19.28.52:100][  0]LogConfig: Setting CVar [[gc.MaxObjectsInEditor:16777216]]
[2019.12.10-19.28.52:100][  0]LogConfig: Setting CVar [[gc.IncrementalBeginDestroyEnabled:1]]
[2019.12.10-19.28.52:100][  0]LogConfig: Setting CVar [[gc.CreateGCClusters:1]]
[2019.12.10-19.28.52:100][  0]LogConfig: Setting CVar [[gc.MinGCClusterSize:5]]
[2019.12.10-19.28.52:100][  0]LogConfig: Setting CVar [[gc.ActorClusteringEnabled:0]]
[2019.12.10-19.28.52:100][  0]LogConfig: Setting CVar [[gc.BlueprintClusteringEnabled:0]]
[2019.12.10-19.28.52:100][  0]LogConfig: Setting CVar [[gc.UseDisregardForGCOnDedicatedServers:0]]
[2019.12.10-19.28.52:100][  0]LogConfig: Applying CVar settings from Section [/Script/Engine.NetworkSettings] File [D:/UnrealEngine/CKUnrealProject/CKUE4/Saved/Config/Windows/Engine.ini]
[2019.12.10-19.28.52:100][  0]LogConfig: Applying CVar settings from Section [/Script/UnrealEd.CookerSettings] File [D:/UnrealEngine/CKUnrealProject/CKUE4/Saved/Config/Windows/Engine.ini]
[2019.12.10-19.28.52:117][  0]LogConfig: Applying CVar settings from Section [ViewDistanceQuality@3] File [D:/UnrealEngine/CKUnrealProject/CKUE4/Saved/Config/Windows/Scalability.ini]
[2019.12.10-19.28.52:117][  0]LogConfig: Setting CVar [[r.SkeletalMeshLODBias:0]]
[2019.12.10-19.28.52:117][  0]LogConfig: Setting CVar [[r.ViewDistanceScale:1.0]]
[2019.12.10-19.28.52:117][  0]LogConfig: Applying CVar settings from Section [AntiAliasingQuality@3] File [D:/UnrealEngine/CKUnrealProject/CKUE4/Saved/Config/Windows/Scalability.ini]
[2019.12.10-19.28.52:117][  0]LogConfig: Setting CVar [[r.PostProcessAAQuality:4]]
[2019.12.10-19.28.52:117][  0]LogConfig: Applying CVar settings from Section [ShadowQuality@3] File [D:/UnrealEngine/CKUnrealProject/CKUE4/Saved/Config/Windows/Scalability.ini]
[2019.12.10-19.28.52:117][  0]LogConfig: Setting CVar [[r.LightFunctionQuality:1]]
[2019.12.10-19.28.52:117][  0]LogConfig: Setting CVar [[r.ShadowQuality:5]]
[2019.12.10-19.28.52:117][  0]LogConfig: Setting CVar [[r.Shadow.CSM.MaxCascades:10]]
[2019.12.10-19.28.52:117][  0]LogConfig: Setting CVar [[r.Shadow.MaxResolution:2048]]
[2019.12.10-19.28.52:117][  0]LogConfig: Setting CVar [[r.Shadow.MaxCSMResolution:2048]]
[2019.12.10-19.28.52:117][  0]LogConfig: Setting CVar [[r.Shadow.RadiusThreshold:0.01]]
[2019.12.10-19.28.52:117][  0]LogConfig: Setting CVar [[r.Shadow.DistanceScale:1.0]]
[2019.12.10-19.28.52:117][  0]LogConfig: Setting CVar [[r.Shadow.CSM.TransitionScale:1.0]]
[2019.12.10-19.28.52:117][  0]LogConfig: Setting CVar [[r.Shadow.PreShadowResolutionFactor:1.0]]
[2019.12.10-19.28.52:118][  0]LogConfig: Setting CVar [[r.DistanceFieldShadowing:1]]
[2019.12.10-19.28.52:118][  0]LogConfig: Setting CVar [[r.DistanceFieldAO:1]]
[2019.12.10-19.28.52:118][  0]LogConfig: Setting CVar [[r.AOQuality:2]]
[2019.12.10-19.28.52:118][  0]LogConfig: Setting CVar [[r.VolumetricFog:1]]
[2019.12.10-19.28.52:118][  0]LogConfig: Setting CVar [[r.VolumetricFog.GridPixelSize:8]]
[2019.12.10-19.28.52:118][  0]LogConfig: Setting CVar [[r.VolumetricFog.GridSizeZ:128]]
[2019.12.10-19.28.52:118][  0]LogConfig: Setting CVar [[r.VolumetricFog.HistoryMissSupersampleCount:4]]
[2019.12.10-19.28.52:118][  0]LogConfig: Setting CVar [[r.LightMaxDrawDistanceScale:1]]
[2019.12.10-19.28.52:118][  0]LogConfig: Setting CVar [[r.CapsuleShadows:1]]
[2019.12.10-19.28.52:118][  0]LogConfig: Applying CVar settings from Section [PostProcessQuality@3] File [D:/UnrealEngine/CKUnrealProject/CKUE4/Saved/Config/Windows/Scalability.ini]
[2019.12.10-19.28.52:118][  0]LogConfig: Setting CVar [[r.MotionBlurQuality:4]]
[2019.12.10-19.28.52:118][  0]LogConfig: Setting CVar [[r.AmbientOcclusionMipLevelFactor:0.4]]
[2019.12.10-19.28.52:118][  0]LogConfig: Setting CVar [[r.AmbientOcclusionMaxQuality:100]]
[2019.12.10-19.28.52:118][  0]LogConfig: Setting CVar [[r.AmbientOcclusionLevels:-1]]
[2019.12.10-19.28.52:118][  0]LogConfig: Setting CVar [[r.AmbientOcclusionRadiusScale:1.0]]
[2019.12.10-19.28.52:118][  0]LogConfig: Setting CVar [[r.DepthOfFieldQuality:2]]
[2019.12.10-19.28.52:118][  0]LogConfig: Setting CVar [[r.RenderTargetPoolMin:400]]
[2019.12.10-19.28.52:118][  0]LogConfig: Setting CVar [[r.LensFlareQuality:2]]
[2019.12.10-19.28.52:118][  0]LogConfig: Setting CVar [[r.SceneColorFringeQuality:1]]
[2019.12.10-19.28.52:118][  0]LogConfig: Setting CVar [[r.EyeAdaptationQuality:2]]
[2019.12.10-19.28.52:118][  0]LogConfig: Setting CVar [[r.BloomQuality:5]]
[2019.12.10-19.28.52:118][  0]LogConfig: Setting CVar [[r.FastBlurThreshold:100]]
[2019.12.10-19.28.52:118][  0]LogConfig: Setting CVar [[r.Upscale.Quality:3]]
[2019.12.10-19.28.52:118][  0]LogConfig: Setting CVar [[r.Tonemapper.GrainQuantization:1]]
[2019.12.10-19.28.52:118][  0]LogConfig: Setting CVar [[r.LightShaftQuality:1]]
[2019.12.10-19.28.52:118][  0]LogConfig: Setting CVar [[r.Filter.SizeScale:1]]
[2019.12.10-19.28.52:118][  0]LogConfig: Setting CVar [[r.Tonemapper.Quality:5]]
[2019.12.10-19.28.52:118][  0]LogConfig: Setting CVar [[r.DOF.Gather.AccumulatorQuality:1        ; higher gathering accumulator quality]]
[2019.12.10-19.28.52:118][  0]LogConfig: Setting CVar [[r.DOF.Gather.PostfilterMethod:1          ; Median3x3 postfilering method]]
[2019.12.10-19.28.52:118][  0]LogConfig: Setting CVar [[r.DOF.Gather.EnableBokehSettings:0       ; no bokeh simulation when gathering]]
[2019.12.10-19.28.52:118][  0]LogConfig: Setting CVar [[r.DOF.Gather.RingCount:4                 ; medium number of samples when gathering]]
[2019.12.10-19.28.52:118][  0]LogConfig: Setting CVar [[r.DOF.Scatter.ForegroundCompositing:1    ; additive foreground scattering]]
[2019.12.10-19.28.52:118][  0]LogConfig: Setting CVar [[r.DOF.Scatter.BackgroundCompositing:2    ; additive background scattering]]
[2019.12.10-19.28.52:118][  0]LogConfig: Setting CVar [[r.DOF.Scatter.EnableBokehSettings:1      ; bokeh simulation when scattering]]
[2019.12.10-19.28.52:118][  0]LogConfig: Setting CVar [[r.DOF.Scatter.MaxSpriteRatio:0.1         ; only a maximum of 10% of scattered bokeh]]
[2019.12.10-19.28.52:118][  0]LogConfig: Setting CVar [[r.DOF.Recombine.Quality:1                ; cheap slight out of focus]]
[2019.12.10-19.28.52:118][  0]LogConfig: Setting CVar [[r.DOF.Recombine.EnableBokehSettings:0    ; no bokeh simulation on slight out of focus]]
[2019.12.10-19.28.52:118][  0]LogConfig: Setting CVar [[r.DOF.TemporalAAQuality:1                ; more stable temporal accumulation]]
[2019.12.10-19.28.52:118][  0]LogConfig: Setting CVar [[r.DOF.Kernel.MaxForegroundRadius:0.025]]
[2019.12.10-19.28.52:118][  0]LogConfig: Setting CVar [[r.DOF.Kernel.MaxBackgroundRadius:0.025]]
[2019.12.10-19.28.52:118][  0]LogConfig: Applying CVar settings from Section [TextureQuality@3] File [D:/UnrealEngine/CKUnrealProject/CKUE4/Saved/Config/Windows/Scalability.ini]
[2019.12.10-19.28.52:118][  0]LogConfig: Setting CVar [[r.Streaming.MipBias:0]]
[2019.12.10-19.28.52:118][  0]LogConfig: Setting CVar [[r.Streaming.AmortizeCPUToGPUCopy:0]]
[2019.12.10-19.28.52:118][  0]LogConfig: Setting CVar [[r.Streaming.MaxNumTexturesToStreamPerFrame:0]]
[2019.12.10-19.28.52:118][  0]LogConfig: Setting CVar [[r.Streaming.Boost:1]]
[2019.12.10-19.28.52:118][  0]LogConfig: Setting CVar [[r.MaxAnisotropy:8]]
[2019.12.10-19.28.52:118][  0]LogConfig: Setting CVar [[r.Streaming.LimitPoolSizeToVRAM:0]]
[2019.12.10-19.28.52:118][  0]LogConfig: Setting CVar [[r.Streaming.PoolSize:1000]]
[2019.12.10-19.28.52:118][  0]LogConfig: Setting CVar [[r.Streaming.MaxEffectiveScreenSize:0]]
[2019.12.10-19.28.52:118][  0]LogConfig: Applying CVar settings from Section [EffectsQuality@3] File [D:/UnrealEngine/CKUnrealProject/CKUE4/Saved/Config/Windows/Scalability.ini]
[2019.12.10-19.28.52:118][  0]LogConfig: Setting CVar [[r.TranslucencyLightingVolumeDim:64]]
[2019.12.10-19.28.52:118][  0]LogConfig: Setting CVar [[r.RefractionQuality:2]]
[2019.12.10-19.28.52:118][  0]LogConfig: Setting CVar [[r.SSR.Quality:3]]
[2019.12.10-19.28.52:118][  0]LogConfig: Setting CVar [[r.SceneColorFormat:4]]
[2019.12.10-19.28.52:118][  0]LogConfig: Setting CVar [[r.DetailMode:2]]
[2019.12.10-19.28.52:118][  0]LogConfig: Setting CVar [[r.TranslucencyVolumeBlur:1]]
[2019.12.10-19.28.52:118][  0]LogConfig: Setting CVar [[r.MaterialQualityLevel:1 ; High quality]]
[2019.12.10-19.28.52:118][  0]LogConfig: Setting CVar [[r.SSS.Scale:1]]
[2019.12.10-19.28.52:118][  0]LogConfig: Setting CVar [[r.SSS.SampleSet:2]]
[2019.12.10-19.28.52:118][  0]LogConfig: Setting CVar [[r.SSS.Quality:1]]
[2019.12.10-19.28.52:118][  0]LogConfig: Setting CVar [[r.SSS.HalfRes:1]]
[2019.12.10-19.28.52:118][  0]LogConfig: Setting CVar [[r.EmitterSpawnRateScale:1.0]]
[2019.12.10-19.28.52:118][  0]LogConfig: Setting CVar [[r.ParticleLightQuality:2]]
[2019.12.10-19.28.52:118][  0]LogConfig: Applying CVar settings from Section [FoliageQuality@3] File [D:/UnrealEngine/CKUnrealProject/CKUE4/Saved/Config/Windows/Scalability.ini]
[2019.12.10-19.28.52:118][  0]LogConfig: Setting CVar [[foliage.DensityScale:1.0]]
[2019.12.10-19.28.52:118][  0]LogConfig: Setting CVar [[grass.DensityScale:1.0]]
[2019.12.10-19.28.52:119][  0]LogInit: Selected Device Profile: [Windows]
[2019.12.10-19.28.52:119][  0]LogInit: Applying CVar settings loaded from the selected device profile: [Windows]
[2019.12.10-19.28.52:133][  0]LogHAL: Display: Platform has ~ 16 GB [17112133632 / 17179869184 / 16], which maps to Larger [LargestMinGB=32, LargerMinGB=12, DefaultMinGB=8, SmallerMinGB=6, SmallestMinGB=0)
[2019.12.10-19.28.52:133][  0]LogConfig: Setting CVar [[r.Vulkan.UseRealUBs:0		; Required until we fix HLR fall-out]]
[2019.12.10-19.28.52:133][  0]LogInit: Going up to parent DeviceProfile []
[2019.12.10-19.28.52:133][  0]LogConfig: Applying CVar settings from Section [ViewDistanceQuality@3] File [D:/UnrealEngine/CKUnrealProject/CKUE4/Saved/Config/Windows/Scalability.ini]
[2019.12.10-19.28.52:133][  0]LogConfig: Setting CVar [[r.SkeletalMeshLODBias:0]]
[2019.12.10-19.28.52:133][  0]LogConfig: Setting CVar [[r.ViewDistanceScale:1.0]]
[2019.12.10-19.28.52:133][  0]LogConfig: Applying CVar settings from Section [AntiAliasingQuality@3] File [D:/UnrealEngine/CKUnrealProject/CKUE4/Saved/Config/Windows/Scalability.ini]
[2019.12.10-19.28.52:133][  0]LogConfig: Setting CVar [[r.PostProcessAAQuality:4]]
[2019.12.10-19.28.52:133][  0]LogConfig: Applying CVar settings from Section [ShadowQuality@3] File [D:/UnrealEngine/CKUnrealProject/CKUE4/Saved/Config/Windows/Scalability.ini]
[2019.12.10-19.28.52:133][  0]LogConfig: Setting CVar [[r.LightFunctionQuality:1]]
[2019.12.10-19.28.52:133][  0]LogConfig: Setting CVar [[r.ShadowQuality:5]]
[2019.12.10-19.28.52:133][  0]LogConfig: Setting CVar [[r.Shadow.CSM.MaxCascades:10]]
[2019.12.10-19.28.52:133][  0]LogConfig: Setting CVar [[r.Shadow.MaxResolution:2048]]
[2019.12.10-19.28.52:133][  0]LogConfig: Setting CVar [[r.Shadow.MaxCSMResolution:2048]]
[2019.12.10-19.28.52:133][  0]LogConfig: Setting CVar [[r.Shadow.RadiusThreshold:0.01]]
[2019.12.10-19.28.52:133][  0]LogConfig: Setting CVar [[r.Shadow.DistanceScale:1.0]]
[2019.12.10-19.28.52:133][  0]LogConfig: Setting CVar [[r.Shadow.CSM.TransitionScale:1.0]]
[2019.12.10-19.28.52:133][  0]LogConfig: Setting CVar [[r.Shadow.PreShadowResolutionFactor:1.0]]
[2019.12.10-19.28.52:133][  0]LogConfig: Setting CVar [[r.DistanceFieldShadowing:1]]
[2019.12.10-19.28.52:133][  0]LogConfig: Setting CVar [[r.DistanceFieldAO:1]]
[2019.12.10-19.28.52:133][  0]LogConfig: Setting CVar [[r.AOQuality:2]]
[2019.12.10-19.28.52:133][  0]LogConfig: Setting CVar [[r.VolumetricFog:1]]
[2019.12.10-19.28.52:133][  0]LogConfig: Setting CVar [[r.VolumetricFog.GridPixelSize:8]]
[2019.12.10-19.28.52:133][  0]LogConfig: Setting CVar [[r.VolumetricFog.GridSizeZ:128]]
[2019.12.10-19.28.52:133][  0]LogConfig: Setting CVar [[r.VolumetricFog.HistoryMissSupersampleCount:4]]
[2019.12.10-19.28.52:133][  0]LogConfig: Setting CVar [[r.LightMaxDrawDistanceScale:1]]
[2019.12.10-19.28.52:133][  0]LogConfig: Setting CVar [[r.CapsuleShadows:1]]
[2019.12.10-19.28.52:133][  0]LogConfig: Applying CVar settings from Section [PostProcessQuality@3] File [D:/UnrealEngine/CKUnrealProject/CKUE4/Saved/Config/Windows/Scalability.ini]
[2019.12.10-19.28.52:133][  0]LogConfig: Setting CVar [[r.MotionBlurQuality:4]]
[2019.12.10-19.28.52:133][  0]LogConfig: Setting CVar [[r.AmbientOcclusionMipLevelFactor:0.4]]
[2019.12.10-19.28.52:133][  0]LogConfig: Setting CVar [[r.AmbientOcclusionMaxQuality:100]]
[2019.12.10-19.28.52:133][  0]LogConfig: Setting CVar [[r.AmbientOcclusionLevels:-1]]
[2019.12.10-19.28.52:133][  0]LogConfig: Setting CVar [[r.AmbientOcclusionRadiusScale:1.0]]
[2019.12.10-19.28.52:133][  0]LogConfig: Setting CVar [[r.DepthOfFieldQuality:2]]
[2019.12.10-19.28.52:134][  0]LogConfig: Setting CVar [[r.RenderTargetPoolMin:400]]
[2019.12.10-19.28.52:134][  0]LogConfig: Setting CVar [[r.LensFlareQuality:2]]
[2019.12.10-19.28.52:134][  0]LogConfig: Setting CVar [[r.SceneColorFringeQuality:1]]
[2019.12.10-19.28.52:134][  0]LogConfig: Setting CVar [[r.EyeAdaptationQuality:2]]
[2019.12.10-19.28.52:134][  0]LogConfig: Setting CVar [[r.BloomQuality:5]]
[2019.12.10-19.28.52:134][  0]LogConfig: Setting CVar [[r.FastBlurThreshold:100]]
[2019.12.10-19.28.52:134][  0]LogConfig: Setting CVar [[r.Upscale.Quality:3]]
[2019.12.10-19.28.52:134][  0]LogConfig: Setting CVar [[r.Tonemapper.GrainQuantization:1]]
[2019.12.10-19.28.52:134][  0]LogConfig: Setting CVar [[r.LightShaftQuality:1]]
[2019.12.10-19.28.52:134][  0]LogConfig: Setting CVar [[r.Filter.SizeScale:1]]
[2019.12.10-19.28.52:134][  0]LogConfig: Setting CVar [[r.Tonemapper.Quality:5]]
[2019.12.10-19.28.52:134][  0]LogConfig: Setting CVar [[r.DOF.Gather.AccumulatorQuality:1        ; higher gathering accumulator quality]]
[2019.12.10-19.28.52:134][  0]LogConfig: Setting CVar [[r.DOF.Gather.PostfilterMethod:1          ; Median3x3 postfilering method]]
[2019.12.10-19.28.52:134][  0]LogConfig: Setting CVar [[r.DOF.Gather.EnableBokehSettings:0       ; no bokeh simulation when gathering]]
[2019.12.10-19.28.52:134][  0]LogConfig: Setting CVar [[r.DOF.Gather.RingCount:4                 ; medium number of samples when gathering]]
[2019.12.10-19.28.52:134][  0]LogConfig: Setting CVar [[r.DOF.Scatter.ForegroundCompositing:1    ; additive foreground scattering]]
[2019.12.10-19.28.52:134][  0]LogConfig: Setting CVar [[r.DOF.Scatter.BackgroundCompositing:2    ; additive background scattering]]
[2019.12.10-19.28.52:134][  0]LogConfig: Setting CVar [[r.DOF.Scatter.EnableBokehSettings:1      ; bokeh simulation when scattering]]
[2019.12.10-19.28.52:134][  0]LogConfig: Setting CVar [[r.DOF.Scatter.MaxSpriteRatio:0.1         ; only a maximum of 10% of scattered bokeh]]
[2019.12.10-19.28.52:134][  0]LogConfig: Setting CVar [[r.DOF.Recombine.Quality:1                ; cheap slight out of focus]]
[2019.12.10-19.28.52:134][  0]LogConfig: Setting CVar [[r.DOF.Recombine.EnableBokehSettings:0    ; no bokeh simulation on slight out of focus]]
[2019.12.10-19.28.52:134][  0]LogConfig: Setting CVar [[r.DOF.TemporalAAQuality:1                ; more stable temporal accumulation]]
[2019.12.10-19.28.52:134][  0]LogConfig: Setting CVar [[r.DOF.Kernel.MaxForegroundRadius:0.025]]
[2019.12.10-19.28.52:134][  0]LogConfig: Setting CVar [[r.DOF.Kernel.MaxBackgroundRadius:0.025]]
[2019.12.10-19.28.52:134][  0]LogConfig: Applying CVar settings from Section [TextureQuality@3] File [D:/UnrealEngine/CKUnrealProject/CKUE4/Saved/Config/Windows/Scalability.ini]
[2019.12.10-19.28.52:134][  0]LogConfig: Setting CVar [[r.Streaming.MipBias:0]]
[2019.12.10-19.28.52:134][  0]LogConfig: Setting CVar [[r.Streaming.AmortizeCPUToGPUCopy:0]]
[2019.12.10-19.28.52:134][  0]LogConfig: Setting CVar [[r.Streaming.MaxNumTexturesToStreamPerFrame:0]]
[2019.12.10-19.28.52:134][  0]LogConfig: Setting CVar [[r.Streaming.Boost:1]]
[2019.12.10-19.28.52:134][  0]LogConfig: Setting CVar [[r.MaxAnisotropy:8]]
[2019.12.10-19.28.52:134][  0]LogConfig: Setting CVar [[r.Streaming.LimitPoolSizeToVRAM:0]]
[2019.12.10-19.28.52:134][  0]LogConfig: Setting CVar [[r.Streaming.PoolSize:1000]]
[2019.12.10-19.28.52:134][  0]LogConfig: Setting CVar [[r.Streaming.MaxEffectiveScreenSize:0]]
[2019.12.10-19.28.52:134][  0]LogConfig: Applying CVar settings from Section [EffectsQuality@3] File [D:/UnrealEngine/CKUnrealProject/CKUE4/Saved/Config/Windows/Scalability.ini]
[2019.12.10-19.28.52:134][  0]LogConfig: Setting CVar [[r.TranslucencyLightingVolumeDim:64]]
[2019.12.10-19.28.52:134][  0]LogConfig: Setting CVar [[r.RefractionQuality:2]]
[2019.12.10-19.28.52:134][  0]LogConfig: Setting CVar [[r.SSR.Quality:3]]
[2019.12.10-19.28.52:134][  0]LogConfig: Setting CVar [[r.SceneColorFormat:4]]
[2019.12.10-19.28.52:134][  0]LogConfig: Setting CVar [[r.DetailMode:2]]
[2019.12.10-19.28.52:134][  0]LogConfig: Setting CVar [[r.TranslucencyVolumeBlur:1]]
[2019.12.10-19.28.52:134][  0]LogConfig: Setting CVar [[r.MaterialQualityLevel:1 ; High quality]]
[2019.12.10-19.28.52:134][  0]LogConfig: Setting CVar [[r.SSS.Scale:1]]
[2019.12.10-19.28.52:134][  0]LogConfig: Setting CVar [[r.SSS.SampleSet:2]]
[2019.12.10-19.28.52:134][  0]LogConfig: Setting CVar [[r.SSS.Quality:1]]
[2019.12.10-19.28.52:134][  0]LogConfig: Setting CVar [[r.SSS.HalfRes:1]]
[2019.12.10-19.28.52:134][  0]LogConfig: Setting CVar [[r.EmitterSpawnRateScale:1.0]]
[2019.12.10-19.28.52:134][  0]LogConfig: Setting CVar [[r.ParticleLightQuality:2]]
[2019.12.10-19.28.52:134][  0]LogConfig: Applying CVar settings from Section [FoliageQuality@3] File [D:/UnrealEngine/CKUnrealProject/CKUE4/Saved/Config/Windows/Scalability.ini]
[2019.12.10-19.28.52:134][  0]LogConfig: Setting CVar [[foliage.DensityScale:1.0]]
[2019.12.10-19.28.52:134][  0]LogConfig: Setting CVar [[grass.DensityScale:1.0]]
[2019.12.10-19.28.52:134][  0]LogConfig: Applying CVar settings from Section [Startup] File [../../../Engine/Config/ConsoleVariables.ini]
[2019.12.10-19.28.52:135][  0]LogConfig: Setting CVar [[net.UseAdaptiveNetUpdateFrequency:0]]
[2019.12.10-19.28.52:135][  0]LogConfig: Setting CVar [[p.chaos.AllowCreatePhysxBodies:1]]
[2019.12.10-19.28.52:135][  0]LogConfig: Applying CVar settings from Section [ConsoleVariables] File [D:/UnrealEngine/CKUnrealProject/CKUE4/Saved/Config/Windows/Engine.ini]
[2019.12.10-19.28.52:135][  0]LogInit: Computer: DESKTOP-0CRG6TP
[2019.12.10-19.28.52:135][  0]LogInit: User: JE
[2019.12.10-19.28.52:135][  0]LogInit: CPU Page size=4096, Cores=4
[2019.12.10-19.28.52:135][  0]LogInit: High frequency timer resolution =10.000000 MHz
[2019.12.10-19.28.52:135][  0]LogMemory: Memory total: Physical=15.9GB (16GB approx)
[2019.12.10-19.28.52:135][  0]LogMemory: Platform Memory Stats for Windows
[2019.12.10-19.28.52:135][  0]LogMemory: Process Physical Memory: 96.67 MB used, 96.68 MB peak
[2019.12.10-19.28.52:135][  0]LogMemory: Process Virtual Memory: 90.49 MB used, 90.49 MB peak
[2019.12.10-19.28.52:135][  0]LogMemory: Physical Memory: 11865.50 MB used,  4453.91 MB free, 16319.40 MB total
[2019.12.10-19.28.52:135][  0]LogMemory: Virtual Memory: 4643.90 MB used,  134213080.00 MB free, 134217728.00 MB total
[2019.12.10-19.28.52:179][  0]LogInit: Using OS detected language (ko-KR).
[2019.12.10-19.28.52:179][  0]LogInit: Using OS detected locale (ko-KR).
[2019.12.10-19.28.52:183][  0]LogTextLocalizationManager: No specific localization for 'ko-KR' exists, so the 'ko' localization will be used.
[2019.12.10-19.28.52:290][  0]LogInit: Setting process to per monitor DPI aware
[2019.12.10-19.28.52:377][  0]LogSlate: New Slate User Created.  User Index 0, Is Virtual User: 0
[2019.12.10-19.28.52:377][  0]LogSlate: Slate User Registered.  User Index 0, Is Virtual User: 0
[2019.12.10-19.28.52:706][  0]LogHMD: Failed to initialize OpenVR with code 110
[2019.12.10-19.28.52:706][  0]LogD3D11RHI: D3D11 adapters:
[2019.12.10-19.28.52:821][  0]LogD3D11RHI:    0. 'NVIDIA GeForce GTX 960' (Feature Level 11_0)
[2019.12.10-19.28.52:821][  0]LogD3D11RHI:       4053/0/8159 MB DedicatedVideo/DedicatedSystem/SharedSystem, Outputs:3, VendorId:0x10de
[2019.12.10-19.28.52:826][  0]LogD3D11RHI:    1. 'Microsoft Basic Render Driver' (Feature Level 11_0)
[2019.12.10-19.28.52:826][  0]LogD3D11RHI:       0/0/8159 MB DedicatedVideo/DedicatedSystem/SharedSystem, Outputs:0, VendorId:0x1414
[2019.12.10-19.28.52:826][  0]LogD3D11RHI: Chosen D3D11 Adapter: 0
[2019.12.10-19.28.52:837][  0]LogD3D11RHI: Creating new Direct3DDevice
[2019.12.10-19.28.52:837][  0]LogD3D11RHI:     GPU DeviceId: 0x1401 (for the marketing name, search the web for "GPU Device Id")
[2019.12.10-19.28.52:837][  0]LogWindows: EnumDisplayDevices:
[2019.12.10-19.28.52:838][  0]LogWindows:    0. 'NVIDIA GeForce GTX 960' (P:0 D:1)
[2019.12.10-19.28.52:839][  0]LogWindows:    1. 'NVIDIA GeForce GTX 960' (P:0 D:1)
[2019.12.10-19.28.52:841][  0]LogWindows:    2. 'NVIDIA GeForce GTX 960' (P:1 D:1)
[2019.12.10-19.28.52:843][  0]LogWindows:    3. 'NVIDIA GeForce GTX 960' (P:0 D:0)
[2019.12.10-19.28.52:844][  0]LogWindows: DebugString: FoundDriverCount:4 
[2019.12.10-19.28.52:844][  0]LogD3D11RHI:     Adapter Name: NVIDIA GeForce GTX 960
[2019.12.10-19.28.52:844][  0]LogD3D11RHI:   Driver Version: 441.12 (internal:26.21.14.4112, unified:441.12)
[2019.12.10-19.28.52:844][  0]LogD3D11RHI:      Driver Date: 10-24-2019
[2019.12.10-19.28.52:844][  0]LogRHI: Texture pool is 2837 MB (70% of 4053 MB)
[2019.12.10-19.28.52:901][  0]LogD3D11RHI: Async texture creation enabled
[2019.12.10-19.28.52:911][  0]LogRendererCore: FGlobalReadBuffer::InitRHI
[2019.12.10-19.28.52:911][  0]LogRendererCore: FGlobalReadBuffer::InitRHI
[2019.12.10-19.28.52:911][  0]LogRendererCore: FGlobalReadBuffer::InitRHI
[2019.12.10-19.28.52:920][  0]LogD3D11RHI: GPU Timing Frequency: 1000.000000 (Debug: 2 1)
[2019.12.10-19.28.53:453][  0]LogTemp: Display: Module 'AllDesktopTargetPlatform' loaded TargetPlatform 'AllDesktop'
[2019.12.10-19.28.53:473][  0]LogTemp: Display: Module 'MacClientTargetPlatform' loaded TargetPlatform 'MacClient'
[2019.12.10-19.28.53:495][  0]LogTemp: Display: Module 'MacNoEditorTargetPlatform' loaded TargetPlatform 'MacNoEditor'
[2019.12.10-19.28.53:519][  0]LogTemp: Display: Module 'MacServerTargetPlatform' loaded TargetPlatform 'MacServer'
[2019.12.10-19.28.53:541][  0]LogTemp: Display: Module 'MacTargetPlatform' loaded TargetPlatform 'Mac'
[2019.12.10-19.28.53:563][  0]LogTemp: Display: Module 'WindowsClientTargetPlatform' loaded TargetPlatform 'WindowsClient'
[2019.12.10-19.28.53:584][  0]LogTemp: Display: Module 'WindowsNoEditorTargetPlatform' loaded TargetPlatform 'WindowsNoEditor'
[2019.12.10-19.28.53:604][  0]LogTemp: Display: Module 'WindowsServerTargetPlatform' loaded TargetPlatform 'WindowsServer'
[2019.12.10-19.28.53:615][  0]LogTemp: Display: Module 'WindowsTargetPlatform' loaded TargetPlatform 'Windows'
[2019.12.10-19.28.53:747][  0]LogTemp: Display: Module 'AndroidTargetPlatform' loaded TargetPlatform 'Android'
[2019.12.10-19.28.53:747][  0]LogTemp: Display: Module 'AndroidTargetPlatform' loaded TargetPlatform 'Android_ASTC'
[2019.12.10-19.28.53:747][  0]LogTemp: Display: Module 'AndroidTargetPlatform' loaded TargetPlatform 'Android_ATC'
[2019.12.10-19.28.53:747][  0]LogTemp: Display: Module 'AndroidTargetPlatform' loaded TargetPlatform 'Android_DXT'
[2019.12.10-19.28.53:747][  0]LogTemp: Display: Module 'AndroidTargetPlatform' loaded TargetPlatform 'Android_ETC1'
[2019.12.10-19.28.53:747][  0]LogTemp: Display: Module 'AndroidTargetPlatform' loaded TargetPlatform 'Android_ETC1a'
[2019.12.10-19.28.53:747][  0]LogTemp: Display: Module 'AndroidTargetPlatform' loaded TargetPlatform 'Android_ETC2'
[2019.12.10-19.28.53:747][  0]LogTemp: Display: Module 'AndroidTargetPlatform' loaded TargetPlatform 'Android_PVRTC'
[2019.12.10-19.28.53:747][  0]LogTemp: Display: Module 'AndroidTargetPlatform' loaded TargetPlatform 'AndroidClient'
[2019.12.10-19.28.53:747][  0]LogTemp: Display: Module 'AndroidTargetPlatform' loaded TargetPlatform 'Android_ASTCClient'
[2019.12.10-19.28.53:747][  0]LogTemp: Display: Module 'AndroidTargetPlatform' loaded TargetPlatform 'Android_ATCClient'
[2019.12.10-19.28.53:747][  0]LogTemp: Display: Module 'AndroidTargetPlatform' loaded TargetPlatform 'Android_DXTClient'
[2019.12.10-19.28.53:747][  0]LogTemp: Display: Module 'AndroidTargetPlatform' loaded TargetPlatform 'Android_ETC1Client'
[2019.12.10-19.28.53:747][  0]LogTemp: Display: Module 'AndroidTargetPlatform' loaded TargetPlatform 'Android_ETC1aClient'
[2019.12.10-19.28.53:747][  0]LogTemp: Display: Module 'AndroidTargetPlatform' loaded TargetPlatform 'Android_ETC2Client'
[2019.12.10-19.28.53:747][  0]LogTemp: Display: Module 'AndroidTargetPlatform' loaded TargetPlatform 'Android_PVRTCClient'
[2019.12.10-19.28.53:747][  0]LogTemp: Display: Module 'AndroidTargetPlatform' loaded TargetPlatform 'Android_Multi'
[2019.12.10-19.28.53:747][  0]LogTemp: Display: Module 'AndroidTargetPlatform' loaded TargetPlatform 'Android_MultiClient'
[2019.12.10-19.28.53:752][  0]LogTemp: Display: Module 'HTML5TargetPlatform' loaded TargetPlatform 'HTML5'
[2019.12.10-19.28.53:809][  0]LogTemp: Display: Module 'IOSTargetPlatform' loaded TargetPlatform 'IOSClient'
[2019.12.10-19.28.53:809][  0]LogTemp: Display: Module 'IOSTargetPlatform' loaded TargetPlatform 'IOS'
[2019.12.10-19.28.53:841][  0]LogTemp: Display: Module 'TVOSTargetPlatform' loaded TargetPlatform 'TVOSClient'
[2019.12.10-19.28.53:841][  0]LogTemp: Display: Module 'TVOSTargetPlatform' loaded TargetPlatform 'TVOS'
[2019.12.10-19.28.53:857][  0]LogTemp: Display: Module 'LinuxClientTargetPlatform' loaded TargetPlatform 'LinuxClient'
[2019.12.10-19.28.53:876][  0]LogTemp: Display: Module 'LinuxNoEditorTargetPlatform' loaded TargetPlatform 'LinuxNoEditor'
[2019.12.10-19.28.53:891][  0]LogTemp: Display: Module 'LinuxServerTargetPlatform' loaded TargetPlatform 'LinuxServer'
[2019.12.10-19.28.53:906][  0]LogTemp: Display: Module 'LinuxTargetPlatform' loaded TargetPlatform 'Linux'
[2019.12.10-19.28.53:963][  0]LogTemp: Display: Module 'LuminTargetPlatform' loaded TargetPlatform 'Lumin'
[2019.12.10-19.28.53:963][  0]LogTemp: Display: Module 'LuminTargetPlatform' loaded TargetPlatform 'LuminClient'
[2019.12.10-19.28.53:963][  0]LogTargetPlatformManager: Display: Building Assets For Windows
[2019.12.10-19.28.53:973][  0]LogAudioDebug: Display: Lib vorbis DLL was dynamically loaded.
[2019.12.10-19.28.54:050][  0]LogShaderCompilers: Guid format shader working directory is -7 characters bigger than the processId version (../../../../../UnrealEngine/CKUnrealProject/CKUE4/Intermediate/Shaders/WorkingDirectory/22380/).
[2019.12.10-19.28.54:050][  0]LogShaderCompilers: Cleaned the shader compiler working directory 'C:/Users/JE/AppData/Local/Temp/UnrealShaderWorkingDir/9484A27B4D2D262BC0F274BC8AC524C3/'.
[2019.12.10-19.28.54:052][  0]LogXGEController: Cleaning working directory: C:/Users/JE/AppData/Local/Temp/UnrealXGEWorkingDir/
[2019.12.10-19.28.54:052][  0]LogXGEController: Cannot use XGE Controller as Incredibuild is not installed on this machine.
[2019.12.10-19.28.54:052][  0]LogShaderCompilers: Cannot use XGE Shader Compiler as Incredibuild is not installed on this machine.
[2019.12.10-19.28.54:052][  0]LogShaderCompilers: Display: Using Local Shader Compiler.
[2019.12.10-19.28.54:658][  0]LogDerivedDataCache: Display: Max Cache Size: 512 MB
[2019.12.10-19.28.54:713][  0]LogDerivedDataCache: Loaded boot cache 0.05s 73MB C:/Users/JE/AppData/Local/UnrealEngine/4.22/DerivedDataCache/Boot.ddc.
[2019.12.10-19.28.54:713][  0]LogDerivedDataCache: Display: Loaded Boot cache: C:/Users/JE/AppData/Local/UnrealEngine/4.22/DerivedDataCache/Boot.ddc
[2019.12.10-19.28.54:713][  0]LogDerivedDataCache: FDerivedDataBackendGraph:  Pak pak cache file ../../../../../UnrealEngine/CKUnrealProject/CKUE4/DerivedDataCache/DDC.ddp not found, will not use a pak cache.
[2019.12.10-19.28.54:713][  0]LogDerivedDataCache: Unable to find inner node Pak for hierarchical cache Hierarchy.
[2019.12.10-19.28.54:713][  0]LogDerivedDataCache: FDerivedDataBackendGraph:  CompressedPak pak cache file ../../../../../UnrealEngine/CKUnrealProject/CKUE4/DerivedDataCache/Compressed.ddp not found, will not use a pak cache.
[2019.12.10-19.28.54:713][  0]LogDerivedDataCache: Unable to find inner node CompressedPak for hierarchical cache Hierarchy.
[2019.12.10-19.28.54:727][  0]LogDerivedDataCache: Display: Pak cache opened for reading ../../../Engine/DerivedDataCache/Compressed.ddp.
[2019.12.10-19.28.54:727][  0]LogDerivedDataCache: FDerivedDataBackendGraph:  EnterprisePak pak cache file ../../../Enterprise/DerivedDataCache/Compressed.ddp not found, will not use a pak cache.
[2019.12.10-19.28.54:728][  0]LogDerivedDataCache: Unable to find inner node EnterprisePak for hierarchical cache Hierarchy.
[2019.12.10-19.28.54:740][  0]LogDerivedDataCache: Using Local data cache path C:/Users/JE/AppData/Local/UnrealEngine/Common/DerivedDataCache: Writable
[2019.12.10-19.28.54:740][  0]LogDerivedDataCache: Shared data cache path not found in *engine.ini, will not use an Shared cache.
[2019.12.10-19.28.54:740][  0]LogDerivedDataCache: Unable to find inner node Shared for hierarchical cache Hierarchy.
[2019.12.10-19.28.54:773][  0]LogMaterial: Verifying Global Shaders for PCD3D_SM5
[2019.12.10-19.28.54:774][  0]LogSlate: Using FreeType 2.6.0
[2019.12.10-19.28.54:774][  0]LogSlate: SlateFontServices - WITH_FREETYPE: 1, WITH_HARFBUZZ: 1
[2019.12.10-19.28.54:869][  0]LogAssetRegistry: FAssetRegistry took 0.0364 seconds to start up
[2019.12.10-19.28.55:344][  0]LogInit: Selected Device Profile: [Windows]
[2019.12.10-19.28.55:523][  0]LogMeshReduction: Using QuadricMeshReduction for automatic static mesh reduction
[2019.12.10-19.28.55:523][  0]LogMeshReduction: Using SimplygonMeshReduction for automatic skeletal mesh reduction
[2019.12.10-19.28.55:523][  0]LogMeshReduction: Using ProxyLODMeshReduction for automatic mesh merging
[2019.12.10-19.28.55:523][  0]LogMeshReduction: No distributed automatic mesh merging module available
[2019.12.10-19.28.55:523][  0]LogMeshMerging: No distributed automatic mesh merging module available
[2019.12.10-19.28.55:540][  0]LogNetVersion: CKUE4 1.0.0, NetCL: 5660361, EngineNetVer: 10, GameNetVer: 0 (Checksum: 1582171004)
[2019.12.10-19.28.55:980][  0]LogPackageLocalizationCache: Processed 10 localized package path(s) for 1 prioritized culture(s) in 0.033746 seconds
[2019.12.10-19.28.55:989][  0]LogUObjectArray: 42205 objects as part of root set at end of initial load.
[2019.12.10-19.28.55:989][  0]LogUObjectAllocator: 7325032 out of 0 bytes used by permanent object pool.
[2019.12.10-19.28.55:989][  0]LogUObjectArray: CloseDisregardForGC: 0/0 objects in disregard for GC pool
[2019.12.10-19.28.59:334][  0]LogTcpMessaging: Initializing TcpMessaging bridge
[2019.12.10-19.28.59:425][  0]LogUdpMessaging: Initializing bridge on interface 0.0.0.0:0 to multicast group 230.0.0.1:6666.
[2019.12.10-19.28.59:861][  0]SourceControl: 소스 컨트롤이 꺼져 있습니다.
[2019.12.10-19.28.59:861][  0]SourceControl: 소스 컨트롤이 꺼져 있습니다.
[2019.12.10-19.28.59:974][  0]SourceControl: 소스 컨트롤이 꺼져 있습니다.
[2019.12.10-19.28.59:982][  0]SourceControl: 소스 컨트롤이 꺼져 있습니다.
[2019.12.10-19.29.00:706][  0]LogAndroidPermission: UAndroidPermissionCallbackProxy::GetInstance
[2019.12.10-19.29.01:190][  0]LogOcInput: OculusInput pre-init called
[2019.12.10-19.29.02:236][  0]LogEngine: Initializing Engine...
[2019.12.10-19.29.02:237][  0]LogHMD: Failed to initialize OpenVR with code 110
[2019.12.10-19.29.02:238][  0]LogStats: UGameplayTagsManager::InitializeManager -  0.000 s
[2019.12.10-19.29.02:481][  0]LogInit: Initializing FReadOnlyCVARCache
[2019.12.10-19.29.02:530][  0]LogAIModule: Creating AISystem for world Untitled
[2019.12.10-19.29.02:632][  0]LogInit: XAudio2 using 'LCD801(NVIDIA High Definition Audio)' : 2 channels at 48 kHz using 16 bits per sample (channel mask 0x3)
[2019.12.10-19.29.02:682][  0]LogInit: FAudioDevice initialized.
[2019.12.10-19.29.02:682][  0]LogNetVersion: Set ProjectVersion to 1.0.0.0. Version Checksum will be recalculated on next use.
[2019.12.10-19.29.02:683][  0]LogDerivedDataCache: Error: Could not save memory cache C:/Users/JE/AppData/Local/UnrealEngine/4.22/DerivedDataCache/Boot.ddc.
[2019.12.10-19.29.02:688][  0]LogInit: Texture streaming: Enabled
[2019.12.10-19.29.02:760][  0]LogEngineSessionManager: EngineSessionManager initialized
[2019.12.10-19.29.02:760][  0]LogEngineSessionManager: EngineSessionManager sent abnormal shutdown report. Type=Crashed, SessionId={1C196666-48FA-69CD-E3F5-DC8C265D098D}
[2019.12.10-19.29.02:863][  0]LogInit: Transaction tracking system initialized
[2019.12.10-19.29.02:958][  0]BlueprintLog: New page: 에디터 로드
[2019.12.10-19.29.03:378][  0]LocalizationService: 현지화 서비스가 비활성화되었습니다.
[2019.12.10-19.29.04:130][  0]LogFileCache: Scanning file cache for directory 'D:/UnrealEngine/CKUnrealProject/CKUE4/Content/' took 0.01s
[2019.12.10-19.29.04:130][  0]LogCook: Display: Max memory allowance for cook 16384mb min free memory 0mb
[2019.12.10-19.29.04:131][  0]LogCook: Display: Mobile HDR setting 1
[2019.12.10-19.29.06:226][  0]SourceControl: 소스 컨트롤이 꺼져 있습니다.
[2019.12.10-19.29.06:487][  0]LogSlate: Took 0.096449 seconds to synchronously load lazily loaded font '../../../Engine/Content/Editor/Slate/Fonts/NanumGothic.ttf' (4243K)
[2019.12.10-19.29.06:487][  0]LogSlate: Took 0.000307 seconds to synchronously load lazily loaded font '../../../Engine/Content/Slate/Fonts/Roboto-Regular.ttf' (155K)
[2019.12.10-19.29.10:066][  0]LogTemp: IOS device listing is disabled (to many failed attempts)!
[2019.12.10-19.29.28:962][  0]LogSlate: Window '패키지 복원' being destroyed
[2019.12.10-19.29.28:971][  0]LogWindowsTextInputMethodSystem: Display: IME system now activated using TSF (Microsoft 입력기).
[2019.12.10-19.29.28:980][  0]LogWindowsTextInputMethodSystem: Display: IME system now activated using TSF (Microsoft 입력기).
[2019.12.10-19.29.30:459][  0]LogSlate: Window '소스 컨트롤에서 체크아웃할 수 없습니다!' being destroyed
[2019.12.10-19.29.30:463][  0]LogWindowsTextInputMethodSystem: Display: IME system now activated using TSF (Microsoft 입력기).
[2019.12.10-19.29.30:471][  0]LogWindowsTextInputMethodSystem: Display: IME system now activated using TSF (Microsoft 입력기).
[2019.12.10-19.29.30:503][  0]LogUObjectHash: Compacting FUObjectHashTables data took   1.55ms
[2019.12.10-19.29.30:525][  0]LogUObjectHash: Compacting FUObjectHashTables data took   0.67ms
[2019.12.10-19.29.30:553][  0]LoadErrors: New page: 패키지 로드중: /Game/AI/BT_ABCharacter
[2019.12.10-19.29.31:771][  0]LogSlate: Window '패키지 복원에 실패했습니다!' being destroyed
[2019.12.10-19.29.31:774][  0]LogWindowsTextInputMethodSystem: Display: IME system now activated using TSF (Microsoft 입력기).
[2019.12.10-19.29.31:783][  0]LogWindowsTextInputMethodSystem: Display: IME system now activated using TSF (Microsoft 입력기).
[2019.12.10-19.29.31:796][  0]Cmd: MAP LOAD FILE="../../../../../UnrealEngine/CKUnrealProject/CKUE4/Content/MainMap.umap" TEMPLATE=0 SHOWPROGRESS=1 FEATURELEVEL=3
[2019.12.10-19.29.31:797][  0]LightingResults: New page: 라이팅 빌드
[2019.12.10-19.29.31:805][  0]MapCheck: New page: 맵 체크
[2019.12.10-19.29.31:805][  0]LightingResults: New page: 라이팅 빌드
[2019.12.10-19.29.31:830][  0]LogUObjectHash: Compacting FUObjectHashTables data took   1.77ms
[2019.12.10-19.29.32:117][  0]LogAIModule: Creating AISystem for world MainMap
[2019.12.10-19.29.32:128][  0]LogEditorServer: Finished looking for orphan Actors (0.000 secs)
[2019.12.10-19.29.32:156][  0]LogUObjectHash: Compacting FUObjectHashTables data took   2.61ms
[2019.12.10-19.29.32:156][  0]Cmd: MAP CHECKDEP NOCLEARLOG
[2019.12.10-19.29.32:157][  0]MapCheck: 맵 체크 완료: 오류 0 회, 경고 0 회, 소요 시간 0.355ms.
[2019.12.10-19.29.32:157][  0]LogFileHelpers: Loading map 'MainMap' took 0.361
[2019.12.10-19.29.32:378][  0]LogSlate: Updating window title bar state: overlay mode, drag disabled, window buttons hidden, title bar hidden
[2019.12.10-19.29.32:386][  0]LogSlate: Updating window title bar state: overlay mode, drag disabled, window buttons hidden, title bar hidden
[2019.12.10-19.29.32:393][  0]LogSlate: Updating window title bar state: overlay mode, drag disabled, window buttons hidden, title bar hidden
[2019.12.10-19.29.32:400][  0]LogSlate: Updating window title bar state: overlay mode, drag disabled, window buttons hidden, title bar hidden
[2019.12.10-19.29.32:516][  0]LogCollectionManager: Loaded 0 collections in 0.001865 seconds
[2019.12.10-19.29.32:549][  0]LogFileCache: Scanning file cache for directory 'D:/UnrealEngine/CKUnrealProject/CKUE4/Saved/Collections/' took 0.01s
[2019.12.10-19.29.32:549][  0]LogFileCache: Scanning file cache for directory 'D:/UnrealEngine/CKUnrealProject/CKUE4/Content/Developers/JE/Collections/' took 0.00s
[2019.12.10-19.29.32:550][  0]LogFileCache: Scanning file cache for directory 'D:/UnrealEngine/CKUnrealProject/CKUE4/Content/Collections/' took 0.00s
[2019.12.10-19.29.32:550][  0]LogCollectionManager: Rebuilt the GUID cache for 0 collections in 0.000001 seconds
[2019.12.10-19.29.32:559][  0]LogContentBrowser: Native class hierarchy populated in 0.0091 seconds. Added 2744 classes and 661 folders.
[2019.12.10-19.29.32:582][  0]LogContentBrowser: Native class hierarchy updated for 'WidgetCarousel' in 0.0005 seconds. Added 0 classes and 0 folders.
[2019.12.10-19.29.32:637][  0]LogPakFile: Registered encryption key '00000000000000000000000000000000': 0 pak files mounted, 0 remain pending
[2019.12.10-19.29.32:652][  0]LogPakFile: Registered encryption key '00000000000000000000000000000000': 0 pak files mounted, 0 remain pending
[2019.12.10-19.29.32:665][  0]LogPakFile: Registered encryption key '00000000000000000000000000000000': 0 pak files mounted, 0 remain pending
[2019.12.10-19.29.32:676][  0]LogPakFile: Registered encryption key '00000000000000000000000000000000': 0 pak files mounted, 0 remain pending
[2019.12.10-19.29.32:681][  0]LogPakFile: Registered encryption key '00000000000000000000000000000000': 0 pak files mounted, 0 remain pending
[2019.12.10-19.29.32:686][  0]LogPakFile: Registered encryption key '00000000000000000000000000000000': 0 pak files mounted, 0 remain pending
[2019.12.10-19.29.32:692][  0]LogPakFile: Registered encryption key '00000000000000000000000000000000': 0 pak files mounted, 0 remain pending
[2019.12.10-19.29.32:696][  0]LogPakFile: Registered encryption key '00000000000000000000000000000000': 0 pak files mounted, 0 remain pending
[2019.12.10-19.29.32:744][  0]LogPakFile: Registered encryption key '00000000000000000000000000000000': 0 pak files mounted, 0 remain pending
[2019.12.10-19.29.32:755][  0]LogPakFile: Registered encryption key '00000000000000000000000000000000': 0 pak files mounted, 0 remain pending
[2019.12.10-19.29.32:768][  0]LogPakFile: Registered encryption key '00000000000000000000000000000000': 0 pak files mounted, 0 remain pending
[2019.12.10-19.29.32:783][  0]LogPakFile: Registered encryption key '00000000000000000000000000000000': 0 pak files mounted, 0 remain pending
[2019.12.10-19.29.32:794][  0]LogPakFile: Registered encryption key '00000000000000000000000000000000': 0 pak files mounted, 0 remain pending
[2019.12.10-19.29.32:805][  0]LogPakFile: Registered encryption key '00000000000000000000000000000000': 0 pak files mounted, 0 remain pending
[2019.12.10-19.29.32:817][  0]LogPakFile: Registered encryption key '00000000000000000000000000000000': 0 pak files mounted, 0 remain pending
[2019.12.10-19.29.32:829][  0]LogPakFile: Registered encryption key '00000000000000000000000000000000': 0 pak files mounted, 0 remain pending
[2019.12.10-19.29.32:841][  0]LogPakFile: Registered encryption key '00000000000000000000000000000000': 0 pak files mounted, 0 remain pending
[2019.12.10-19.29.32:853][  0]LogPakFile: Registered encryption key '00000000000000000000000000000000': 0 pak files mounted, 0 remain pending
[2019.12.10-19.29.32:862][  0]LogPakFile: Registered encryption key '00000000000000000000000000000000': 0 pak files mounted, 0 remain pending
[2019.12.10-19.29.32:875][  0]LogPakFile: Registered encryption key '00000000000000000000000000000000': 0 pak files mounted, 0 remain pending
[2019.12.10-19.29.32:886][  0]LogPakFile: Registered encryption key '00000000000000000000000000000000': 0 pak files mounted, 0 remain pending
[2019.12.10-19.29.32:898][  0]LogPakFile: Registered encryption key '00000000000000000000000000000000': 0 pak files mounted, 0 remain pending
[2019.12.10-19.29.32:911][  0]LogPakFile: Registered encryption key '00000000000000000000000000000000': 0 pak files mounted, 0 remain pending
[2019.12.10-19.29.32:921][  0]LogPakFile: Registered encryption key '00000000000000000000000000000000': 0 pak files mounted, 0 remain pending
[2019.12.10-19.29.32:927][  0]LogPakFile: Registered encryption key '00000000000000000000000000000000': 0 pak files mounted, 0 remain pending
[2019.12.10-19.29.32:933][  0]LogPakFile: Registered encryption key '00000000000000000000000000000000': 0 pak files mounted, 0 remain pending
[2019.12.10-19.29.35:356][  0]LogContentBrowser: Native class hierarchy updated for 'AddContentDialog' in 0.0007 seconds. Added 0 classes and 0 folders.
[2019.12.10-19.29.35:414][  0]LogContentBrowser: Native class hierarchy updated for 'SceneOutliner' in 0.0008 seconds. Added 1 classes and 2 folders.
[2019.12.10-19.29.35:538][  0]LogSlate: Took 0.104623 seconds to synchronously load lazily loaded font '../../../Engine/Content/Editor/Slate/Fonts/NanumGothicBold.ttf' (4188K)
[2019.12.10-19.29.35:538][  0]LogSlate: Took 0.000171 seconds to synchronously load lazily loaded font '../../../Engine/Content/Slate/Fonts/Roboto-Bold.ttf' (160K)
[2019.12.10-19.29.35:559][  0]LogSlate: Took 0.016371 seconds to synchronously load lazily loaded font '../../../Engine/Content/Editor/Slate/Fonts/FontAwesome.ttf' (139K)
[2019.12.10-19.29.35:573][  0]LogSlate: Took 0.013724 seconds to synchronously load lazily loaded font '../../../Engine/Content/Slate/Fonts/DroidSansMono.ttf' (77K)
[2019.12.10-19.29.35:726][  0]LogSlate: Took 0.116266 seconds to synchronously load lazily loaded font '../../../Engine/Content/Editor/Slate/Fonts/NanumGothicExtraBold.ttf' (4074K)
[2019.12.10-19.29.36:208][  0]LogRenderer: Reallocating scene render targets to support 1208x572 Format 10 NumSamples 1 (Frame:1).
[2019.12.10-19.29.36:256][  0]LogSlate: Warning: Legacy localized fallback font '../../../Engine/Content/Slate/Fonts/../../Editor/Slate/Fonts/NanumGothic.ttf' was requested. Font: '/Engine/EngineFonts/Faces/RobotoRegular.RobotoRegular', Character: '라 (U+b77c)'
Legacy localized fallback fonts were deprecated in 4.22 and will be removed in a future version!
Please update your composite fonts to use localized sub-font families: https://docs.unrealengine.com/en-US/Engine/UMG/UserGuide/Fonts/Overview
[2019.12.10-19.29.36:262][  0]LogSlate: Took 0.002499 seconds to synchronously load lazily loaded font '../../../Engine/Content/Slate/Fonts/../../Editor/Slate/Fonts/NanumGothic.ttf' (4243K)
[2019.12.10-19.29.36:394][  0]LogContentBrowser: Native class hierarchy updated for 'HierarchicalLODOutliner' in 0.0006 seconds. Added 0 classes and 0 folders.
[2019.12.10-19.29.36:394][  0]LogLoad: (Engine Initialization) Total time: 47.68 seconds
[2019.12.10-19.29.36:394][  0]LogLoad: (Engine Initialization) Total Blueprint compile time: 0.00 seconds
[2019.12.10-19.29.36:447][  0]LogAssetRegistry: Asset discovery search completed in 41.6004 seconds
[2019.12.10-19.29.36:449][  0]LogCollectionManager: Rebuilt the object cache for 0 collections in 0.000000 seconds (found 0 objects)
[2019.12.10-19.29.36:449][  0]LogCollectionManager: Fixed up redirectors for 0 collections in 0.000175 seconds (updated 0 objects)
[2019.12.10-19.29.36:459][  0]LogContentStreaming: Texture pool size now 1000 MB
[2019.12.10-19.29.37:756][  4]LogSlate: Took 0.000192 seconds to synchronously load lazily loaded font '../../../Engine/Content/Slate/Fonts/Roboto-Light.ttf' (167K)
[2019.12.10-19.29.57:163][259]LogSlate: FSceneViewport::OnFocusLost() reason 0
[2019.12.10-19.29.57:271][272]LogTemp: Repeating last play command: 선택된 뷰포트
[2019.12.10-19.29.57:277][272]LogBlueprintUserMessages: Early PlayInEditor Detection: Level '/Game/MainMap.MainMap:PersistentLevel' has LevelScriptBlueprint '/Game/MainMap.MainMap:PersistentLevel.MainMap' with GeneratedClass '/Game/MainMap.MainMap_C' with ClassGeneratedBy '/Game/MainMap.MainMap:PersistentLevel.MainMap'
[2019.12.10-19.29.57:278][272]LogPlayLevel: PlayLevel: No blueprints needed recompiling
[2019.12.10-19.29.57:278][272]PIE: New page: PIE 세션: MainMap (2019. 12. 11. 오후 1:29:57)
[2019.12.10-19.29.57:291][272]LogPlayLevel: Creating play world package: /Game/UEDPIE_0_MainMap
[2019.12.10-19.29.57:297][272]LogPlayLevel: PIE: StaticDuplicateObject took: (0.005354s)
[2019.12.10-19.29.57:297][272]LogAIModule: Creating AISystem for world MainMap
[2019.12.10-19.29.57:298][272]LogPlayLevel: PIE: World Init took: (0.000691s)
[2019.12.10-19.29.57:298][272]LogPlayLevel: PIE: Created PIE world by copying editor world from /Game/MainMap.MainMap to /Game/UEDPIE_0_MainMap.MainMap (0.006820s)
[2019.12.10-19.29.57:318][272]LogUObjectHash: Compacting FUObjectHashTables data took   0.99ms
[2019.12.10-19.29.57:386][272]LogInit: XAudio2 using 'LCD801(NVIDIA High Definition Audio)' : 2 channels at 48 kHz using 16 bits per sample (channel mask 0x3)
[2019.12.10-19.29.57:422][272]LogInit: FAudioDevice initialized.
[2019.12.10-19.29.57:461][272]LogLoad: Game class is 'TankGameMode'
[2019.12.10-19.29.57:463][272]LogWorld: Bringing World /Game/UEDPIE_0_MainMap.MainMap up for play (max tick rate 0) at 2019.12.11-04.29.57
[2019.12.10-19.29.57:465][272]LogWorld: Bringing up level for play took: 0.003012
[2019.12.10-19.29.57:492][272]LogContentBrowser: Native class hierarchy updated for 'MovieSceneCapture' in 0.0006 seconds. Added 20 classes and 0 folders.
[2019.12.10-19.29.57:493][272]PIE: /Game/UEDPIE_0_MainMap 에 대한 에디터에서 플레이 시작 시간: 0.375
[2019.12.10-19.29.57:494][272]LogBlueprintUserMessages: Late PlayInEditor Detection: Level '/Game/MainMap.MainMap:PersistentLevel' has LevelScriptBlueprint '/Game/MainMap.MainMap:PersistentLevel.MainMap' with GeneratedClass '/Game/MainMap.MainMap_C' with ClassGeneratedBy '/Game/MainMap.MainMap:PersistentLevel.MainMap'
[2019.12.10-19.30.03:989][ 13]LogSlate: FSceneViewport::OnFocusLost() reason 0
[2019.12.10-19.30.04:003][ 13]LogSlate: Took 0.000191 seconds to synchronously load lazily loaded font '../../../Engine/Content/Slate/Fonts/Roboto-Light.ttf' (167K)
[2019.12.10-19.30.06:794][334]LogAssetEditorManager: Opening Asset editor for BehaviorTree /Game/AI/BT_ABCharacter.BT_ABCharacter
[2019.12.10-19.30.06:974][334]LogSlate: Took 0.008332 seconds to synchronously load lazily loaded font '../../../Engine/Content/Slate/Fonts/Roboto-BoldCondensed.ttf' (158K)
[2019.12.10-19.30.20:936][787]LogSlate: Window 'BT_ABCharacter' being destroyed
[2019.12.10-19.30.23:496][ 84]LogSlate: Window 'BT_ABCharacter' being destroyed
[2019.12.10-19.30.25:951][368]LogSlate: Window 'BT_ABCharacter' being destroyed
[2019.12.10-19.30.28:119][614]LogSlate: Window 'BT_ABCharacter' being destroyed
[2019.12.10-19.30.28:802][687]LogRenderer: Reallocating scene render targets to support 1516x572 Format 10 NumSamples 1 (Frame:1953).
[2019.12.10-19.30.30:190][837]LogSlate: Window 'BT_ABCharacter' being destroyed
[2019.12.10-19.30.32:857][142]LogSlate: Window 'BT_ABCharacter' being destroyed
[2019.12.10-19.30.33:822][227]LogBlueprintUserMessages: Early EndPlayMap Detection: Level '/Game/MainMap.MainMap:PersistentLevel' has LevelScriptBlueprint '/Game/MainMap.MainMap:PersistentLevel.MainMap' with GeneratedClass '/Game/MainMap.MainMap_C' with ClassGeneratedBy '/Game/MainMap.MainMap:PersistentLevel.MainMap'
[2019.12.10-19.30.33:826][227]LogSlate: Updating window title bar state: overlay mode, drag disabled, window buttons hidden, title bar hidden
[2019.12.10-19.30.33:857][227]LogPlayLevel: Display: Shutting down PIE online subsystems
[2019.12.10-19.30.33:858][227]LogBlueprintUserMessages: Late EndPlayMap Detection: Level '/Game/MainMap.MainMap:PersistentLevel' has LevelScriptBlueprint '/Game/MainMap.MainMap:PersistentLevel.MainMap' with GeneratedClass '/Game/MainMap.MainMap_C' with ClassGeneratedBy '/Game/MainMap.MainMap:PersistentLevel.MainMap'
[2019.12.10-19.30.33:882][227]LogSlate: Updating window title bar state: overlay mode, drag disabled, window buttons hidden, title bar hidden
[2019.12.10-19.30.33:886][227]LogUObjectHash: Compacting FUObjectHashTables data took   1.74ms
[2019.12.10-19.30.33:927][231]LogPlayLevel: Display: Destroying online subsystem :Context_1
[2019.12.10-19.30.36:493][500]LogRenderer: Reallocating scene render targets to support 1916x572 Format 10 NumSamples 1 (Frame:461).
[2019.12.10-19.30.41:549][967]LogRenderer: Reallocating scene render targets to support 1916x576 Format 10 NumSamples 1 (Frame:916).
[2019.12.10-19.30.41:603][969]LogRenderer: Reallocating scene render targets to support 1916x580 Format 10 NumSamples 1 (Frame:918).
[2019.12.10-19.30.41:651][970]LogRenderer: Reallocating scene render targets to support 1916x628 Format 10 NumSamples 1 (Frame:920).
[2019.12.10-19.30.41:696][971]LogRenderer: Reallocating scene render targets to support 1916x740 Format 10 NumSamples 1 (Frame:922).
[2019.12.10-19.30.41:778][972]LogRenderer: Reallocating scene render targets to support 1916x808 Format 10 NumSamples 1 (Frame:924).
[2019.12.10-19.30.41:822][973]LogRenderer: Reallocating scene render targets to support 1916x868 Format 10 NumSamples 1 (Frame:926).
[2019.12.10-19.30.41:871][974]LogRenderer: Reallocating scene render targets to support 1916x880 Format 10 NumSamples 1 (Frame:928).
[2019.12.10-19.30.41:915][975]LogRenderer: Reallocating scene render targets to support 1916x896 Format 10 NumSamples 1 (Frame:930).
[2019.12.10-19.30.51:149][397]LogRenderer: Reallocating scene render targets to support 1916x908 Format 10 NumSamples 1 (Frame:1304).
[2019.12.10-19.30.51:217][397]LogRenderer: Reallocating scene render targets to support 1916x912 Format 10 NumSamples 1 (Frame:1305).
[2019.12.10-19.31.33:015][974]LogTemp: Repeating last play command: 선택된 뷰포트
[2019.12.10-19.31.33:021][974]LogBlueprintUserMessages: Early PlayInEditor Detection: Level '/Game/MainMap.MainMap:PersistentLevel' has LevelScriptBlueprint '/Game/MainMap.MainMap:PersistentLevel.MainMap' with GeneratedClass '/Game/MainMap.MainMap_C' with ClassGeneratedBy '/Game/MainMap.MainMap:PersistentLevel.MainMap'
[2019.12.10-19.31.33:024][974]LogPlayLevel: PlayLevel: No blueprints needed recompiling
[2019.12.10-19.31.33:024][974]PIE: New page: PIE 세션: MainMap (2019. 12. 11. 오후 1:31:33)
[2019.12.10-19.31.33:025][974]LogPlayLevel: Creating play world package: /Game/UEDPIE_0_MainMap
[2019.12.10-19.31.33:030][974]LogPlayLevel: PIE: StaticDuplicateObject took: (0.004964s)
[2019.12.10-19.31.33:031][974]LogAIModule: Creating AISystem for world MainMap
[2019.12.10-19.31.33:031][974]LogPlayLevel: PIE: World Init took: (0.000773s)
[2019.12.10-19.31.33:031][974]LogPlayLevel: PIE: Created PIE world by copying editor world from /Game/MainMap.MainMap to /Game/UEDPIE_0_MainMap.MainMap (0.006353s)
[2019.12.10-19.31.33:054][974]LogUObjectHash: Compacting FUObjectHashTables data took   1.26ms
[2019.12.10-19.31.33:121][974]LogInit: XAudio2 using 'LCD801(NVIDIA High Definition Audio)' : 2 channels at 48 kHz using 16 bits per sample (channel mask 0x3)
[2019.12.10-19.31.33:155][974]LogInit: FAudioDevice initialized.
[2019.12.10-19.31.33:184][974]LogLoad: Game class is 'TankGameMode'
[2019.12.10-19.31.33:185][974]LogWorld: Bringing World /Game/UEDPIE_0_MainMap.MainMap up for play (max tick rate 0) at 2019.12.11-04.31.33
[2019.12.10-19.31.33:187][974]LogWorld: Bringing up level for play took: 0.002139
[2019.12.10-19.31.33:200][974]PIE: /Game/UEDPIE_0_MainMap 에 대한 에디터에서 플레이 시작 시간: 0.082
[2019.12.10-19.31.33:201][974]LogBlueprintUserMessages: Late PlayInEditor Detection: Level '/Game/MainMap.MainMap:PersistentLevel' has LevelScriptBlueprint '/Game/MainMap.MainMap:PersistentLevel.MainMap' with GeneratedClass '/Game/MainMap.MainMap_C' with ClassGeneratedBy '/Game/MainMap.MainMap:PersistentLevel.MainMap'
[2019.12.10-19.32.03:078][539]LogTemp: Fire
[2019.12.10-19.32.03:821][628]LogTemp: Fire
[2019.12.10-19.32.34:081][254]LogBlueprintUserMessages: Early EndPlayMap Detection: Level '/Game/MainMap.MainMap:PersistentLevel' has LevelScriptBlueprint '/Game/MainMap.MainMap:PersistentLevel.MainMap' with GeneratedClass '/Game/MainMap.MainMap_C' with ClassGeneratedBy '/Game/MainMap.MainMap:PersistentLevel.MainMap'
[2019.12.10-19.32.34:086][254]LogSlate: Updating window title bar state: overlay mode, drag disabled, window buttons hidden, title bar hidden
[2019.12.10-19.32.34:115][254]LogPlayLevel: Display: Shutting down PIE online subsystems
[2019.12.10-19.32.34:116][254]LogBlueprintUserMessages: Late EndPlayMap Detection: Level '/Game/MainMap.MainMap:PersistentLevel' has LevelScriptBlueprint '/Game/MainMap.MainMap:PersistentLevel.MainMap' with GeneratedClass '/Game/MainMap.MainMap_C' with ClassGeneratedBy '/Game/MainMap.MainMap:PersistentLevel.MainMap'
[2019.12.10-19.32.34:141][254]LogSlate: Updating window title bar state: overlay mode, drag disabled, window buttons hidden, title bar hidden
[2019.12.10-19.32.34:144][254]LogUObjectHash: Compacting FUObjectHashTables data took   1.15ms
[2019.12.10-19.32.34:204][256]LogPlayLevel: Display: Destroying online subsystem :Context_4
[2019.12.10-19.32.37:605][610]LogSlate: FSceneViewport::OnFocusLost() reason 2
[2019.12.10-19.32.54:147][289]LogTemp: Repeating last play command: 선택된 뷰포트
[2019.12.10-19.32.54:158][289]LogBlueprintUserMessages: Early PlayInEditor Detection: Level '/Game/MainMap.MainMap:PersistentLevel' has LevelScriptBlueprint '/Game/MainMap.MainMap:PersistentLevel.MainMap' with GeneratedClass '/Game/MainMap.MainMap_C' with ClassGeneratedBy '/Game/MainMap.MainMap:PersistentLevel.MainMap'
[2019.12.10-19.32.54:160][289]LogPlayLevel: PlayLevel: No blueprints needed recompiling
[2019.12.10-19.32.54:161][289]PIE: New page: PIE 세션: MainMap (2019. 12. 11. 오후 1:32:54)
[2019.12.10-19.32.54:161][289]LogPlayLevel: Creating play world package: /Game/UEDPIE_0_MainMap
[2019.12.10-19.32.54:167][289]LogPlayLevel: PIE: StaticDuplicateObject took: (0.005693s)
[2019.12.10-19.32.54:168][289]LogAIModule: Creating AISystem for world MainMap
[2019.12.10-19.32.54:168][289]LogPlayLevel: PIE: World Init took: (0.000870s)
[2019.12.10-19.32.54:168][289]LogPlayLevel: PIE: Created PIE world by copying editor world from /Game/MainMap.MainMap to /Game/UEDPIE_0_MainMap.MainMap (0.007011s)
[2019.12.10-19.32.54:190][289]LogUObjectHash: Compacting FUObjectHashTables data took   1.01ms
[2019.12.10-19.32.54:255][289]LogInit: XAudio2 using 'LCD801(NVIDIA High Definition Audio)' : 2 channels at 48 kHz using 16 bits per sample (channel mask 0x3)
[2019.12.10-19.32.54:293][289]LogInit: FAudioDevice initialized.
[2019.12.10-19.32.54:322][289]LogLoad: Game class is 'TankGameMode'
[2019.12.10-19.32.54:323][289]LogWorld: Bringing World /Game/UEDPIE_0_MainMap.MainMap up for play (max tick rate 0) at 2019.12.11-04.32.54
[2019.12.10-19.32.54:324][289]LogWorld: Bringing up level for play took: 0.002059
[2019.12.10-19.32.54:337][289]PIE: /Game/UEDPIE_0_MainMap 에 대한 에디터에서 플레이 시작 시간: -0.781
[2019.12.10-19.32.54:337][289]LogBlueprintUserMessages: Late PlayInEditor Detection: Level '/Game/MainMap.MainMap:PersistentLevel' has LevelScriptBlueprint '/Game/MainMap.MainMap:PersistentLevel.MainMap' with GeneratedClass '/Game/MainMap.MainMap_C' with ClassGeneratedBy '/Game/MainMap.MainMap:PersistentLevel.MainMap'
[2019.12.10-19.33.22:133][605]LogBlueprintUserMessages: Early EndPlayMap Detection: Level '/Game/MainMap.MainMap:PersistentLevel' has LevelScriptBlueprint '/Game/MainMap.MainMap:PersistentLevel.MainMap' with GeneratedClass '/Game/MainMap.MainMap_C' with ClassGeneratedBy '/Game/MainMap.MainMap:PersistentLevel.MainMap'
[2019.12.10-19.33.22:138][605]LogSlate: Updating window title bar state: overlay mode, drag disabled, window buttons hidden, title bar hidden
[2019.12.10-19.33.22:170][605]LogPlayLevel: Display: Shutting down PIE online subsystems
[2019.12.10-19.33.22:170][605]LogBlueprintUserMessages: Late EndPlayMap Detection: Level '/Game/MainMap.MainMap:PersistentLevel' has LevelScriptBlueprint '/Game/MainMap.MainMap:PersistentLevel.MainMap' with GeneratedClass '/Game/MainMap.MainMap_C' with ClassGeneratedBy '/Game/MainMap.MainMap:PersistentLevel.MainMap'
[2019.12.10-19.33.22:197][605]LogSlate: Updating window title bar state: overlay mode, drag disabled, window buttons hidden, title bar hidden
[2019.12.10-19.33.22:200][605]LogUObjectHash: Compacting FUObjectHashTables data took   1.20ms
[2019.12.10-19.33.22:246][609]LogPlayLevel: Display: Destroying online subsystem :Context_5
[2019.12.10-19.33.23:745][769]LogSlate: FSceneViewport::OnFocusLost() reason 0
[2019.12.10-19.33.49:579][334]Cmd: OBJ SAVEPACKAGE PACKAGE="/Game/AI/BT_ABCharacter" FILE="../../../../../UnrealEngine/CKUnrealProject/CKUE4/Content/AI/BT_ABCharacter.uasset" SILENT=true
[2019.12.10-19.33.49:601][334]LogSavePackage: Moving '../../../../../UnrealEngine/CKUnrealProject/CKUE4/Saved/BT_ABCharacter7C24DDD54AABDA9BAA08FA8B4097A5FD.tmp' to '../../../../../UnrealEngine/CKUnrealProject/CKUE4/Content/AI/BT_ABCharacter.uasset'
[2019.12.10-19.33.50:487][429]LogSlate: FSceneViewport::OnFocusLost() reason 0
[2019.12.10-19.33.50:598][441]LogTemp: Repeating last play command: 선택된 뷰포트
[2019.12.10-19.33.50:605][441]LogBlueprintUserMessages: Early PlayInEditor Detection: Level '/Game/MainMap.MainMap:PersistentLevel' has LevelScriptBlueprint '/Game/MainMap.MainMap:PersistentLevel.MainMap' with GeneratedClass '/Game/MainMap.MainMap_C' with ClassGeneratedBy '/Game/MainMap.MainMap:PersistentLevel.MainMap'
[2019.12.10-19.33.50:607][441]LogPlayLevel: PlayLevel: No blueprints needed recompiling
[2019.12.10-19.33.50:607][441]PIE: New page: PIE 세션: MainMap (2019. 12. 11. 오후 1:33:50)
[2019.12.10-19.33.50:608][441]LogPlayLevel: Creating play world package: /Game/UEDPIE_0_MainMap
[2019.12.10-19.33.50:612][441]LogPlayLevel: PIE: StaticDuplicateObject took: (0.004196s)
[2019.12.10-19.33.50:612][441]LogAIModule: Creating AISystem for world MainMap
[2019.12.10-19.33.50:613][441]LogPlayLevel: PIE: World Init took: (0.000613s)
[2019.12.10-19.33.50:613][441]LogPlayLevel: PIE: Created PIE world by copying editor world from /Game/MainMap.MainMap to /Game/UEDPIE_0_MainMap.MainMap (0.005177s)
[2019.12.10-19.33.50:633][441]LogUObjectHash: Compacting FUObjectHashTables data took   1.09ms
[2019.12.10-19.33.50:694][441]LogInit: XAudio2 using 'LCD801(NVIDIA High Definition Audio)' : 2 channels at 48 kHz using 16 bits per sample (channel mask 0x3)
[2019.12.10-19.33.50:729][441]LogInit: FAudioDevice initialized.
[2019.12.10-19.33.50:776][441]LogLoad: Game class is 'TankGameMode'
[2019.12.10-19.33.50:778][441]LogWorld: Bringing World /Game/UEDPIE_0_MainMap.MainMap up for play (max tick rate 0) at 2019.12.11-04.33.50
[2019.12.10-19.33.50:780][441]LogWorld: Bringing up level for play took: 0.002338
[2019.12.10-19.33.50:795][441]PIE: /Game/UEDPIE_0_MainMap 에 대한 에디터에서 플레이 시작 시간: -0.323
[2019.12.10-19.33.50:796][441]LogBlueprintUserMessages: Late PlayInEditor Detection: Level '/Game/MainMap.MainMap:PersistentLevel' has LevelScriptBlueprint '/Game/MainMap.MainMap:PersistentLevel.MainMap' with GeneratedClass '/Game/MainMap.MainMap_C' with ClassGeneratedBy '/Game/MainMap.MainMap:PersistentLevel.MainMap'
[2019.12.10-19.34.05:504][181]LogTemp: EnemyAttackReady
[2019.12.10-19.34.05:504][181]LogTemp: Fire
[2019.12.10-19.34.05:504][181]LogTemp: EnemyAttack
[2019.12.10-19.34.05:855][223]LogTemp: dif
[2019.12.10-19.34.14:412][249]LogTemp: EnemyAttackReady
[2019.12.10-19.34.14:412][249]LogTemp: Fire
[2019.12.10-19.34.14:412][249]LogTemp: EnemyAttack
[2019.12.10-19.34.14:695][283]LogTemp: dif
[2019.12.10-19.34.17:478][617]LogTemp: EnemyAttackReady
[2019.12.10-19.34.17:480][617]LogTemp: Fire
[2019.12.10-19.34.17:480][617]LogTemp: EnemyAttack
[2019.12.10-19.34.26:694][722]LogTemp: EnemyAttackReady
[2019.12.10-19.34.26:694][722]LogTemp: Fire
[2019.12.10-19.34.26:694][722]LogTemp: EnemyAttack
[2019.12.10-19.34.38:657][153]LogTemp: EnemyAttackReady
[2019.12.10-19.34.38:658][153]LogTemp: Fire
[2019.12.10-19.34.38:658][153]LogTemp: EnemyAttack
[2019.12.10-19.34.47:138][170]LogTemp: Fire
[2019.12.10-19.34.47:139][170]LogTemp: dif
[2019.12.10-19.34.50:855][170]LogWindows: Error: === Critical error: ===
[2019.12.10-19.34.50:855][170]LogWindows: Error: 
[2019.12.10-19.34.50:855][170]LogWindows: Error: Fatal error!
[2019.12.10-19.34.50:855][170]LogWindows: Error: 
[2019.12.10-19.34.50:855][170]LogWindows: Error: Unhandled Exception: EXCEPTION_ACCESS_VIOLATION writing address 0x00000418
[2019.12.10-19.34.50:855][170]LogWindows: Error: 
[2019.12.10-19.34.50:855][170]LogWindows: Error: [Callstack] 0x00007ff9edb7a3c0 UE4Editor-CKUE4.dll!ATankCharacter::Fire() [d:\unrealengine\ckunrealproject\ckue4\source\ckue4\tankcharacter.cpp:136]
[2019.12.10-19.34.50:855][170]LogWindows: Error: [Callstack] 0x00007ffa02666ac7 UE4Editor-Engine.dll!UnknownFunction []
[2019.12.10-19.34.50:855][170]LogWindows: Error: [Callstack] 0x00007ffa02690ef1 UE4Editor-Engine.dll!UnknownFunction []
[2019.12.10-19.34.50:855][170]LogWindows: Error: [Callstack] 0x00007ffa02200dc4 UE4Editor-Engine.dll!UnknownFunction []
[2019.12.10-19.34.50:855][170]LogWindows: Error: [Callstack] 0x00007ffa02213c88 UE4Editor-Engine.dll!UnknownFunction []
[2019.12.10-19.34.50:855][170]LogWindows: Error: [Callstack] 0x00007ffa021ff1cb UE4Editor-Engine.dll!UnknownFunction []
[2019.12.10-19.34.50:855][170]LogWindows: Error: [Callstack] 0x00007ffa02212697 UE4Editor-Engine.dll!UnknownFunction []
[2019.12.10-19.34.50:855][170]LogWindows: Error: [Callstack] 0x00007ffa015faeed UE4Editor-Engine.dll!UnknownFunction []
[2019.12.10-19.34.50:855][170]LogWindows: Error: [Callstack] 0x00007ffa025b72bc UE4Editor-Engine.dll!UnknownFunction []
[2019.12.10-19.34.50:855][170]LogWindows: Error: [Callstack] 0x00007ffa03e422d8 UE4Editor-Core.dll!UnknownFunction []
[2019.12.10-19.34.50:855][170]LogWindows: Error: [Callstack] 0x00007ffa03e42563 UE4Editor-Core.dll!UnknownFunction []
[2019.12.10-19.34.50:855][170]LogWindows: Error: [Callstack] 0x00007ffa03e52309 UE4Editor-Core.dll!UnknownFunction []
[2019.12.10-19.34.50:855][170]LogWindows: Error: [Callstack] 0x00007ffa025ff9e3 UE4Editor-Engine.dll!UnknownFunction []
[2019.12.10-19.34.50:855][170]LogWindows: Error: [Callstack] 0x00007ffa0260bd12 UE4Editor-Engine.dll!UnknownFunction []
[2019.12.10-19.34.50:855][170]LogWindows: Error: [Callstack] 0x00007ffa01e2dc4f UE4Editor-Engine.dll!UnknownFunction []
[2019.12.10-19.34.50:855][170]LogWindows: Error: [Callstack] 0x00007ffa01e37e28 UE4Editor-Engine.dll!UnknownFunction []
[2019.12.10-19.34.50:855][170]LogWindows: Error: [Callstack] 0x00007ff9ffc702f7 UE4Editor-UnrealEd.dll!UnknownFunction []
[2019.12.10-19.34.50:855][170]LogWindows: Error: [Callstack] 0x00007ffa0048d396 UE4Editor-UnrealEd.dll!UnknownFunction []
[2019.12.10-19.34.50:855][170]LogWindows: Error: [Callstack] 0x00007ff7ec266bb1 UE4Editor.exe!UnknownFunction []
[2019.12.10-19.34.50:855][170]LogWindows: Error: [Callstack] 0x00007ff7ec27554c UE4Editor.exe!UnknownFunction []
[2019.12.10-19.34.50:856][170]LogWindows: Error: [Callstack] 0x00007ff7ec2755ca UE4Editor.exe!UnknownFunction []
[2019.12.10-19.34.50:856][170]LogWindows: Error: [Callstack] 0x00007ff7ec28316c UE4Editor.exe!UnknownFunction []
[2019.12.10-19.34.50:856][170]LogWindows: Error: [Callstack] 0x00007ff7ec285b8e UE4Editor.exe!UnknownFunction []
[2019.12.10-19.34.50:856][170]LogWindows: Error: [Callstack] 0x00007ffa79267bd4 KERNEL32.DLL!UnknownFunction []
[2019.12.10-19.34.50:856][170]LogWindows: Error: [Callstack] 0x00007ffa79ecced1 ntdll.dll!UnknownFunction []
[2019.12.10-19.34.50:856][170]LogWindows: Error: 
[2019.12.10-19.34.51:058][170]LogExit: Executing StaticShutdownAfterError
[2019.12.10-19.34.51:061][170]LogWindows: FPlatformMisc::RequestExit(1)
[2019.12.10-19.34.51:165][170]Log file closed, 12/11/19 04:34:51
