Log file open, 12/09/19 14:09:04
LogWindows: Failed to load 'aqProf.dll' (GetLastError=126)
LogWindows: File 'aqProf.dll' does not exist
LogWindows: Failed to load 'VtuneApi.dll' (GetLastError=126)
LogWindows: File 'VtuneApi.dll' does not exist
LogWindows: Failed to load 'VtuneApi32e.dll' (GetLastError=126)
LogWindows: File 'VtuneApi32e.dll' does not exist
LogConsoleResponse: Display: Failed to find resolution value strings in scalability ini. Falling back to default.
LogInit: Display: Running engine for game: CKUE4
LogPakFile: Registered encryption key '00000000000000000000000000000000': 0 pak files mounted, 0 remain pending
LogPlatformFile: Not using cached read wrapper
LogTaskGraph: Started task graph with 5 named threads and 14 total threads with 3 sets of task threads.
LogStats: Stats thread started at 0.268207
LogD3D11RHI: Loaded GFSDK_Aftermath_Lib.x64.dll
LogICUInternationalization: ICU TimeZone Detection - Raw Offset: +9:00, Platform Override: ''
LogPluginManager: Mounting plugin Paper2D
LogPluginManager: Mounting plugin AISupport
LogPluginManager: Mounting plugin LightPropagationVolume
LogPluginManager: Mounting plugin ActorLayerUtilities
LogPluginManager: Mounting plugin AnimationSharing
LogPluginManager: Mounting plugin CLionSourceCodeAccess
LogPluginManager: Mounting plugin CodeLiteSourceCodeAccess
LogPluginManager: Mounting plugin GitSourceControl
LogPluginManager: Mounting plugin KDevelopSourceCodeAccess
LogPluginManager: Mounting plugin NullSourceCodeAccess
LogPluginManager: Mounting plugin PerforceSourceControl
LogPluginManager: Mounting plugin SubversionSourceControl
LogPluginManager: Mounting plugin UObjectPlugin
LogPluginManager: Mounting plugin VisualStudioCodeSourceCodeAccess
LogPluginManager: Mounting plugin VisualStudioSourceCodeAccess
LogPluginManager: Mounting plugin XCodeSourceCodeAccess
LogPluginManager: Mounting plugin AssetManagerEditor
LogPluginManager: Mounting plugin CryptoKeys
LogPluginManager: Mounting plugin DataValidation
LogPluginManager: Mounting plugin FacialAnimation
LogPluginManager: Mounting plugin GameplayTagsEditor
LogPluginManager: Mounting plugin MacGraphicsSwitching
LogPluginManager: Mounting plugin MaterialAnalyzer
LogPluginManager: Mounting plugin MobileLauncherProfileWizard
LogPluginManager: Mounting plugin PluginBrowser
LogPluginManager: Mounting plugin SpeedTreeImporter
LogPluginManager: Mounting plugin DatasmithContent
LogPluginManager: Mounting plugin VariantManagerContent
LogPluginManager: Mounting plugin AlembicImporter
LogPluginManager: Mounting plugin AppleImageUtils
LogPluginManager: Mounting plugin AppleVision
LogPluginManager: Mounting plugin BackChannel
LogPluginManager: Mounting plugin CharacterAI
LogPluginManager: Mounting plugin GeometryCache
LogPluginManager: Mounting plugin HTML5Networking
LogPluginManager: Mounting plugin ProxyLODPlugin
LogPluginManager: Mounting plugin SkeletalReduction
LogPluginManager: Mounting plugin MagicLeap
LogPluginManager: Mounting plugin MagicLeapMedia
LogPluginManager: Mounting plugin AndroidMedia
LogPluginManager: Mounting plugin AvfMedia
LogPluginManager: Mounting plugin ImgMedia
LogPluginManager: Mounting plugin LinearTimecode
LogPluginManager: Mounting plugin MediaCompositing
LogPluginManager: Mounting plugin MediaPlayerEditor
LogPluginManager: Mounting plugin WebMMedia
LogPluginManager: Mounting plugin WmfMedia
LogPluginManager: Mounting plugin TcpMessaging
LogPluginManager: Mounting plugin UdpMessaging
LogPluginManager: Mounting plugin ActorSequence
LogPluginManager: Mounting plugin LevelSequenceEditor
LogPluginManager: Mounting plugin MatineeToLevelSequence
LogPluginManager: Mounting plugin NetcodeUnitTest
LogPluginManager: Mounting plugin NUTUnrealEngine4
LogPluginManager: Mounting plugin OnlineSubsystemGooglePlay
LogPluginManager: Mounting plugin OnlineSubsystemIOS
LogPluginManager: Mounting plugin OnlineSubsystem
LogPluginManager: Mounting plugin OnlineSubsystemNull
LogPluginManager: Mounting plugin OnlineSubsystemUtils
LogPluginManager: Mounting plugin LauncherChunkInstaller
LogPluginManager: Mounting plugin AndroidDeviceProfileSelector
LogPluginManager: Mounting plugin AndroidMoviePlayer
LogPluginManager: Mounting plugin AndroidPermission
LogPluginManager: Mounting plugin AppleMoviePlayer
LogPluginManager: Mounting plugin ArchVisCharacter
LogPluginManager: Mounting plugin AudioCapture
LogPluginManager: Mounting plugin CableComponent
LogPluginManager: Mounting plugin CustomMeshComponent
LogPluginManager: Mounting plugin EditableMesh
LogPluginManager: Mounting plugin ExampleDeviceProfileSelector
LogPluginManager: Mounting plugin Firebase
LogPluginManager: Mounting plugin GoogleCloudMessaging
LogPluginManager: Mounting plugin IOSDeviceProfileSelector
LogPluginManager: Mounting plugin LinuxDeviceProfileSelector
LogPluginManager: Mounting plugin LocationServicesBPLibrary
LogPluginManager: Mounting plugin MobilePatchingUtils
LogPluginManager: Mounting plugin OculusVR
LogPluginManager: Mounting plugin PhysXVehicles
LogPluginManager: Mounting plugin ProceduralMeshComponent
LogPluginManager: Mounting plugin RuntimePhysXCooking
LogPluginManager: Mounting plugin SignificanceManager
LogPluginManager: Mounting plugin SteamVR
LogPluginManager: Mounting plugin WebMMoviePlayer
LogPluginManager: Mounting plugin WindowsMoviePlayer
LogInit: Using libcurl 7.55.1-DEV
LogInit:  - built for x86_64-pc-win32
LogInit:  - supports SSL with OpenSSL/1.1.1
LogInit:  - supports HTTP deflate (compression) using libz 1.2.8
LogInit:  - other features:
LogInit:      CURL_VERSION_SSL
LogInit:      CURL_VERSION_LIBZ
LogInit:      CURL_VERSION_IPV6
LogInit:      CURL_VERSION_ASYNCHDNS
LogInit:      CURL_VERSION_LARGEFILE
LogInit:      CURL_VERSION_IDN
LogInit:  CurlRequestOptions (configurable via config and command line):
LogInit:  - bVerifyPeer = true  - Libcurl will verify peer certificate
LogInit:  - bUseHttpProxy = false  - Libcurl will NOT use HTTP proxy
LogInit:  - bDontReuseConnections = false  - Libcurl will reuse connections
LogInit:  - MaxHostConnections = 16  - Libcurl will limit the number of connections to a host
LogInit:  - LocalHostAddr = Default
LogInit:  - BufferSize = 65536
LogInit: WinSock: version 1.1 (2.2), MaxSocks=32767, MaxUdp=65467
LogInit: Build: ++UE4+Release-4.22-CL-7053642
LogInit: Engine Version: 4.22.3-7053642+++UE4+Release-4.22
LogInit: Compatible Engine Version: 4.22.0-5660361+++UE4+Release-4.22
LogInit: Net CL: 5660361
LogInit: OS: Windows 10 (Release 1607) (), CPU: Intel(R) Core(TM) i5-7500 CPU @ 3.40GHz, GPU: Radeon (TM) RX 480 Graphics
LogInit: Compiled (64-bit): Jun 18 2019 03:09:11
LogInit: Compiled with Visual C++: 19.16.27025.01
LogInit: Build Configuration: Development
LogInit: Branch Name: ++UE4+Release-4.22
LogInit: Command Line:  -skipcompile
LogInit: Base Directory: C:/Program Files/Epic Games/UE_4.22/Engine/Binaries/Win64/
LogInit: Installed Engine Build: 1
LogDevObjectVersion: Number of dev versions registered: 23
LogDevObjectVersion:   Dev-Blueprints (B0D832E4-1F89-4F0D-ACCF-7EB736FD4AA2): 10
LogDevObjectVersion:   Dev-Build (E1C64328-A22C-4D53-A36C-8E866417BD8C): 0
LogDevObjectVersion:   Dev-Core (375EC13C-06E4-48FB-B500-84F0262A717E): 3
LogDevObjectVersion:   Dev-Editor (E4B068ED-F494-42E9-A231-DA0B2E46BB41): 30
LogDevObjectVersion:   Dev-Framework (CFFC743F-43B0-4480-9391-14DF171D2073): 35
LogDevObjectVersion:   Dev-Mobile (B02B49B5-BB20-44E9-A304-32B752E40360): 2
LogDevObjectVersion:   Dev-Networking (A4E4105C-59A1-49B5-A7C5-40C4547EDFEE): 0
LogDevObjectVersion:   Dev-Online (39C831C9-5AE6-47DC-9A44-9C173E1C8E7C): 0
LogDevObjectVersion:   Dev-Physics (78F01B33-EBEA-4F98-B9B4-84EACCB95AA2): 0
LogDevObjectVersion:   Dev-Platform (6631380F-2D4D-43E0-8009-CF276956A95A): 0
LogDevObjectVersion:   Dev-Rendering (12F88B9F-8875-4AFC-A67C-D90C383ABD29): 28
LogDevObjectVersion:   Dev-Sequencer (7B5AE74C-D270-4C10-A958-57980B212A5A): 11
LogDevObjectVersion:   Dev-VR (D7296918-1DD6-4BDD-9DE2-64A83CC13884): 2
LogDevObjectVersion:   Dev-LoadTimes (C2A15278-BFE7-4AFE-6C17-90FF531DF755): 1
LogDevObjectVersion:   Private-Geometry (6EACA3D4-40EC-4CC1-B786-8BED09428FC5): 3
LogDevObjectVersion:   Dev-AnimPhys (29E575DD-E0A3-4627-9D10-D276232CDCEA): 17
LogDevObjectVersion:   Dev-Anim (AF43A65D-7FD3-4947-9873-3E8ED9C1BB05): 2
LogDevObjectVersion:   Dev-ReflectionCapture (6B266CEC-1EC7-4B8F-A30B-E4D90942FC07): 1
LogDevObjectVersion:   Dev-Automation (0DF73D61-A23F-47EA-B727-89E90C41499A): 1
LogDevObjectVersion:   FortniteMain (601D1886-AC64-4F84-AA16-D3DE0DEAC7D6): 25
LogDevObjectVersion:   Dev-Enterprise (9DFFBCD6-494F-0158-E221-12823C92A888): 6
LogDevObjectVersion:   Dev-Niagara (F2AED0AC-9AFE-416F-8664-AA7FFA26D6FC): 1
LogDevObjectVersion:   Dev-Destruction (174F1F0B-B4C6-45A5-B13F-2EE8D0FB917D): 2
LogInit: Presizing for max 16777216 objects, including 0 objects not considered by GC, pre-allocating 0 bytes for permanent pool.
LogInit: Object subsystem initialized
LogConfig: Setting CVar [[con.DebugEarlyDefault:1]]
LogConfig: Setting CVar [[r.setres:1280x720]]
[2019.12.09-05.09.05:250][  0]LogConfig: Setting CVar [[r.VSync:0]]
[2019.12.09-05.09.05:250][  0]LogConfig: Setting CVar [[r.RHICmdBypass:0]]
[2019.12.09-05.09.05:250][  0]LogConfig: Applying CVar settings from Section [/Script/Engine.RendererSettings] File [C:/Users/NOW2_207_33/Desktop/CKUnrealProject/CKUE4/Saved/Config/Windows/Engine.ini]
[2019.12.09-05.09.05:251][  0]LogConfig: Setting CVar [[r.GPUCrashDebugging:0]]
[2019.12.09-05.09.05:251][  0]LogConfig: Setting CVar [[r.DefaultFeature.AutoExposure.ExtendDefaultLuminanceRange:1]]
[2019.12.09-05.09.05:251][  0]LogConfig: Applying CVar settings from Section [/Script/Engine.RendererOverrideSettings] File [C:/Users/NOW2_207_33/Desktop/CKUnrealProject/CKUE4/Saved/Config/Windows/Engine.ini]
[2019.12.09-05.09.05:251][  0]LogConfig: Applying CVar settings from Section [/Script/Engine.StreamingSettings] File [C:/Users/NOW2_207_33/Desktop/CKUnrealProject/CKUE4/Saved/Config/Windows/Engine.ini]
[2019.12.09-05.09.05:251][  0]LogConfig: Setting CVar [[s.MinBulkDataSizeForAsyncLoading:131072]]
[2019.12.09-05.09.05:251][  0]LogConfig: Setting CVar [[s.AsyncLoadingThreadEnabled:0]]
[2019.12.09-05.09.05:251][  0]LogConfig: Setting CVar [[s.EventDrivenLoaderEnabled:1]]
[2019.12.09-05.09.05:251][  0]LogConfig: Setting CVar [[s.WarnIfTimeLimitExceeded:0]]
[2019.12.09-05.09.05:251][  0]LogConfig: Setting CVar [[s.TimeLimitExceededMultiplier:1.5]]
[2019.12.09-05.09.05:251][  0]LogConfig: Setting CVar [[s.TimeLimitExceededMinTime:0.005]]
[2019.12.09-05.09.05:251][  0]LogConfig: Setting CVar [[s.UseBackgroundLevelStreaming:1]]
[2019.12.09-05.09.05:251][  0]LogConfig: Setting CVar [[s.PriorityAsyncLoadingExtraTime:15.0]]
[2019.12.09-05.09.05:251][  0]LogConfig: Setting CVar [[s.LevelStreamingActorsUpdateTimeLimit:5.0]]
[2019.12.09-05.09.05:251][  0]LogConfig: Setting CVar [[s.PriorityLevelStreamingActorsUpdateExtraTime:5.0]]
[2019.12.09-05.09.05:251][  0]LogConfig: Setting CVar [[s.LevelStreamingComponentsRegistrationGranularity:10]]
[2019.12.09-05.09.05:251][  0]LogConfig: Setting CVar [[s.UnregisterComponentsTimeLimit:1.0]]
[2019.12.09-05.09.05:251][  0]LogConfig: Setting CVar [[s.LevelStreamingComponentsUnregistrationGranularity:5]]
[2019.12.09-05.09.05:251][  0]LogConfig: Applying CVar settings from Section [/Script/Engine.GarbageCollectionSettings] File [C:/Users/NOW2_207_33/Desktop/CKUnrealProject/CKUE4/Saved/Config/Windows/Engine.ini]
[2019.12.09-05.09.05:251][  0]LogConfig: Setting CVar [[gc.MaxObjectsNotConsideredByGC:1]]
[2019.12.09-05.09.05:251][  0]LogConfig: Setting CVar [[gc.SizeOfPermanentObjectPool:0]]
[2019.12.09-05.09.05:251][  0]LogConfig: Setting CVar [[gc.FlushStreamingOnGC:0]]
[2019.12.09-05.09.05:251][  0]LogConfig: Setting CVar [[gc.NumRetriesBeforeForcingGC:10]]
[2019.12.09-05.09.05:251][  0]LogConfig: Setting CVar [[gc.AllowParallelGC:1]]
[2019.12.09-05.09.05:251][  0]LogConfig: Setting CVar [[gc.TimeBetweenPurgingPendingKillObjects:61.1]]
[2019.12.09-05.09.05:251][  0]LogConfig: Setting CVar [[gc.MaxObjectsInEditor:16777216]]
[2019.12.09-05.09.05:251][  0]LogConfig: Setting CVar [[gc.IncrementalBeginDestroyEnabled:1]]
[2019.12.09-05.09.05:251][  0]LogConfig: Setting CVar [[gc.CreateGCClusters:1]]
[2019.12.09-05.09.05:251][  0]LogConfig: Setting CVar [[gc.MinGCClusterSize:5]]
[2019.12.09-05.09.05:251][  0]LogConfig: Setting CVar [[gc.ActorClusteringEnabled:0]]
[2019.12.09-05.09.05:251][  0]LogConfig: Setting CVar [[gc.BlueprintClusteringEnabled:0]]
[2019.12.09-05.09.05:251][  0]LogConfig: Setting CVar [[gc.UseDisregardForGCOnDedicatedServers:0]]
[2019.12.09-05.09.05:251][  0]LogConfig: Applying CVar settings from Section [/Script/Engine.NetworkSettings] File [C:/Users/NOW2_207_33/Desktop/CKUnrealProject/CKUE4/Saved/Config/Windows/Engine.ini]
[2019.12.09-05.09.05:251][  0]LogConfig: Applying CVar settings from Section [/Script/UnrealEd.CookerSettings] File [C:/Users/NOW2_207_33/Desktop/CKUnrealProject/CKUE4/Saved/Config/Windows/Engine.ini]
[2019.12.09-05.09.05:257][  0]LogConfig: Applying CVar settings from Section [ViewDistanceQuality@3] File [C:/Users/NOW2_207_33/Desktop/CKUnrealProject/CKUE4/Saved/Config/Windows/Scalability.ini]
[2019.12.09-05.09.05:257][  0]LogConfig: Setting CVar [[r.SkeletalMeshLODBias:0]]
[2019.12.09-05.09.05:257][  0]LogConfig: Setting CVar [[r.ViewDistanceScale:1.0]]
[2019.12.09-05.09.05:257][  0]LogConfig: Applying CVar settings from Section [AntiAliasingQuality@3] File [C:/Users/NOW2_207_33/Desktop/CKUnrealProject/CKUE4/Saved/Config/Windows/Scalability.ini]
[2019.12.09-05.09.05:257][  0]LogConfig: Setting CVar [[r.PostProcessAAQuality:4]]
[2019.12.09-05.09.05:257][  0]LogConfig: Applying CVar settings from Section [ShadowQuality@3] File [C:/Users/NOW2_207_33/Desktop/CKUnrealProject/CKUE4/Saved/Config/Windows/Scalability.ini]
[2019.12.09-05.09.05:257][  0]LogConfig: Setting CVar [[r.LightFunctionQuality:1]]
[2019.12.09-05.09.05:257][  0]LogConfig: Setting CVar [[r.ShadowQuality:5]]
[2019.12.09-05.09.05:257][  0]LogConfig: Setting CVar [[r.Shadow.CSM.MaxCascades:10]]
[2019.12.09-05.09.05:257][  0]LogConfig: Setting CVar [[r.Shadow.MaxResolution:2048]]
[2019.12.09-05.09.05:257][  0]LogConfig: Setting CVar [[r.Shadow.MaxCSMResolution:2048]]
[2019.12.09-05.09.05:257][  0]LogConfig: Setting CVar [[r.Shadow.RadiusThreshold:0.01]]
[2019.12.09-05.09.05:257][  0]LogConfig: Setting CVar [[r.Shadow.DistanceScale:1.0]]
[2019.12.09-05.09.05:257][  0]LogConfig: Setting CVar [[r.Shadow.CSM.TransitionScale:1.0]]
[2019.12.09-05.09.05:257][  0]LogConfig: Setting CVar [[r.Shadow.PreShadowResolutionFactor:1.0]]
[2019.12.09-05.09.05:257][  0]LogConfig: Setting CVar [[r.DistanceFieldShadowing:1]]
[2019.12.09-05.09.05:257][  0]LogConfig: Setting CVar [[r.DistanceFieldAO:1]]
[2019.12.09-05.09.05:257][  0]LogConfig: Setting CVar [[r.AOQuality:2]]
[2019.12.09-05.09.05:257][  0]LogConfig: Setting CVar [[r.VolumetricFog:1]]
[2019.12.09-05.09.05:258][  0]LogConfig: Setting CVar [[r.VolumetricFog.GridPixelSize:8]]
[2019.12.09-05.09.05:258][  0]LogConfig: Setting CVar [[r.VolumetricFog.GridSizeZ:128]]
[2019.12.09-05.09.05:258][  0]LogConfig: Setting CVar [[r.VolumetricFog.HistoryMissSupersampleCount:4]]
[2019.12.09-05.09.05:258][  0]LogConfig: Setting CVar [[r.LightMaxDrawDistanceScale:1]]
[2019.12.09-05.09.05:258][  0]LogConfig: Setting CVar [[r.CapsuleShadows:1]]
[2019.12.09-05.09.05:258][  0]LogConfig: Applying CVar settings from Section [PostProcessQuality@3] File [C:/Users/NOW2_207_33/Desktop/CKUnrealProject/CKUE4/Saved/Config/Windows/Scalability.ini]
[2019.12.09-05.09.05:258][  0]LogConfig: Setting CVar [[r.MotionBlurQuality:4]]
[2019.12.09-05.09.05:258][  0]LogConfig: Setting CVar [[r.AmbientOcclusionMipLevelFactor:0.4]]
[2019.12.09-05.09.05:258][  0]LogConfig: Setting CVar [[r.AmbientOcclusionMaxQuality:100]]
[2019.12.09-05.09.05:258][  0]LogConfig: Setting CVar [[r.AmbientOcclusionLevels:-1]]
[2019.12.09-05.09.05:258][  0]LogConfig: Setting CVar [[r.AmbientOcclusionRadiusScale:1.0]]
[2019.12.09-05.09.05:258][  0]LogConfig: Setting CVar [[r.DepthOfFieldQuality:2]]
[2019.12.09-05.09.05:258][  0]LogConfig: Setting CVar [[r.RenderTargetPoolMin:400]]
[2019.12.09-05.09.05:258][  0]LogConfig: Setting CVar [[r.LensFlareQuality:2]]
[2019.12.09-05.09.05:258][  0]LogConfig: Setting CVar [[r.SceneColorFringeQuality:1]]
[2019.12.09-05.09.05:258][  0]LogConfig: Setting CVar [[r.EyeAdaptationQuality:2]]
[2019.12.09-05.09.05:258][  0]LogConfig: Setting CVar [[r.BloomQuality:5]]
[2019.12.09-05.09.05:258][  0]LogConfig: Setting CVar [[r.FastBlurThreshold:100]]
[2019.12.09-05.09.05:258][  0]LogConfig: Setting CVar [[r.Upscale.Quality:3]]
[2019.12.09-05.09.05:258][  0]LogConfig: Setting CVar [[r.Tonemapper.GrainQuantization:1]]
[2019.12.09-05.09.05:258][  0]LogConfig: Setting CVar [[r.LightShaftQuality:1]]
[2019.12.09-05.09.05:258][  0]LogConfig: Setting CVar [[r.Filter.SizeScale:1]]
[2019.12.09-05.09.05:258][  0]LogConfig: Setting CVar [[r.Tonemapper.Quality:5]]
[2019.12.09-05.09.05:258][  0]LogConfig: Setting CVar [[r.DOF.Gather.AccumulatorQuality:1        ; higher gathering accumulator quality]]
[2019.12.09-05.09.05:258][  0]LogConfig: Setting CVar [[r.DOF.Gather.PostfilterMethod:1          ; Median3x3 postfilering method]]
[2019.12.09-05.09.05:258][  0]LogConfig: Setting CVar [[r.DOF.Gather.EnableBokehSettings:0       ; no bokeh simulation when gathering]]
[2019.12.09-05.09.05:258][  0]LogConfig: Setting CVar [[r.DOF.Gather.RingCount:4                 ; medium number of samples when gathering]]
[2019.12.09-05.09.05:258][  0]LogConfig: Setting CVar [[r.DOF.Scatter.ForegroundCompositing:1    ; additive foreground scattering]]
[2019.12.09-05.09.05:258][  0]LogConfig: Setting CVar [[r.DOF.Scatter.BackgroundCompositing:2    ; additive background scattering]]
[2019.12.09-05.09.05:258][  0]LogConfig: Setting CVar [[r.DOF.Scatter.EnableBokehSettings:1      ; bokeh simulation when scattering]]
[2019.12.09-05.09.05:258][  0]LogConfig: Setting CVar [[r.DOF.Scatter.MaxSpriteRatio:0.1         ; only a maximum of 10% of scattered bokeh]]
[2019.12.09-05.09.05:258][  0]LogConfig: Setting CVar [[r.DOF.Recombine.Quality:1                ; cheap slight out of focus]]
[2019.12.09-05.09.05:258][  0]LogConfig: Setting CVar [[r.DOF.Recombine.EnableBokehSettings:0    ; no bokeh simulation on slight out of focus]]
[2019.12.09-05.09.05:258][  0]LogConfig: Setting CVar [[r.DOF.TemporalAAQuality:1                ; more stable temporal accumulation]]
[2019.12.09-05.09.05:258][  0]LogConfig: Setting CVar [[r.DOF.Kernel.MaxForegroundRadius:0.025]]
[2019.12.09-05.09.05:258][  0]LogConfig: Setting CVar [[r.DOF.Kernel.MaxBackgroundRadius:0.025]]
[2019.12.09-05.09.05:259][  0]LogConfig: Applying CVar settings from Section [TextureQuality@3] File [C:/Users/NOW2_207_33/Desktop/CKUnrealProject/CKUE4/Saved/Config/Windows/Scalability.ini]
[2019.12.09-05.09.05:259][  0]LogConfig: Setting CVar [[r.Streaming.MipBias:0]]
[2019.12.09-05.09.05:259][  0]LogConfig: Setting CVar [[r.Streaming.AmortizeCPUToGPUCopy:0]]
[2019.12.09-05.09.05:259][  0]LogConfig: Setting CVar [[r.Streaming.MaxNumTexturesToStreamPerFrame:0]]
[2019.12.09-05.09.05:259][  0]LogConfig: Setting CVar [[r.Streaming.Boost:1]]
[2019.12.09-05.09.05:259][  0]LogConfig: Setting CVar [[r.MaxAnisotropy:8]]
[2019.12.09-05.09.05:259][  0]LogConfig: Setting CVar [[r.Streaming.LimitPoolSizeToVRAM:0]]
[2019.12.09-05.09.05:259][  0]LogConfig: Setting CVar [[r.Streaming.PoolSize:1000]]
[2019.12.09-05.09.05:259][  0]LogConfig: Setting CVar [[r.Streaming.MaxEffectiveScreenSize:0]]
[2019.12.09-05.09.05:259][  0]LogConfig: Applying CVar settings from Section [EffectsQuality@3] File [C:/Users/NOW2_207_33/Desktop/CKUnrealProject/CKUE4/Saved/Config/Windows/Scalability.ini]
[2019.12.09-05.09.05:259][  0]LogConfig: Setting CVar [[r.TranslucencyLightingVolumeDim:64]]
[2019.12.09-05.09.05:259][  0]LogConfig: Setting CVar [[r.RefractionQuality:2]]
[2019.12.09-05.09.05:259][  0]LogConfig: Setting CVar [[r.SSR.Quality:3]]
[2019.12.09-05.09.05:259][  0]LogConfig: Setting CVar [[r.SceneColorFormat:4]]
[2019.12.09-05.09.05:259][  0]LogConfig: Setting CVar [[r.DetailMode:2]]
[2019.12.09-05.09.05:259][  0]LogConfig: Setting CVar [[r.TranslucencyVolumeBlur:1]]
[2019.12.09-05.09.05:259][  0]LogConfig: Setting CVar [[r.MaterialQualityLevel:1 ; High quality]]
[2019.12.09-05.09.05:259][  0]LogConfig: Setting CVar [[r.SSS.Scale:1]]
[2019.12.09-05.09.05:259][  0]LogConfig: Setting CVar [[r.SSS.SampleSet:2]]
[2019.12.09-05.09.05:259][  0]LogConfig: Setting CVar [[r.SSS.Quality:1]]
[2019.12.09-05.09.05:259][  0]LogConfig: Setting CVar [[r.SSS.HalfRes:1]]
[2019.12.09-05.09.05:259][  0]LogConfig: Setting CVar [[r.EmitterSpawnRateScale:1.0]]
[2019.12.09-05.09.05:259][  0]LogConfig: Setting CVar [[r.ParticleLightQuality:2]]
[2019.12.09-05.09.05:259][  0]LogConfig: Applying CVar settings from Section [FoliageQuality@3] File [C:/Users/NOW2_207_33/Desktop/CKUnrealProject/CKUE4/Saved/Config/Windows/Scalability.ini]
[2019.12.09-05.09.05:259][  0]LogConfig: Setting CVar [[foliage.DensityScale:1.0]]
[2019.12.09-05.09.05:259][  0]LogConfig: Setting CVar [[grass.DensityScale:1.0]]
[2019.12.09-05.09.05:259][  0]LogInit: Selected Device Profile: [Windows]
[2019.12.09-05.09.05:259][  0]LogInit: Applying CVar settings loaded from the selected device profile: [Windows]
[2019.12.09-05.09.05:276][  0]LogHAL: Display: Platform has ~ 16 GB [17053208576 / 17179869184 / 16], which maps to Larger [LargestMinGB=32, LargerMinGB=12, DefaultMinGB=8, SmallerMinGB=6, SmallestMinGB=0)
[2019.12.09-05.09.05:276][  0]LogConfig: Setting CVar [[r.Vulkan.UseRealUBs:0		; Required until we fix HLR fall-out]]
[2019.12.09-05.09.05:276][  0]LogInit: Going up to parent DeviceProfile []
[2019.12.09-05.09.05:276][  0]LogConfig: Applying CVar settings from Section [ViewDistanceQuality@3] File [C:/Users/NOW2_207_33/Desktop/CKUnrealProject/CKUE4/Saved/Config/Windows/Scalability.ini]
[2019.12.09-05.09.05:276][  0]LogConfig: Setting CVar [[r.SkeletalMeshLODBias:0]]
[2019.12.09-05.09.05:276][  0]LogConfig: Setting CVar [[r.ViewDistanceScale:1.0]]
[2019.12.09-05.09.05:277][  0]LogConfig: Applying CVar settings from Section [AntiAliasingQuality@3] File [C:/Users/NOW2_207_33/Desktop/CKUnrealProject/CKUE4/Saved/Config/Windows/Scalability.ini]
[2019.12.09-05.09.05:277][  0]LogConfig: Setting CVar [[r.PostProcessAAQuality:4]]
[2019.12.09-05.09.05:277][  0]LogConfig: Applying CVar settings from Section [ShadowQuality@3] File [C:/Users/NOW2_207_33/Desktop/CKUnrealProject/CKUE4/Saved/Config/Windows/Scalability.ini]
[2019.12.09-05.09.05:277][  0]LogConfig: Setting CVar [[r.LightFunctionQuality:1]]
[2019.12.09-05.09.05:277][  0]LogConfig: Setting CVar [[r.ShadowQuality:5]]
[2019.12.09-05.09.05:277][  0]LogConfig: Setting CVar [[r.Shadow.CSM.MaxCascades:10]]
[2019.12.09-05.09.05:277][  0]LogConfig: Setting CVar [[r.Shadow.MaxResolution:2048]]
[2019.12.09-05.09.05:277][  0]LogConfig: Setting CVar [[r.Shadow.MaxCSMResolution:2048]]
[2019.12.09-05.09.05:277][  0]LogConfig: Setting CVar [[r.Shadow.RadiusThreshold:0.01]]
[2019.12.09-05.09.05:277][  0]LogConfig: Setting CVar [[r.Shadow.DistanceScale:1.0]]
[2019.12.09-05.09.05:277][  0]LogConfig: Setting CVar [[r.Shadow.CSM.TransitionScale:1.0]]
[2019.12.09-05.09.05:277][  0]LogConfig: Setting CVar [[r.Shadow.PreShadowResolutionFactor:1.0]]
[2019.12.09-05.09.05:277][  0]LogConfig: Setting CVar [[r.DistanceFieldShadowing:1]]
[2019.12.09-05.09.05:277][  0]LogConfig: Setting CVar [[r.DistanceFieldAO:1]]
[2019.12.09-05.09.05:277][  0]LogConfig: Setting CVar [[r.AOQuality:2]]
[2019.12.09-05.09.05:277][  0]LogConfig: Setting CVar [[r.VolumetricFog:1]]
[2019.12.09-05.09.05:277][  0]LogConfig: Setting CVar [[r.VolumetricFog.GridPixelSize:8]]
[2019.12.09-05.09.05:277][  0]LogConfig: Setting CVar [[r.VolumetricFog.GridSizeZ:128]]
[2019.12.09-05.09.05:277][  0]LogConfig: Setting CVar [[r.VolumetricFog.HistoryMissSupersampleCount:4]]
[2019.12.09-05.09.05:277][  0]LogConfig: Setting CVar [[r.LightMaxDrawDistanceScale:1]]
[2019.12.09-05.09.05:277][  0]LogConfig: Setting CVar [[r.CapsuleShadows:1]]
[2019.12.09-05.09.05:277][  0]LogConfig: Applying CVar settings from Section [PostProcessQuality@3] File [C:/Users/NOW2_207_33/Desktop/CKUnrealProject/CKUE4/Saved/Config/Windows/Scalability.ini]
[2019.12.09-05.09.05:277][  0]LogConfig: Setting CVar [[r.MotionBlurQuality:4]]
[2019.12.09-05.09.05:277][  0]LogConfig: Setting CVar [[r.AmbientOcclusionMipLevelFactor:0.4]]
[2019.12.09-05.09.05:277][  0]LogConfig: Setting CVar [[r.AmbientOcclusionMaxQuality:100]]
[2019.12.09-05.09.05:277][  0]LogConfig: Setting CVar [[r.AmbientOcclusionLevels:-1]]
[2019.12.09-05.09.05:277][  0]LogConfig: Setting CVar [[r.AmbientOcclusionRadiusScale:1.0]]
[2019.12.09-05.09.05:277][  0]LogConfig: Setting CVar [[r.DepthOfFieldQuality:2]]
[2019.12.09-05.09.05:277][  0]LogConfig: Setting CVar [[r.RenderTargetPoolMin:400]]
[2019.12.09-05.09.05:277][  0]LogConfig: Setting CVar [[r.LensFlareQuality:2]]
[2019.12.09-05.09.05:277][  0]LogConfig: Setting CVar [[r.SceneColorFringeQuality:1]]
[2019.12.09-05.09.05:277][  0]LogConfig: Setting CVar [[r.EyeAdaptationQuality:2]]
[2019.12.09-05.09.05:277][  0]LogConfig: Setting CVar [[r.BloomQuality:5]]
[2019.12.09-05.09.05:277][  0]LogConfig: Setting CVar [[r.FastBlurThreshold:100]]
[2019.12.09-05.09.05:277][  0]LogConfig: Setting CVar [[r.Upscale.Quality:3]]
[2019.12.09-05.09.05:277][  0]LogConfig: Setting CVar [[r.Tonemapper.GrainQuantization:1]]
[2019.12.09-05.09.05:277][  0]LogConfig: Setting CVar [[r.LightShaftQuality:1]]
[2019.12.09-05.09.05:278][  0]LogConfig: Setting CVar [[r.Filter.SizeScale:1]]
[2019.12.09-05.09.05:278][  0]LogConfig: Setting CVar [[r.Tonemapper.Quality:5]]
[2019.12.09-05.09.05:278][  0]LogConfig: Setting CVar [[r.DOF.Gather.AccumulatorQuality:1        ; higher gathering accumulator quality]]
[2019.12.09-05.09.05:278][  0]LogConfig: Setting CVar [[r.DOF.Gather.PostfilterMethod:1          ; Median3x3 postfilering method]]
[2019.12.09-05.09.05:278][  0]LogConfig: Setting CVar [[r.DOF.Gather.EnableBokehSettings:0       ; no bokeh simulation when gathering]]
[2019.12.09-05.09.05:278][  0]LogConfig: Setting CVar [[r.DOF.Gather.RingCount:4                 ; medium number of samples when gathering]]
[2019.12.09-05.09.05:278][  0]LogConfig: Setting CVar [[r.DOF.Scatter.ForegroundCompositing:1    ; additive foreground scattering]]
[2019.12.09-05.09.05:278][  0]LogConfig: Setting CVar [[r.DOF.Scatter.BackgroundCompositing:2    ; additive background scattering]]
[2019.12.09-05.09.05:278][  0]LogConfig: Setting CVar [[r.DOF.Scatter.EnableBokehSettings:1      ; bokeh simulation when scattering]]
[2019.12.09-05.09.05:278][  0]LogConfig: Setting CVar [[r.DOF.Scatter.MaxSpriteRatio:0.1         ; only a maximum of 10% of scattered bokeh]]
[2019.12.09-05.09.05:278][  0]LogConfig: Setting CVar [[r.DOF.Recombine.Quality:1                ; cheap slight out of focus]]
[2019.12.09-05.09.05:278][  0]LogConfig: Setting CVar [[r.DOF.Recombine.EnableBokehSettings:0    ; no bokeh simulation on slight out of focus]]
[2019.12.09-05.09.05:278][  0]LogConfig: Setting CVar [[r.DOF.TemporalAAQuality:1                ; more stable temporal accumulation]]
[2019.12.09-05.09.05:278][  0]LogConfig: Setting CVar [[r.DOF.Kernel.MaxForegroundRadius:0.025]]
[2019.12.09-05.09.05:278][  0]LogConfig: Setting CVar [[r.DOF.Kernel.MaxBackgroundRadius:0.025]]
[2019.12.09-05.09.05:278][  0]LogConfig: Applying CVar settings from Section [TextureQuality@3] File [C:/Users/NOW2_207_33/Desktop/CKUnrealProject/CKUE4/Saved/Config/Windows/Scalability.ini]
[2019.12.09-05.09.05:278][  0]LogConfig: Setting CVar [[r.Streaming.MipBias:0]]
[2019.12.09-05.09.05:278][  0]LogConfig: Setting CVar [[r.Streaming.AmortizeCPUToGPUCopy:0]]
[2019.12.09-05.09.05:278][  0]LogConfig: Setting CVar [[r.Streaming.MaxNumTexturesToStreamPerFrame:0]]
[2019.12.09-05.09.05:278][  0]LogConfig: Setting CVar [[r.Streaming.Boost:1]]
[2019.12.09-05.09.05:278][  0]LogConfig: Setting CVar [[r.MaxAnisotropy:8]]
[2019.12.09-05.09.05:278][  0]LogConfig: Setting CVar [[r.Streaming.LimitPoolSizeToVRAM:0]]
[2019.12.09-05.09.05:278][  0]LogConfig: Setting CVar [[r.Streaming.PoolSize:1000]]
[2019.12.09-05.09.05:278][  0]LogConfig: Setting CVar [[r.Streaming.MaxEffectiveScreenSize:0]]
[2019.12.09-05.09.05:278][  0]LogConfig: Applying CVar settings from Section [EffectsQuality@3] File [C:/Users/NOW2_207_33/Desktop/CKUnrealProject/CKUE4/Saved/Config/Windows/Scalability.ini]
[2019.12.09-05.09.05:278][  0]LogConfig: Setting CVar [[r.TranslucencyLightingVolumeDim:64]]
[2019.12.09-05.09.05:278][  0]LogConfig: Setting CVar [[r.RefractionQuality:2]]
[2019.12.09-05.09.05:278][  0]LogConfig: Setting CVar [[r.SSR.Quality:3]]
[2019.12.09-05.09.05:278][  0]LogConfig: Setting CVar [[r.SceneColorFormat:4]]
[2019.12.09-05.09.05:278][  0]LogConfig: Setting CVar [[r.DetailMode:2]]
[2019.12.09-05.09.05:278][  0]LogConfig: Setting CVar [[r.TranslucencyVolumeBlur:1]]
[2019.12.09-05.09.05:278][  0]LogConfig: Setting CVar [[r.MaterialQualityLevel:1 ; High quality]]
[2019.12.09-05.09.05:278][  0]LogConfig: Setting CVar [[r.SSS.Scale:1]]
[2019.12.09-05.09.05:278][  0]LogConfig: Setting CVar [[r.SSS.SampleSet:2]]
[2019.12.09-05.09.05:278][  0]LogConfig: Setting CVar [[r.SSS.Quality:1]]
[2019.12.09-05.09.05:278][  0]LogConfig: Setting CVar [[r.SSS.HalfRes:1]]
[2019.12.09-05.09.05:278][  0]LogConfig: Setting CVar [[r.EmitterSpawnRateScale:1.0]]
[2019.12.09-05.09.05:278][  0]LogConfig: Setting CVar [[r.ParticleLightQuality:2]]
[2019.12.09-05.09.05:279][  0]LogConfig: Applying CVar settings from Section [FoliageQuality@3] File [C:/Users/NOW2_207_33/Desktop/CKUnrealProject/CKUE4/Saved/Config/Windows/Scalability.ini]
[2019.12.09-05.09.05:279][  0]LogConfig: Setting CVar [[foliage.DensityScale:1.0]]
[2019.12.09-05.09.05:279][  0]LogConfig: Setting CVar [[grass.DensityScale:1.0]]
[2019.12.09-05.09.05:279][  0]LogConfig: Applying CVar settings from Section [Startup] File [../../../Engine/Config/ConsoleVariables.ini]
[2019.12.09-05.09.05:279][  0]LogConfig: Setting CVar [[net.UseAdaptiveNetUpdateFrequency:0]]
[2019.12.09-05.09.05:279][  0]LogConfig: Setting CVar [[p.chaos.AllowCreatePhysxBodies:1]]
[2019.12.09-05.09.05:279][  0]LogConfig: Applying CVar settings from Section [ConsoleVariables] File [C:/Users/NOW2_207_33/Desktop/CKUnrealProject/CKUE4/Saved/Config/Windows/Engine.ini]
[2019.12.09-05.09.05:279][  0]LogInit: Computer: NOW2-207-33
[2019.12.09-05.09.05:279][  0]LogInit: User: NOW220733
[2019.12.09-05.09.05:279][  0]LogInit: CPU Page size=4096, Cores=4
[2019.12.09-05.09.05:279][  0]LogInit: High frequency timer resolution =3.328127 MHz
[2019.12.09-05.09.05:279][  0]LogMemory: Memory total: Physical=15.9GB (16GB approx)
[2019.12.09-05.09.05:279][  0]LogMemory: Platform Memory Stats for Windows
[2019.12.09-05.09.05:279][  0]LogMemory: Process Physical Memory: 96.55 MB used, 96.55 MB peak
[2019.12.09-05.09.05:279][  0]LogMemory: Process Virtual Memory: 84.07 MB used, 84.07 MB peak
[2019.12.09-05.09.05:279][  0]LogMemory: Physical Memory: 6241.60 MB used,  10021.61 MB free, 16263.21 MB total
[2019.12.09-05.09.05:279][  0]LogMemory: Virtual Memory: 506.92 MB used,  134217224.00 MB free, 134217728.00 MB total
[2019.12.09-05.09.05:357][  0]LogInit: Using OS detected language (ko-KR).
[2019.12.09-05.09.05:357][  0]LogInit: Using OS detected locale (ko-KR).
[2019.12.09-05.09.05:358][  0]LogTextLocalizationManager: No specific localization for 'ko-KR' exists, so the 'ko' localization will be used.
[2019.12.09-05.09.05:477][  0]LogInit: Setting process to per monitor DPI aware
[2019.12.09-05.09.05:574][  0]LogSlate: New Slate User Created.  User Index 0, Is Virtual User: 0
[2019.12.09-05.09.05:574][  0]LogSlate: Slate User Registered.  User Index 0, Is Virtual User: 0
[2019.12.09-05.09.07:484][  0]LogHMD: Failed to initialize OpenVR with code 110
[2019.12.09-05.09.07:484][  0]LogD3D11RHI: D3D11 adapters:
[2019.12.09-05.09.07:521][  0]LogD3D11RHI:    0. 'Radeon (TM) RX 480 Graphics' (Feature Level 11_0)
[2019.12.09-05.09.07:521][  0]LogD3D11RHI:       4044/0/8131 MB DedicatedVideo/DedicatedSystem/SharedSystem, Outputs:1, VendorId:0x1002
[2019.12.09-05.09.07:541][  0]LogD3D11RHI:    1. 'Intel(R) HD Graphics 630' (Feature Level 11_0)
[2019.12.09-05.09.07:541][  0]LogD3D11RHI:       128/0/8131 MB DedicatedVideo/DedicatedSystem/SharedSystem, Outputs:0, VendorId:0x8086
[2019.12.09-05.09.07:547][  0]LogD3D11RHI:    2. 'Microsoft Basic Render Driver' (Feature Level 11_0)
[2019.12.09-05.09.07:548][  0]LogD3D11RHI:       0/0/8131 MB DedicatedVideo/DedicatedSystem/SharedSystem, Outputs:0, VendorId:0x1414
[2019.12.09-05.09.07:548][  0]LogD3D11RHI: Chosen D3D11 Adapter: 0
[2019.12.09-05.09.07:551][  0]LogD3D11RHI: Creating new Direct3DDevice
[2019.12.09-05.09.07:551][  0]LogD3D11RHI:     GPU DeviceId: 0x67df (for the marketing name, search the web for "GPU Device Id")
[2019.12.09-05.09.07:551][  0]LogWindows: EnumDisplayDevices:
[2019.12.09-05.09.07:552][  0]LogWindows:    0. 'Radeon (TM) RX 480 Graphics' (P:1 D:1)
[2019.12.09-05.09.07:553][  0]LogWindows:    1. 'Radeon (TM) RX 480 Graphics' (P:0 D:0)
[2019.12.09-05.09.07:553][  0]LogWindows:    2. 'Radeon (TM) RX 480 Graphics' (P:0 D:0)
[2019.12.09-05.09.07:554][  0]LogWindows:    3. 'Radeon (TM) RX 480 Graphics' (P:0 D:0)
[2019.12.09-05.09.07:555][  0]LogWindows:    4. 'Radeon (TM) RX 480 Graphics' (P:0 D:0)
[2019.12.09-05.09.07:556][  0]LogWindows:    5. 'Radeon (TM) RX 480 Graphics' (P:0 D:0)
[2019.12.09-05.09.07:557][  0]LogWindows:    6. 'Intel(R) HD Graphics 630' (P:0 D:0)
[2019.12.09-05.09.07:558][  0]LogWindows:    7. 'Intel(R) HD Graphics 630' (P:0 D:0)
[2019.12.09-05.09.07:558][  0]LogWindows:    8. 'Intel(R) HD Graphics 630' (P:0 D:0)
[2019.12.09-05.09.07:559][  0]LogWindows: DebugString: PrimaryIsNotTheChoosenAdapter PrimaryIsNotTheChoosenAdapter PrimaryIsNotTheChoosenAdapter FoundDriverCount:6 
[2019.12.09-05.09.07:559][  0]LogD3D11RHI:     Adapter Name: Radeon (TM) RX 480 Graphics
[2019.12.09-05.09.07:559][  0]LogD3D11RHI:   Driver Version: Crimson ReLive 17.1.1 (internal:22.19.162.4, unified:22.19.162.4)
[2019.12.09-05.09.07:559][  0]LogD3D11RHI:      Driver Date: 4-24-2017
[2019.12.09-05.09.07:559][  0]LogRHI: Texture pool is 2830 MB (70% of 4044 MB)
[2019.12.09-05.09.07:833][  0]LogD3D11RHI: Async texture creation enabled
[2019.12.09-05.09.07:836][  0]LogRendererCore: FGlobalReadBuffer::InitRHI
[2019.12.09-05.09.07:836][  0]LogRendererCore: FGlobalReadBuffer::InitRHI
[2019.12.09-05.09.07:836][  0]LogRendererCore: FGlobalReadBuffer::InitRHI
[2019.12.09-05.09.07:843][  0]LogD3D11RHI: GPU Timing Frequency: 25.000000 (Debug: 2 1)
[2019.12.09-05.09.08:098][  0]LogTemp: Display: Module 'AllDesktopTargetPlatform' loaded TargetPlatform 'AllDesktop'
[2019.12.09-05.09.08:111][  0]LogTemp: Display: Module 'MacClientTargetPlatform' loaded TargetPlatform 'MacClient'
[2019.12.09-05.09.08:124][  0]LogTemp: Display: Module 'MacNoEditorTargetPlatform' loaded TargetPlatform 'MacNoEditor'
[2019.12.09-05.09.08:138][  0]LogTemp: Display: Module 'MacServerTargetPlatform' loaded TargetPlatform 'MacServer'
[2019.12.09-05.09.08:155][  0]LogTemp: Display: Module 'MacTargetPlatform' loaded TargetPlatform 'Mac'
[2019.12.09-05.09.08:168][  0]LogTemp: Display: Module 'WindowsClientTargetPlatform' loaded TargetPlatform 'WindowsClient'
[2019.12.09-05.09.08:182][  0]LogTemp: Display: Module 'WindowsNoEditorTargetPlatform' loaded TargetPlatform 'WindowsNoEditor'
[2019.12.09-05.09.08:195][  0]LogTemp: Display: Module 'WindowsServerTargetPlatform' loaded TargetPlatform 'WindowsServer'
[2019.12.09-05.09.08:202][  0]LogTemp: Display: Module 'WindowsTargetPlatform' loaded TargetPlatform 'Windows'
[2019.12.09-05.09.08:281][  0]LogTemp: Display: Module 'AndroidTargetPlatform' loaded TargetPlatform 'Android'
[2019.12.09-05.09.08:281][  0]LogTemp: Display: Module 'AndroidTargetPlatform' loaded TargetPlatform 'Android_ASTC'
[2019.12.09-05.09.08:281][  0]LogTemp: Display: Module 'AndroidTargetPlatform' loaded TargetPlatform 'Android_ATC'
[2019.12.09-05.09.08:281][  0]LogTemp: Display: Module 'AndroidTargetPlatform' loaded TargetPlatform 'Android_DXT'
[2019.12.09-05.09.08:281][  0]LogTemp: Display: Module 'AndroidTargetPlatform' loaded TargetPlatform 'Android_ETC1'
[2019.12.09-05.09.08:281][  0]LogTemp: Display: Module 'AndroidTargetPlatform' loaded TargetPlatform 'Android_ETC1a'
[2019.12.09-05.09.08:281][  0]LogTemp: Display: Module 'AndroidTargetPlatform' loaded TargetPlatform 'Android_ETC2'
[2019.12.09-05.09.08:281][  0]LogTemp: Display: Module 'AndroidTargetPlatform' loaded TargetPlatform 'Android_PVRTC'
[2019.12.09-05.09.08:281][  0]LogTemp: Display: Module 'AndroidTargetPlatform' loaded TargetPlatform 'AndroidClient'
[2019.12.09-05.09.08:281][  0]LogTemp: Display: Module 'AndroidTargetPlatform' loaded TargetPlatform 'Android_ASTCClient'
[2019.12.09-05.09.08:281][  0]LogTemp: Display: Module 'AndroidTargetPlatform' loaded TargetPlatform 'Android_ATCClient'
[2019.12.09-05.09.08:282][  0]LogTemp: Display: Module 'AndroidTargetPlatform' loaded TargetPlatform 'Android_DXTClient'
[2019.12.09-05.09.08:282][  0]LogTemp: Display: Module 'AndroidTargetPlatform' loaded TargetPlatform 'Android_ETC1Client'
[2019.12.09-05.09.08:282][  0]LogTemp: Display: Module 'AndroidTargetPlatform' loaded TargetPlatform 'Android_ETC1aClient'
[2019.12.09-05.09.08:282][  0]LogTemp: Display: Module 'AndroidTargetPlatform' loaded TargetPlatform 'Android_ETC2Client'
[2019.12.09-05.09.08:282][  0]LogTemp: Display: Module 'AndroidTargetPlatform' loaded TargetPlatform 'Android_PVRTCClient'
[2019.12.09-05.09.08:282][  0]LogTemp: Display: Module 'AndroidTargetPlatform' loaded TargetPlatform 'Android_Multi'
[2019.12.09-05.09.08:282][  0]LogTemp: Display: Module 'AndroidTargetPlatform' loaded TargetPlatform 'Android_MultiClient'
[2019.12.09-05.09.08:285][  0]LogTemp: Display: Module 'HTML5TargetPlatform' loaded TargetPlatform 'HTML5'
[2019.12.09-05.09.08:361][  0]LogTemp: Display: Module 'IOSTargetPlatform' loaded TargetPlatform 'IOSClient'
[2019.12.09-05.09.08:361][  0]LogTemp: Display: Module 'IOSTargetPlatform' loaded TargetPlatform 'IOS'
[2019.12.09-05.09.08:389][  0]LogTemp: Display: Module 'TVOSTargetPlatform' loaded TargetPlatform 'TVOSClient'
[2019.12.09-05.09.08:389][  0]LogTemp: Display: Module 'TVOSTargetPlatform' loaded TargetPlatform 'TVOS'
[2019.12.09-05.09.08:402][  0]LogTemp: Display: Module 'LinuxClientTargetPlatform' loaded TargetPlatform 'LinuxClient'
[2019.12.09-05.09.08:415][  0]LogTemp: Display: Module 'LinuxNoEditorTargetPlatform' loaded TargetPlatform 'LinuxNoEditor'
[2019.12.09-05.09.08:428][  0]LogTemp: Display: Module 'LinuxServerTargetPlatform' loaded TargetPlatform 'LinuxServer'
[2019.12.09-05.09.08:448][  0]LogTemp: Display: Module 'LinuxTargetPlatform' loaded TargetPlatform 'Linux'
[2019.12.09-05.09.08:496][  0]LogTemp: Display: Module 'LuminTargetPlatform' loaded TargetPlatform 'Lumin'
[2019.12.09-05.09.08:496][  0]LogTemp: Display: Module 'LuminTargetPlatform' loaded TargetPlatform 'LuminClient'
[2019.12.09-05.09.08:496][  0]LogTargetPlatformManager: Display: Building Assets For Windows
[2019.12.09-05.09.08:509][  0]LogAudioDebug: Display: Lib vorbis DLL was dynamically loaded.
[2019.12.09-05.09.08:579][  0]LogShaderCompilers: Guid format shader working directory is -13 characters bigger than the processId version (../../../../../../Users/NOW2_207_33/Desktop/CKUnrealProject/CKUE4/Intermediate/Shaders/WorkingDirectory/8724/).
[2019.12.09-05.09.08:579][  0]LogShaderCompilers: Cleaned the shader compiler working directory 'C:/Users/NOW2_207_33/AppData/Local/Temp/UnrealShaderWorkingDir/09FE59934F4AD8060F9BC2B35C45388B/'.
[2019.12.09-05.09.08:581][  0]LogXGEController: Cleaning working directory: C:/Users/NOW2_207_33/AppData/Local/Temp/UnrealXGEWorkingDir/
[2019.12.09-05.09.08:581][  0]LogXGEController: Cannot use XGE Controller as Incredibuild is not installed on this machine.
[2019.12.09-05.09.08:581][  0]LogShaderCompilers: Cannot use XGE Shader Compiler as Incredibuild is not installed on this machine.
[2019.12.09-05.09.08:581][  0]LogShaderCompilers: Display: Using Local Shader Compiler.
[2019.12.09-05.09.10:570][  0]LogDerivedDataCache: Display: Max Cache Size: 512 MB
[2019.12.09-05.09.10:629][  0]LogDerivedDataCache: Loaded boot cache 0.06s 73MB C:/Users/NOW2_207_33/AppData/Local/UnrealEngine/4.22/DerivedDataCache/Boot.ddc.
[2019.12.09-05.09.10:629][  0]LogDerivedDataCache: Display: Loaded Boot cache: C:/Users/NOW2_207_33/AppData/Local/UnrealEngine/4.22/DerivedDataCache/Boot.ddc
[2019.12.09-05.09.10:629][  0]LogDerivedDataCache: FDerivedDataBackendGraph:  Pak pak cache file ../../../../../../Users/NOW2_207_33/Desktop/CKUnrealProject/CKUE4/DerivedDataCache/DDC.ddp not found, will not use a pak cache.
[2019.12.09-05.09.10:629][  0]LogDerivedDataCache: Unable to find inner node Pak for hierarchical cache Hierarchy.
[2019.12.09-05.09.10:630][  0]LogDerivedDataCache: FDerivedDataBackendGraph:  CompressedPak pak cache file ../../../../../../Users/NOW2_207_33/Desktop/CKUnrealProject/CKUE4/DerivedDataCache/Compressed.ddp not found, will not use a pak cache.
[2019.12.09-05.09.10:630][  0]LogDerivedDataCache: Unable to find inner node CompressedPak for hierarchical cache Hierarchy.
[2019.12.09-05.09.10:648][  0]LogDerivedDataCache: Display: Pak cache opened for reading ../../../Engine/DerivedDataCache/Compressed.ddp.
[2019.12.09-05.09.10:649][  0]LogDerivedDataCache: FDerivedDataBackendGraph:  EnterprisePak pak cache file ../../../Enterprise/DerivedDataCache/Compressed.ddp not found, will not use a pak cache.
[2019.12.09-05.09.10:649][  0]LogDerivedDataCache: Unable to find inner node EnterprisePak for hierarchical cache Hierarchy.
[2019.12.09-05.09.10:662][  0]LogDerivedDataCache: Using Local data cache path C:/Users/NOW2_207_33/AppData/Local/UnrealEngine/Common/DerivedDataCache: Writable
[2019.12.09-05.09.10:662][  0]LogDerivedDataCache: Shared data cache path not found in *engine.ini, will not use an Shared cache.
[2019.12.09-05.09.10:662][  0]LogDerivedDataCache: Unable to find inner node Shared for hierarchical cache Hierarchy.
[2019.12.09-05.09.10:686][  0]LogMaterial: Verifying Global Shaders for PCD3D_SM5
[2019.12.09-05.09.10:687][  0]LogSlate: Using FreeType 2.6.0
[2019.12.09-05.09.10:695][  0]LogSlate: SlateFontServices - WITH_FREETYPE: 1, WITH_HARFBUZZ: 1
[2019.12.09-05.09.10:891][  0]LogAssetRegistry: FAssetRegistry took 0.0342 seconds to start up
[2019.12.09-05.09.11:186][  0]LogInit: Selected Device Profile: [Windows]
[2019.12.09-05.09.11:400][  0]LogMeshReduction: Using QuadricMeshReduction for automatic static mesh reduction
[2019.12.09-05.09.11:400][  0]LogMeshReduction: Using SimplygonMeshReduction for automatic skeletal mesh reduction
[2019.12.09-05.09.11:400][  0]LogMeshReduction: Using ProxyLODMeshReduction for automatic mesh merging
[2019.12.09-05.09.11:400][  0]LogMeshReduction: No distributed automatic mesh merging module available
[2019.12.09-05.09.11:400][  0]LogMeshMerging: No distributed automatic mesh merging module available
[2019.12.09-05.09.11:430][  0]LogNetVersion: CKUE4 1.0.0, NetCL: 5660361, EngineNetVer: 10, GameNetVer: 0 (Checksum: 1582171004)
[2019.12.09-05.09.12:346][  0]LogPackageLocalizationCache: Processed 10 localized package path(s) for 1 prioritized culture(s) in 0.039367 seconds
[2019.12.09-05.09.12:352][  0]LogUObjectArray: 42205 objects as part of root set at end of initial load.
[2019.12.09-05.09.12:352][  0]LogUObjectAllocator: 7325032 out of 0 bytes used by permanent object pool.
[2019.12.09-05.09.12:353][  0]LogUObjectArray: CloseDisregardForGC: 0/0 objects in disregard for GC pool
[2019.12.09-05.09.14:478][  0]LogTcpMessaging: Initializing TcpMessaging bridge
[2019.12.09-05.09.14:494][  0]LogUdpMessaging: Initializing bridge on interface 0.0.0.0:0 to multicast group 230.0.0.1:6666.
[2019.12.09-05.09.14:754][  0]SourceControl: 소스 컨트롤이 꺼져 있습니다.
[2019.12.09-05.09.14:754][  0]SourceControl: 소스 컨트롤이 꺼져 있습니다.
[2019.12.09-05.09.14:757][  0]SourceControl: 소스 컨트롤이 꺼져 있습니다.
[2019.12.09-05.09.14:759][  0]SourceControl: 소스 컨트롤이 꺼져 있습니다.
[2019.12.09-05.09.14:877][  0]LogAndroidPermission: UAndroidPermissionCallbackProxy::GetInstance
[2019.12.09-05.09.14:971][  0]LogOcInput: OculusInput pre-init called
[2019.12.09-05.09.15:788][  0]LogEngine: Initializing Engine...
[2019.12.09-05.09.15:789][  0]LogHMD: Failed to initialize OpenVR with code 110
[2019.12.09-05.09.15:790][  0]LogStats: UGameplayTagsManager::InitializeManager -  0.000 s
[2019.12.09-05.09.16:169][  0]LogInit: Initializing FReadOnlyCVARCache
[2019.12.09-05.09.16:193][  0]LogAIModule: Creating AISystem for world Untitled
[2019.12.09-05.09.16:206][  0]LogInit: XAudio2 using '스피커(Conexant HD Audio)' : 2 channels at 48 kHz using 32 bits per sample (channel mask 0x3)
[2019.12.09-05.09.16:413][  0]LogInit: FAudioDevice initialized.
[2019.12.09-05.09.16:414][  0]LogNetVersion: Set ProjectVersion to 1.0.0.0. Version Checksum will be recalculated on next use.
[2019.12.09-05.09.16:483][  0]LogDerivedDataCache: Saved boot cache 0.07s 73MB C:/Users/NOW2_207_33/AppData/Local/UnrealEngine/4.22/DerivedDataCache/Boot.ddc.
[2019.12.09-05.09.16:492][  0]LogInit: Texture streaming: Enabled
[2019.12.09-05.09.16:513][  0]LogEngineSessionManager: EngineSessionManager initialized
[2019.12.09-05.09.16:533][  0]LogInit: Transaction tracking system initialized
[2019.12.09-05.09.16:562][  0]BlueprintLog: New page: 에디터 로드
[2019.12.09-05.09.16:660][  0]LocalizationService: 현지화 서비스가 비활성화되었습니다.
[2019.12.09-05.09.17:196][  0]LogFileCache: Scanning file cache for directory 'C:/Users/NOW2_207_33/Desktop/CKUnrealProject/CKUE4/Content/' took 0.02s
[2019.12.09-05.09.17:196][  0]LogCook: Display: Max memory allowance for cook 16384mb min free memory 0mb
[2019.12.09-05.09.17:196][  0]LogCook: Display: Mobile HDR setting 1
[2019.12.09-05.09.17:531][  0]SourceControl: 소스 컨트롤이 꺼져 있습니다.
[2019.12.09-05.09.17:531][  0]Cmd: MAP LOAD FILE="../../../../../../Users/NOW2_207_33/Desktop/CKUnrealProject/CKUE4/Content/MainMap.umap" TEMPLATE=0 SHOWPROGRESS=1 FEATURELEVEL=3
[2019.12.09-05.09.17:532][  0]LightingResults: New page: 라이팅 빌드
[2019.12.09-05.09.17:534][  0]MapCheck: New page: 맵 체크
[2019.12.09-05.09.17:534][  0]LightingResults: New page: 라이팅 빌드
[2019.12.09-05.09.17:558][  0]LogUObjectHash: Compacting FUObjectHashTables data took   1.39ms
[2019.12.09-05.09.17:758][  0]LogAIModule: Creating AISystem for world MainMap
[2019.12.09-05.09.17:768][  0]LogEditorServer: Finished looking for orphan Actors (0.000 secs)
[2019.12.09-05.09.17:793][  0]LogUObjectHash: Compacting FUObjectHashTables data took   1.73ms
[2019.12.09-05.09.17:793][  0]Cmd: MAP CHECKDEP NOCLEARLOG
[2019.12.09-05.09.17:794][  0]MapCheck: 맵 체크 완료: 오류 0 회, 경고 0 회, 소요 시간 0.211ms.
[2019.12.09-05.09.17:794][  0]LogFileHelpers: Loading map 'MainMap' took 0.263
[2019.12.09-05.09.17:962][  0]LogSlate: Updating window title bar state: overlay mode, drag disabled, window buttons hidden, title bar hidden
[2019.12.09-05.09.17:969][  0]LogSlate: Updating window title bar state: overlay mode, drag disabled, window buttons hidden, title bar hidden
[2019.12.09-05.09.17:975][  0]LogSlate: Updating window title bar state: overlay mode, drag disabled, window buttons hidden, title bar hidden
[2019.12.09-05.09.17:982][  0]LogSlate: Updating window title bar state: overlay mode, drag disabled, window buttons hidden, title bar hidden
[2019.12.09-05.09.17:994][  0]LogCollectionManager: Loaded 0 collections in 0.001147 seconds
[2019.12.09-05.09.18:023][  0]LogFileCache: Scanning file cache for directory 'C:/Users/NOW2_207_33/Desktop/CKUnrealProject/CKUE4/Saved/Collections/' took 0.01s
[2019.12.09-05.09.18:024][  0]LogFileCache: Scanning file cache for directory 'C:/Users/NOW2_207_33/Desktop/CKUnrealProject/CKUE4/Content/Developers/NOW220733/Collections/' took 0.00s
[2019.12.09-05.09.18:024][  0]LogFileCache: Scanning file cache for directory 'C:/Users/NOW2_207_33/Desktop/CKUnrealProject/CKUE4/Content/Collections/' took 0.01s
[2019.12.09-05.09.18:024][  0]LogCollectionManager: Rebuilt the GUID cache for 0 collections in 0.000001 seconds
[2019.12.09-05.09.18:032][  0]LogContentBrowser: Native class hierarchy populated in 0.0078 seconds. Added 2738 classes and 661 folders.
[2019.12.09-05.09.18:037][  0]LogContentBrowser: Native class hierarchy updated for 'WidgetCarousel' in 0.0003 seconds. Added 0 classes and 0 folders.
[2019.12.09-05.09.18:043][  0]LogPakFile: Registered encryption key '00000000000000000000000000000000': 0 pak files mounted, 0 remain pending
[2019.12.09-05.09.18:048][  0]LogPakFile: Registered encryption key '00000000000000000000000000000000': 0 pak files mounted, 0 remain pending
[2019.12.09-05.09.18:062][  0]LogPakFile: Registered encryption key '00000000000000000000000000000000': 0 pak files mounted, 0 remain pending
[2019.12.09-05.09.18:067][  0]LogPakFile: Registered encryption key '00000000000000000000000000000000': 0 pak files mounted, 0 remain pending
[2019.12.09-05.09.18:072][  0]LogPakFile: Registered encryption key '00000000000000000000000000000000': 0 pak files mounted, 0 remain pending
[2019.12.09-05.09.18:078][  0]LogPakFile: Registered encryption key '00000000000000000000000000000000': 0 pak files mounted, 0 remain pending
[2019.12.09-05.09.18:082][  0]LogPakFile: Registered encryption key '00000000000000000000000000000000': 0 pak files mounted, 0 remain pending
[2019.12.09-05.09.18:087][  0]LogPakFile: Registered encryption key '00000000000000000000000000000000': 0 pak files mounted, 0 remain pending
[2019.12.09-05.09.18:092][  0]LogPakFile: Registered encryption key '00000000000000000000000000000000': 0 pak files mounted, 0 remain pending
[2019.12.09-05.09.18:098][  0]LogPakFile: Registered encryption key '00000000000000000000000000000000': 0 pak files mounted, 0 remain pending
[2019.12.09-05.09.18:103][  0]LogPakFile: Registered encryption key '00000000000000000000000000000000': 0 pak files mounted, 0 remain pending
[2019.12.09-05.09.18:107][  0]LogPakFile: Registered encryption key '00000000000000000000000000000000': 0 pak files mounted, 0 remain pending
[2019.12.09-05.09.18:113][  0]LogPakFile: Registered encryption key '00000000000000000000000000000000': 0 pak files mounted, 0 remain pending
[2019.12.09-05.09.18:118][  0]LogPakFile: Registered encryption key '00000000000000000000000000000000': 0 pak files mounted, 0 remain pending
[2019.12.09-05.09.18:122][  0]LogPakFile: Registered encryption key '00000000000000000000000000000000': 0 pak files mounted, 0 remain pending
[2019.12.09-05.09.18:127][  0]LogPakFile: Registered encryption key '00000000000000000000000000000000': 0 pak files mounted, 0 remain pending
[2019.12.09-05.09.18:153][  0]LogPakFile: Registered encryption key '00000000000000000000000000000000': 0 pak files mounted, 0 remain pending
[2019.12.09-05.09.18:158][  0]LogPakFile: Registered encryption key '00000000000000000000000000000000': 0 pak files mounted, 0 remain pending
[2019.12.09-05.09.18:163][  0]LogPakFile: Registered encryption key '00000000000000000000000000000000': 0 pak files mounted, 0 remain pending
[2019.12.09-05.09.18:168][  0]LogPakFile: Registered encryption key '00000000000000000000000000000000': 0 pak files mounted, 0 remain pending
[2019.12.09-05.09.18:173][  0]LogPakFile: Registered encryption key '00000000000000000000000000000000': 0 pak files mounted, 0 remain pending
[2019.12.09-05.09.18:178][  0]LogPakFile: Registered encryption key '00000000000000000000000000000000': 0 pak files mounted, 0 remain pending
[2019.12.09-05.09.18:182][  0]LogPakFile: Registered encryption key '00000000000000000000000000000000': 0 pak files mounted, 0 remain pending
[2019.12.09-05.09.18:187][  0]LogPakFile: Registered encryption key '00000000000000000000000000000000': 0 pak files mounted, 0 remain pending
[2019.12.09-05.09.18:192][  0]LogPakFile: Registered encryption key '00000000000000000000000000000000': 0 pak files mounted, 0 remain pending
[2019.12.09-05.09.18:196][  0]LogPakFile: Registered encryption key '00000000000000000000000000000000': 0 pak files mounted, 0 remain pending
[2019.12.09-05.09.18:307][  0]LogContentBrowser: Native class hierarchy updated for 'AddContentDialog' in 0.0003 seconds. Added 0 classes and 0 folders.
[2019.12.09-05.09.18:313][  0]LogContentBrowser: Native class hierarchy updated for 'SceneOutliner' in 0.0004 seconds. Added 1 classes and 2 folders.
[2019.12.09-05.09.18:373][  0]LogSlate: Took 0.004569 seconds to synchronously load lazily loaded font '../../../Engine/Content/Slate/Fonts/Roboto-Regular.ttf' (155K)
[2019.12.09-05.09.18:380][  0]LogSlate: Took 0.006347 seconds to synchronously load lazily loaded font '../../../Engine/Content/Editor/Slate/Fonts/NanumGothic.ttf' (4243K)
[2019.12.09-05.09.18:387][  0]LogSlate: Took 0.007103 seconds to synchronously load lazily loaded font '../../../Engine/Content/Editor/Slate/Fonts/NanumGothicBold.ttf' (4188K)
[2019.12.09-05.09.18:393][  0]LogSlate: Took 0.004217 seconds to synchronously load lazily loaded font '../../../Engine/Content/Slate/Fonts/Roboto-Bold.ttf' (160K)
[2019.12.09-05.09.18:401][  0]LogSlate: Took 0.004474 seconds to synchronously load lazily loaded font '../../../Engine/Content/Editor/Slate/Fonts/FontAwesome.ttf' (139K)
[2019.12.09-05.09.18:565][  0]LogRenderer: Reallocating scene render targets to support 1208x620 Format 10 NumSamples 1 (Frame:1).
[2019.12.09-05.09.18:618][  0]LogSlate: Took 0.004215 seconds to synchronously load lazily loaded font '../../../Engine/Content/Slate/Fonts/Roboto-Light.ttf' (167K)
[2019.12.09-05.09.18:699][  0]LogContentBrowser: Native class hierarchy updated for 'HierarchicalLODOutliner' in 0.0004 seconds. Added 0 classes and 0 folders.
[2019.12.09-05.09.18:700][  0]LogLoad: (Engine Initialization) Total time: 15.13 seconds
[2019.12.09-05.09.18:700][  0]LogLoad: (Engine Initialization) Total Blueprint compile time: 0.00 seconds
[2019.12.09-05.09.18:731][  0]LogAssetRegistry: Asset discovery search completed in 7.8638 seconds
[2019.12.09-05.09.18:733][  0]LogCollectionManager: Rebuilt the object cache for 0 collections in 0.000000 seconds (found 0 objects)
[2019.12.09-05.09.18:733][  0]LogCollectionManager: Fixed up redirectors for 0 collections in 0.000134 seconds (updated 0 objects)
[2019.12.09-05.09.18:740][  0]LogContentStreaming: Texture pool size now 1000 MB
[2019.12.09-05.09.21:314][301]LogSlate: FSceneViewport::OnFocusLost() reason 0
[2019.12.09-05.09.21:465][319]LogSlate: Took 0.000200 seconds to synchronously load lazily loaded font '../../../Engine/Content/Slate/Fonts/Roboto-Light.ttf' (167K)
[2019.12.09-05.09.21:470][319]LogAssetEditorManager: Opening Asset editor for BehaviorTree /Game/AI/BT_ABCharacter.BT_ABCharacter
[2019.12.09-05.09.21:527][319]LogSlate: Took 0.000238 seconds to synchronously load lazily loaded font '../../../Engine/Content/Slate/Fonts/Roboto-BoldCondensed.ttf' (158K)
[2019.12.09-05.09.23:900][546]LogTemp: Repeating last play command: 선택된 뷰포트
[2019.12.09-05.09.23:916][546]LogBlueprintUserMessages: Early PlayInEditor Detection: Level '/Game/MainMap.MainMap:PersistentLevel' has LevelScriptBlueprint '/Game/MainMap.MainMap:PersistentLevel.MainMap' with GeneratedClass '/Game/MainMap.MainMap_C' with ClassGeneratedBy '/Game/MainMap.MainMap:PersistentLevel.MainMap'
[2019.12.09-05.09.23:919][546]LogPlayLevel: PlayLevel: No blueprints needed recompiling
[2019.12.09-05.09.23:919][546]PIE: New page: PIE 세션: MainMap (2019. 12. 9. 오후 11:09:23)
[2019.12.09-05.09.23:932][546]LogPlayLevel: Creating play world package: /Game/UEDPIE_0_MainMap
[2019.12.09-05.09.23:937][546]LogPlayLevel: PIE: StaticDuplicateObject took: (0.004403s)
[2019.12.09-05.09.23:938][546]LogAIModule: Creating AISystem for world MainMap
[2019.12.09-05.09.23:938][546]LogPlayLevel: PIE: World Init took: (0.000785s)
[2019.12.09-05.09.23:938][546]LogPlayLevel: PIE: Created PIE world by copying editor world from /Game/MainMap.MainMap to /Game/UEDPIE_0_MainMap.MainMap (0.005568s)
[2019.12.09-05.09.23:961][546]LogUObjectHash: Compacting FUObjectHashTables data took   0.94ms
[2019.12.09-05.09.23:968][546]LogInit: XAudio2 using '스피커(Conexant HD Audio)' : 2 channels at 48 kHz using 32 bits per sample (channel mask 0x3)
[2019.12.09-05.09.23:976][546]LogInit: FAudioDevice initialized.
[2019.12.09-05.09.24:020][546]LogLoad: Game class is 'TankGameMode'
[2019.12.09-05.09.24:022][546]LogWorld: Bringing World /Game/UEDPIE_0_MainMap.MainMap up for play (max tick rate 0) at 2019.12.09-14.09.24
[2019.12.09-05.09.24:023][546]LogWorld: Bringing up level for play took: 0.002153
[2019.12.09-05.09.24:041][546]LogContentBrowser: Native class hierarchy updated for 'MovieSceneCapture' in 0.0004 seconds. Added 20 classes and 0 folders.
[2019.12.09-05.09.24:042][546]PIE: /Game/UEDPIE_0_MainMap 에 대한 에디터에서 플레이 시작 시간: 0.234
[2019.12.09-05.09.24:042][546]LogBlueprintUserMessages: Late PlayInEditor Detection: Level '/Game/MainMap.MainMap:PersistentLevel' has LevelScriptBlueprint '/Game/MainMap.MainMap:PersistentLevel.MainMap' with GeneratedClass '/Game/MainMap.MainMap_C' with ClassGeneratedBy '/Game/MainMap.MainMap:PersistentLevel.MainMap'
[2019.12.09-05.09.24:083][546]LogSlate: Warning: Legacy localized fallback font '../../../Engine/Content/Slate/Fonts/../../Editor/Slate/Fonts/NanumGothic.ttf' was requested. Font: '/Engine/EngineFonts/Faces/RobotoRegular.RobotoRegular', Character: '라 (U+b77c)'
Legacy localized fallback fonts were deprecated in 4.22 and will be removed in a future version!
Please update your composite fonts to use localized sub-font families: https://docs.unrealengine.com/en-US/Engine/UMG/UserGuide/Fonts/Overview
[2019.12.09-05.09.24:085][546]LogSlate: Took 0.002672 seconds to synchronously load lazily loaded font '../../../Engine/Content/Slate/Fonts/../../Editor/Slate/Fonts/NanumGothic.ttf' (4243K)
[2019.12.09-05.10.04:377][372]LogBlueprintUserMessages: Early EndPlayMap Detection: Level '/Game/MainMap.MainMap:PersistentLevel' has LevelScriptBlueprint '/Game/MainMap.MainMap:PersistentLevel.MainMap' with GeneratedClass '/Game/MainMap.MainMap_C' with ClassGeneratedBy '/Game/MainMap.MainMap:PersistentLevel.MainMap'
[2019.12.09-05.10.04:380][372]LogSlate: Updating window title bar state: overlay mode, drag disabled, window buttons hidden, title bar hidden
[2019.12.09-05.10.04:411][372]LogPlayLevel: Display: Shutting down PIE online subsystems
[2019.12.09-05.10.04:412][372]LogBlueprintUserMessages: Late EndPlayMap Detection: Level '/Game/MainMap.MainMap:PersistentLevel' has LevelScriptBlueprint '/Game/MainMap.MainMap:PersistentLevel.MainMap' with GeneratedClass '/Game/MainMap.MainMap_C' with ClassGeneratedBy '/Game/MainMap.MainMap:PersistentLevel.MainMap'
[2019.12.09-05.10.04:438][372]LogSlate: Updating window title bar state: overlay mode, drag disabled, window buttons hidden, title bar hidden
[2019.12.09-05.10.04:441][372]LogUObjectHash: Compacting FUObjectHashTables data took   1.33ms
[2019.12.09-05.10.04:499][374]LogPlayLevel: Display: Destroying online subsystem :Context_1
[2019.12.09-05.10.42:216][242]LogTemp: Repeating last play command: 선택된 뷰포트
[2019.12.09-05.10.42:232][242]LogBlueprintUserMessages: Early PlayInEditor Detection: Level '/Game/MainMap.MainMap:PersistentLevel' has LevelScriptBlueprint '/Game/MainMap.MainMap:PersistentLevel.MainMap' with GeneratedClass '/Game/MainMap.MainMap_C' with ClassGeneratedBy '/Game/MainMap.MainMap:PersistentLevel.MainMap'
[2019.12.09-05.10.42:235][242]LogPlayLevel: PlayLevel: No blueprints needed recompiling
[2019.12.09-05.10.42:235][242]PIE: New page: PIE 세션: MainMap (2019. 12. 9. 오후 11:10:42)
[2019.12.09-05.10.42:235][242]LogPlayLevel: Creating play world package: /Game/UEDPIE_0_MainMap
[2019.12.09-05.10.42:240][242]LogPlayLevel: PIE: StaticDuplicateObject took: (0.004419s)
[2019.12.09-05.10.42:241][242]LogAIModule: Creating AISystem for world MainMap
[2019.12.09-05.10.42:241][242]LogPlayLevel: PIE: World Init took: (0.000782s)
[2019.12.09-05.10.42:241][242]LogPlayLevel: PIE: Created PIE world by copying editor world from /Game/MainMap.MainMap to /Game/UEDPIE_0_MainMap.MainMap (0.006206s)
[2019.12.09-05.10.42:264][242]LogUObjectHash: Compacting FUObjectHashTables data took   0.97ms
[2019.12.09-05.10.42:271][242]LogInit: XAudio2 using '스피커(Conexant HD Audio)' : 2 channels at 48 kHz using 32 bits per sample (channel mask 0x3)
[2019.12.09-05.10.42:280][242]LogInit: FAudioDevice initialized.
[2019.12.09-05.10.42:310][242]LogLoad: Game class is 'TankGameMode'
[2019.12.09-05.10.42:311][242]LogWorld: Bringing World /Game/UEDPIE_0_MainMap.MainMap up for play (max tick rate 0) at 2019.12.09-14.10.42
[2019.12.09-05.10.42:312][242]LogWorld: Bringing up level for play took: 0.001566
[2019.12.09-05.10.42:327][242]PIE: /Game/UEDPIE_0_MainMap 에 대한 에디터에서 플레이 시작 시간: 0.519
[2019.12.09-05.10.42:327][242]LogBlueprintUserMessages: Late PlayInEditor Detection: Level '/Game/MainMap.MainMap:PersistentLevel' has LevelScriptBlueprint '/Game/MainMap.MainMap:PersistentLevel.MainMap' with GeneratedClass '/Game/MainMap.MainMap_C' with ClassGeneratedBy '/Game/MainMap.MainMap:PersistentLevel.MainMap'
[2019.12.09-05.11.19:481][397]LogBlueprintUserMessages: Early EndPlayMap Detection: Level '/Game/MainMap.MainMap:PersistentLevel' has LevelScriptBlueprint '/Game/MainMap.MainMap:PersistentLevel.MainMap' with GeneratedClass '/Game/MainMap.MainMap_C' with ClassGeneratedBy '/Game/MainMap.MainMap:PersistentLevel.MainMap'
[2019.12.09-05.11.19:484][397]LogSlate: Updating window title bar state: overlay mode, drag disabled, window buttons hidden, title bar hidden
[2019.12.09-05.11.19:516][397]LogPlayLevel: Display: Shutting down PIE online subsystems
[2019.12.09-05.11.19:516][397]LogBlueprintUserMessages: Late EndPlayMap Detection: Level '/Game/MainMap.MainMap:PersistentLevel' has LevelScriptBlueprint '/Game/MainMap.MainMap:PersistentLevel.MainMap' with GeneratedClass '/Game/MainMap.MainMap_C' with ClassGeneratedBy '/Game/MainMap.MainMap:PersistentLevel.MainMap'
[2019.12.09-05.11.19:543][397]LogSlate: Updating window title bar state: overlay mode, drag disabled, window buttons hidden, title bar hidden
[2019.12.09-05.11.19:546][397]LogUObjectHash: Compacting FUObjectHashTables data took   1.01ms
[2019.12.09-05.11.19:595][399]LogPlayLevel: Display: Destroying online subsystem :Context_2
[2019.12.09-05.11.32:851][588]LogTemp: Repeating last play command: 선택된 뷰포트
[2019.12.09-05.11.32:867][588]LogBlueprintUserMessages: Early PlayInEditor Detection: Level '/Game/MainMap.MainMap:PersistentLevel' has LevelScriptBlueprint '/Game/MainMap.MainMap:PersistentLevel.MainMap' with GeneratedClass '/Game/MainMap.MainMap_C' with ClassGeneratedBy '/Game/MainMap.MainMap:PersistentLevel.MainMap'
[2019.12.09-05.11.32:870][588]LogPlayLevel: PlayLevel: No blueprints needed recompiling
[2019.12.09-05.11.32:870][588]PIE: New page: PIE 세션: MainMap (2019. 12. 9. 오후 11:11:32)
[2019.12.09-05.11.32:870][588]LogPlayLevel: Creating play world package: /Game/UEDPIE_0_MainMap
[2019.12.09-05.11.32:874][588]LogPlayLevel: PIE: StaticDuplicateObject took: (0.003965s)
[2019.12.09-05.11.32:875][588]LogAIModule: Creating AISystem for world MainMap
[2019.12.09-05.11.32:875][588]LogPlayLevel: PIE: World Init took: (0.000613s)
[2019.12.09-05.11.32:875][588]LogPlayLevel: PIE: Created PIE world by copying editor world from /Game/MainMap.MainMap to /Game/UEDPIE_0_MainMap.MainMap (0.004891s)
[2019.12.09-05.11.32:897][588]LogUObjectHash: Compacting FUObjectHashTables data took   0.93ms
[2019.12.09-05.11.32:904][588]LogInit: XAudio2 using '스피커(Conexant HD Audio)' : 2 channels at 48 kHz using 32 bits per sample (channel mask 0x3)
[2019.12.09-05.11.32:912][588]LogInit: FAudioDevice initialized.
[2019.12.09-05.11.32:945][588]LogLoad: Game class is 'TankGameMode'
[2019.12.09-05.11.32:946][588]LogWorld: Bringing World /Game/UEDPIE_0_MainMap.MainMap up for play (max tick rate 0) at 2019.12.09-14.11.32
[2019.12.09-05.11.32:946][588]LogWorld: Bringing up level for play took: 0.001316
[2019.12.09-05.11.32:960][588]PIE: /Game/UEDPIE_0_MainMap 에 대한 에디터에서 플레이 시작 시간: -0.848
[2019.12.09-05.11.32:960][588]LogBlueprintUserMessages: Late PlayInEditor Detection: Level '/Game/MainMap.MainMap:PersistentLevel' has LevelScriptBlueprint '/Game/MainMap.MainMap:PersistentLevel.MainMap' with GeneratedClass '/Game/MainMap.MainMap_C' with ClassGeneratedBy '/Game/MainMap.MainMap:PersistentLevel.MainMap'
[2019.12.09-05.11.40:610][500]LogBlueprintUserMessages: Early EndPlayMap Detection: Level '/Game/MainMap.MainMap:PersistentLevel' has LevelScriptBlueprint '/Game/MainMap.MainMap:PersistentLevel.MainMap' with GeneratedClass '/Game/MainMap.MainMap_C' with ClassGeneratedBy '/Game/MainMap.MainMap:PersistentLevel.MainMap'
[2019.12.09-05.11.40:613][500]LogSlate: Updating window title bar state: overlay mode, drag disabled, window buttons hidden, title bar hidden
[2019.12.09-05.11.40:643][500]LogPlayLevel: Display: Shutting down PIE online subsystems
[2019.12.09-05.11.40:643][500]LogBlueprintUserMessages: Late EndPlayMap Detection: Level '/Game/MainMap.MainMap:PersistentLevel' has LevelScriptBlueprint '/Game/MainMap.MainMap:PersistentLevel.MainMap' with GeneratedClass '/Game/MainMap.MainMap_C' with ClassGeneratedBy '/Game/MainMap.MainMap:PersistentLevel.MainMap'
[2019.12.09-05.11.40:669][500]LogSlate: Updating window title bar state: overlay mode, drag disabled, window buttons hidden, title bar hidden
[2019.12.09-05.11.40:672][500]LogUObjectHash: Compacting FUObjectHashTables data took   0.98ms
[2019.12.09-05.11.40:752][502]LogPlayLevel: Display: Destroying online subsystem :Context_3
[2019.12.09-05.12.27:434][782]LogSlate: Took 0.004260 seconds to synchronously load lazily loaded font '../../../Engine/Content/Slate/Fonts/Roboto-Italic.ttf' (157K)
[2019.12.09-05.12.31:273][242]Cmd: CAMERA ALIGN ACTIVEVIEWPORTONLY
[2019.12.09-05.12.44:731][653]LogEditorViewport: Clicking on Actor (LMB): TankCharacter (TankCharacter1)
